{"contracts/core/BaseEscrow.sol":{"l":{"188":0,"189":0,"197":0,"198":0,"209":0,"210":0,"211":0,"212":0,"224":0,"225":0,"227":0,"229":0,"230":0,"231":0,"234":0,"235":0,"237":0,"238":0,"241":0,"243":0,"244":0,"245":0,"247":0,"258":0,"259":0,"260":0,"261":0,"264":0,"265":0,"266":0,"269":0,"270":0,"271":0,"274":0,"283":0,"284":0,"285":0,"293":0,"294":0,"295":0,"296":0,"306":0,"317":0,"318":0,"319":0,"327":0,"328":0,"329":0,"330":0,"340":0,"349":0,"350":0,"351":0,"352":0,"360":0,"368":0,"383":0,"384":0,"388":0,"389":0,"391":0,"392":0,"394":0,"395":0,"396":0,"398":0,"399":0,"401":0,"408":0,"409":0,"412":0,"413":0,"418":0,"419":0,"420":0,"422":0,"424":0,"425":0,"427":0,"428":0,"430":0,"432":0,"433":0,"435":0,"449":0,"450":0,"452":0,"453":0,"455":0,"456":0,"458":0,"459":0,"460":0,"461":0,"474":0,"475":0,"476":0,"477":0,"479":0,"480":0,"482":0,"483":0,"485":0,"486":0,"488":0,"489":0,"491":0,"492":0,"494":0,"497":0,"499":0,"501":0,"502":0,"504":0,"515":0,"516":0,"517":0,"518":0,"520":0,"521":0,"524":0,"527":0,"529":0,"531":0,"532":0,"534":0,"549":0,"550":0,"551":0,"552":0,"560":0,"561":0,"562":0,"563":0,"564":0,"571":0,"572":0,"573":0,"574":0,"575":0,"576":0,"587":0,"588":0,"589":0,"590":0,"592":0,"593":0,"597":0,"598":0,"600":0,"601":0,"604":0,"609":0,"612":0,"614":0,"615":0,"627":0,"628":0,"629":0,"630":0,"632":0,"633":0,"637":0,"638":0,"639":0,"640":0,"641":0,"642":0,"645":0,"646":0,"647":0,"648":0,"649":0,"652":0,"653":0,"657":0,"658":0,"659":0,"662":0,"663":0,"664":0,"665":0,"666":0,"679":0,"680":0,"681":0,"682":0,"684":0,"685":0,"688":0,"689":0,"691":0,"692":0,"696":0,"697":0,"698":0,"699":0,"702":0,"703":0,"714":0,"717":0,"718":0,"719":0,"720":0,"721":0,"722":0,"726":0,"729":0,"730":0,"731":0,"735":0,"736":0,"737":0,"738":0,"740":0,"753":0,"754":0,"755":0,"756":0,"758":0,"759":0,"762":0,"763":0,"765":0,"766":0,"770":0,"771":0,"772":0,"773":0,"776":0,"777":0,"788":0,"791":0,"792":0,"793":0,"794":0,"795":0,"796":0,"797":0,"798":0,"802":0,"805":0,"806":0,"807":0,"811":0,"812":0,"813":0,"814":0,"816":0,"824":0,"827":0,"830":0,"831":0,"839":0,"844":0,"845":0,"853":0,"874":0,"901":0,"902":0,"905":0,"906":0,"907":0,"908":0,"910":0,"912":0,"925":0,"926":0,"927":0,"928":0,"932":0,"933":0,"935":0,"936":0,"937":0,"941":0,"942":0,"943":0,"944":0,"945":0,"948":0,"949":0,"952":0,"953":0,"954":0,"956":0,"958":0,"982":0,"983":0,"985":0,"991":0,"1028":0,"1029":0,"1032":0,"1033":0,"1035":0,"1036":0,"1038":0,"1039":0,"1043":0,"1044":0,"1045":0,"1049":0,"1050":0,"1052":0,"1053":0,"1057":0,"1058":0,"1063":0,"1066":0,"1068":0,"1069":0,"1070":0,"1072":0,"1076":0,"1077":0,"1078":0,"1079":0,"1083":0,"1086":0,"1087":0,"1088":0,"1091":0,"1092":0,"1101":0,"1102":0,"1112":0,"1113":0,"1114":0,"1115":0,"1125":0,"1126":0,"1127":0,"1128":0,"1138":0,"1139":0,"1140":0,"1141":0,"1152":0,"1161":0,"1171":0,"1174":0,"1175":0,"1178":0,"1179":0,"1181":0,"1185":0,"1187":0,"1195":0,"1204":0,"1206":0,"1209":0,"1210":0,"1214":0,"1215":0,"1219":0,"1222":0,"1231":0,"1232":0,"1247":0,"1248":0,"1258":0,"1259":0,"1283":0,"1286":0,"1287":0,"1288":0,"1289":0,"1291":0,"1293":0,"1294":0,"1297":0,"1298":0,"1302":0,"1304":0,"1305":0,"1328":0,"1331":0,"1332":0,"1333":0,"1334":0,"1336":0,"1338":0,"1339":0,"1342":0,"1343":0,"1347":0,"1349":0,"1350":0,"1351":0,"1356":0,"1357":0,"1432":0,"1435":0,"1436":0,"1437":0,"1438":0,"1440":0,"1469":0,"1470":0,"1471":0,"1481":0,"1482":0,"1491":0,"1500":0,"1517":0,"1518":0,"1520":0,"1521":0,"1522":0,"1533":0,"1534":0,"1535":0,"1545":0,"1546":0,"1547":0,"1548":0,"1551":0,"1563":0,"1582":0,"1583":0,"1584":0,"1585":0,"1586":0,"1590":0,"1591":0,"1594":0,"1596":0,"1598":0,"1600":0,"1601":0,"1602":0,"1604":0,"1605":0,"1606":0,"1607":0,"1608":0,"1611":0,"1612":0,"1613":0,"1617":0,"1618":0,"1620":0,"1621":0,"1622":0,"1623":0,"1629":0,"1630":0,"1634":0,"1635":0,"1636":0,"1640":0,"1641":0,"1645":0,"1648":0,"1649":0,"1652":0,"1665":0,"1666":0,"1667":0,"1668":0,"1682":0,"1683":0,"1688":0,"1689":0,"1690":0},"path":"/home/user/Code/hardhat-deploy-hybrid/contracts/core/BaseEscrow.sol","s":{"1":0,"2":0,"3":0,"4":0,"5":0,"6":0,"7":0,"8":0,"9":0,"10":0,"11":0,"12":0,"13":0,"14":0,"15":0,"16":0,"17":0,"18":0,"19":0,"20":0,"21":0,"22":0,"23":0,"24":0,"25":0,"26":0,"27":0,"28":0,"29":0,"30":0,"31":0,"32":0,"33":0,"34":0,"35":0,"36":0,"37":0,"38":0,"39":0,"40":0,"41":0,"42":0,"43":0,"44":0,"45":0,"46":0,"47":0,"48":0,"49":0,"50":0,"51":0,"52":0,"53":0,"54":0,"55":0,"56":0,"57":0,"58":0,"59":0,"60":0,"61":0,"62":0,"63":0,"64":0,"65":0,"66":0,"67":0,"68":0,"69":0,"70":0,"71":0,"72":0,"73":0,"74":0,"75":0,"76":0,"77":0,"78":0,"79":0,"80":0,"81":0,"82":0,"83":0,"84":0,"85":0,"86":0,"87":0,"88":0,"89":0,"90":0,"91":0,"92":0,"93":0,"94":0,"95":0,"96":0,"97":0,"98":0,"99":0,"100":0,"101":0,"102":0,"103":0,"104":0,"105":0,"106":0,"107":0,"108":0,"109":0,"110":0,"111":0,"112":0,"113":0,"114":0,"115":0,"116":0,"117":0,"118":0,"119":0,"120":0,"121":0,"122":0,"123":0,"124":0,"125":0,"126":0,"127":0,"128":0,"129":0,"130":0,"131":0,"132":0,"133":0,"134":0,"135":0,"136":0,"137":0,"138":0,"139":0,"140":0,"141":0,"142":0,"143":0,"144":0,"145":0,"146":0,"147":0,"148":0,"149":0,"150":0,"151":0,"152":0,"153":0,"154":0,"155":0,"156":0,"157":0,"158":0,"159":0,"160":0,"161":0,"162":0,"163":0,"164":0,"165":0,"166":0,"167":0,"168":0,"169":0,"170":0,"171":0,"172":0,"173":0,"174":0,"175":0,"176":0,"177":0,"178":0,"179":0,"180":0,"181":0,"182":0,"183":0,"184":0,"185":0,"186":0,"187":0,"188":0,"189":0,"190":0,"191":0,"192":0,"193":0,"194":0,"195":0,"196":0,"197":0,"198":0,"199":0,"200":0,"201":0,"202":0,"203":0,"204":0,"205":0,"206":0,"207":0,"208":0,"209":0,"210":0,"211":0,"212":0,"213":0,"214":0,"215":0,"216":0,"217":0,"218":0,"219":0,"220":0,"221":0,"222":0,"223":0,"224":0,"225":0,"226":0,"227":0,"228":0,"229":0,"230":0,"231":0,"232":0,"233":0,"234":0,"235":0,"236":0,"237":0,"238":0,"239":0,"240":0,"241":0,"242":0,"243":0,"244":0,"245":0,"246":0,"247":0,"248":0,"249":0,"250":0,"251":0,"252":0,"253":0,"254":0,"255":0,"256":0,"257":0,"258":0,"259":0,"260":0,"261":0,"262":0,"263":0,"264":0,"265":0,"266":0,"267":0,"268":0,"269":0,"270":0,"271":0,"272":0,"273":0,"274":0,"275":0,"276":0,"277":0,"278":0,"279":0,"280":0,"281":0,"282":0,"283":0,"284":0,"285":0,"286":0,"287":0,"288":0,"289":0,"290":0,"291":0,"292":0,"293":0,"294":0,"295":0,"296":0,"297":0,"298":0,"299":0,"300":0,"301":0,"302":0,"303":0,"304":0,"305":0,"306":0,"307":0,"308":0,"309":0,"310":0,"311":0,"312":0,"313":0,"314":0,"315":0,"316":0,"317":0,"318":0,"319":0,"320":0,"321":0,"322":0,"323":0,"324":0,"325":0,"326":0,"327":0,"328":0,"329":0,"330":0,"331":0,"332":0,"333":0,"334":0,"335":0,"336":0,"337":0,"338":0,"339":0,"340":0,"341":0,"342":0,"343":0,"344":0,"345":0,"346":0,"347":0,"348":0,"349":0,"350":0,"351":0,"352":0,"353":0,"354":0,"355":0,"356":0,"357":0,"358":0,"359":0,"360":0,"361":0,"362":0,"363":0,"364":0,"365":0,"366":0,"367":0},"b":{"1":[0,0],"2":[0,0],"3":[0,0],"4":[0,0],"5":[0,0],"6":[0,0],"7":[0,0],"8":[0,0],"9":[0,0],"10":[0,0],"11":[0,0],"12":[0,0],"13":[0,0],"14":[0,0],"15":[0,0],"16":[0,0],"17":[0,0],"18":[0,0],"19":[0,0],"20":[0,0],"21":[0,0],"22":[0,0],"23":[0,0],"24":[0,0],"25":[0,0],"26":[0,0],"27":[0,0],"28":[0,0],"29":[0,0],"30":[0,0],"31":[0,0],"32":[0,0],"33":[0,0],"34":[0,0],"35":[0,0],"36":[0,0],"37":[0,0],"38":[0,0],"39":[0,0],"40":[0,0],"41":[0,0],"42":[0,0],"43":[0,0],"44":[0,0],"45":[0,0],"46":[0,0],"47":[0,0],"48":[0,0],"49":[0,0],"50":[0,0],"51":[0,0],"52":[0,0],"53":[0,0],"54":[0,0],"55":[0,0],"56":[0,0],"57":[0,0],"58":[0,0],"59":[0,0],"60":[0,0],"61":[0,0],"62":[0,0],"63":[0,0],"64":[0,0],"65":[0,0],"66":[0,0],"67":[0,0],"68":[0,0],"69":[0,0],"70":[0,0],"71":[0,0],"72":[0,0],"73":[0,0],"74":[0,0],"75":[0,0],"76":[0,0],"77":[0,0],"78":[0,0],"79":[0,0],"80":[0,0],"81":[0,0],"82":[0,0],"83":[0,0],"84":[0,0],"85":[0,0],"86":[0,0],"87":[0,0],"88":[0,0],"89":[0,0],"90":[0,0],"91":[0,0],"92":[0,0],"93":[0,0],"94":[0,0],"95":[0,0],"96":[0,0],"97":[0,0],"98":[0,0],"99":[0,0],"100":[0,0],"101":[0,0],"102":[0,0],"103":[0,0],"104":[0,0],"105":[0,0],"106":[0,0],"107":[0,0],"108":[0,0],"109":[0,0],"110":[0,0],"111":[0,0],"112":[0,0],"113":[0,0],"114":[0,0],"115":[0,0]},"f":{"1":0,"2":0,"3":0,"4":0,"5":0,"6":0,"7":0,"8":0,"9":0,"10":0,"11":0,"12":0,"13":0,"14":0,"15":0,"16":0,"17":0,"18":0,"19":0,"20":0,"21":0,"22":0,"23":0,"24":0,"25":0,"26":0,"27":0,"28":0,"29":0,"30":0,"31":0,"32":0,"33":0,"34":0,"35":0,"36":0,"37":0,"38":0,"39":0,"40":0,"41":0,"42":0,"43":0,"44":0,"45":0,"46":0,"47":0,"48":0,"49":0,"50":0,"51":0,"52":0,"53":0,"54":0,"55":0,"56":0,"57":0,"58":0},"fnMap":{"1":{"name":"setDefaultAutoCancelTime","line":187,"loc":{"start":{"line":187,"column":4},"end":{"line":190,"column":4}}},"2":{"name":"setDefaultAutoReleaseTime","line":196,"loc":{"start":{"line":196,"column":4},"end":{"line":199,"column":4}}},"3":{"name":"setMaxDisputeDuration","line":208,"loc":{"start":{"line":208,"column":4},"end":{"line":213,"column":4}}},"4":{"name":"autoCancelDisputedEscrow","line":223,"loc":{"start":{"line":223,"column":4},"end":{"line":248,"column":4}}},"5":{"name":"isDisputeTimedOut","line":257,"loc":{"start":{"line":257,"column":4},"end":{"line":275,"column":4}}},"6":{"name":"queueEscrowFeeAddress","line":282,"loc":{"start":{"line":282,"column":4},"end":{"line":286,"column":4}}},"7":{"name":"activateEscrowFeeAddress","line":292,"loc":{"start":{"line":292,"column":4},"end":{"line":297,"column":4}}},"8":{"name":"getPendingFeeRecipient","line":305,"loc":{"start":{"line":305,"column":4},"end":{"line":307,"column":4}}},"9":{"name":"queueEscrowFee","line":314,"loc":{"start":{"line":314,"column":4},"end":{"line":320,"column":4}}},"10":{"name":"activateEscrowFee","line":326,"loc":{"start":{"line":326,"column":4},"end":{"line":331,"column":4}}},"11":{"name":"getPendingEscrowFee","line":339,"loc":{"start":{"line":339,"column":4},"end":{"line":341,"column":4}}},"12":{"name":"setMaxAttachments","line":348,"loc":{"start":{"line":348,"column":4},"end":{"line":353,"column":4}}},"13":{"name":"pause","line":359,"loc":{"start":{"line":359,"column":4},"end":{"line":361,"column":4}}},"14":{"name":"unpause","line":367,"loc":{"start":{"line":367,"column":4},"end":{"line":369,"column":4}}},"15":{"name":"automateTimedActions","line":381,"loc":{"start":{"line":381,"column":4},"end":{"line":402,"column":4}}},"16":{"name":"_automateSingleTimedAction","line":407,"loc":{"start":{"line":407,"column":4},"end":{"line":436,"column":4}}},"17":{"name":"addAttachment","line":448,"loc":{"start":{"line":448,"column":4},"end":{"line":462,"column":4}}},"18":{"name":"recipientCancel","line":473,"loc":{"start":{"line":473,"column":4},"end":{"line":505,"column":4}}},"19":{"name":"senderCancel","line":514,"loc":{"start":{"line":514,"column":4},"end":{"line":535,"column":4}}},"20":{"name":"setResolutionModuleDelay","line":548,"loc":{"start":{"line":548,"column":4},"end":{"line":553,"column":4}}},"21":{"name":"proposeResolutionModule","line":559,"loc":{"start":{"line":559,"column":4},"end":{"line":565,"column":4}}},"22":{"name":"activateResolutionModule","line":570,"loc":{"start":{"line":570,"column":4},"end":{"line":577,"column":4}}},"23":{"name":"cancelAsDisputeResolver","line":586,"loc":{"start":{"line":586,"column":4},"end":{"line":616,"column":4}}},"24":{"name":"releaseAsDisputeResolver","line":626,"loc":{"start":{"line":626,"column":4},"end":{"line":667,"column":4}}},"25":{"name":"partialReleaseAsDisputeResolver","line":678,"loc":{"start":{"line":678,"column":4},"end":{"line":741,"column":4}}},"26":{"name":"partialCancelAsDisputeResolver","line":752,"loc":{"start":{"line":752,"column":4},"end":{"line":817,"column":4}}},"27":{"name":"_isAuthorizedDisputeResolver","line":823,"loc":{"start":{"line":823,"column":4},"end":{"line":854,"column":4}}},"28":{"name":"_encodeResolutionData","line":867,"loc":{"start":{"line":867,"column":4},"end":{"line":875,"column":4}}},"29":{"name":"_getDisputeResolverForNewEscrow","line":892,"loc":{"start":{"line":892,"column":4},"end":{"line":914,"column":4}}},"30":{"name":"raiseDispute","line":924,"loc":{"start":{"line":924,"column":4},"end":{"line":959,"column":4}}},"31":{"name":"_recordResolutionOutcome","line":977,"loc":{"start":{"line":977,"column":4},"end":{"line":992,"column":4}}},"32":{"name":"escalateDispute","line":1023,"loc":{"start":{"line":1023,"column":4},"end":{"line":1093,"column":4}}},"33":{"name":"_validateWorkflowId","line":1100,"loc":{"start":{"line":1100,"column":4},"end":{"line":1104,"column":4}}},"34":{"name":"_requirePending","line":1111,"loc":{"start":{"line":1111,"column":4},"end":{"line":1117,"column":4}}},"35":{"name":"_requireDispute","line":1124,"loc":{"start":{"line":1124,"column":4},"end":{"line":1130,"column":4}}},"36":{"name":"_requireParticipant","line":1137,"loc":{"start":{"line":1137,"column":4},"end":{"line":1143,"column":4}}},"37":{"name":"_validateAutoTime","line":1151,"loc":{"start":{"line":1151,"column":4},"end":{"line":1153,"column":4}}},"38":{"name":"_validateEscrowSettings","line":1160,"loc":{"start":{"line":1160,"column":4},"end":{"line":1162,"column":4}}},"39":{"name":"_applyEscrowSettings","line":1170,"loc":{"start":{"line":1170,"column":4},"end":{"line":1188,"column":4}}},"40":{"name":"_getDefaultSettings","line":1194,"loc":{"start":{"line":1194,"column":4},"end":{"line":1196,"column":4}}},"41":{"name":"updateEscrowSettings","line":1203,"loc":{"start":{"line":1203,"column":4},"end":{"line":1223,"column":4}}},"42":{"name":"getEscrowSettings","line":1230,"loc":{"start":{"line":1230,"column":4},"end":{"line":1233,"column":4}}},"43":{"name":"getTotalDeposited","line":1246,"loc":{"start":{"line":1246,"column":4},"end":{"line":1249,"column":4}}},"44":{"name":"getRemainingBalance","line":1257,"loc":{"start":{"line":1257,"column":4},"end":{"line":1260,"column":4}}},"45":{"name":"_cancelAndRefund","line":1282,"loc":{"start":{"line":1282,"column":4},"end":{"line":1306,"column":4}}},"46":{"name":"_releaseEscrowTransfer","line":1327,"loc":{"start":{"line":1327,"column":4},"end":{"line":1358,"column":4}}},"47":{"name":"_snapshotModulesForEscrow","line":1425,"loc":{"start":{"line":1425,"column":4},"end":{"line":1447,"column":4}}},"48":{"name":"getAttachments","line":1468,"loc":{"start":{"line":1468,"column":4},"end":{"line":1472,"column":4}}},"49":{"name":"getEscrowTransfer","line":1480,"loc":{"start":{"line":1480,"column":4},"end":{"line":1483,"column":4}}},"50":{"name":"getEscrowCount","line":1490,"loc":{"start":{"line":1490,"column":4},"end":{"line":1492,"column":4}}},"51":{"name":"getNextWorkflowId","line":1499,"loc":{"start":{"line":1499,"column":4},"end":{"line":1501,"column":4}}},"52":{"name":"getEscrowStatusInfo","line":1512,"loc":{"start":{"line":1512,"column":4},"end":{"line":1523,"column":4}}},"53":{"name":"getEscrowParticipants","line":1532,"loc":{"start":{"line":1532,"column":4},"end":{"line":1536,"column":4}}},"54":{"name":"getTotalEscrowsByStatus","line":1544,"loc":{"start":{"line":1544,"column":4},"end":{"line":1552,"column":4}}},"55":{"name":"supportsInterface","line":1562,"loc":{"start":{"line":1562,"column":4},"end":{"line":1564,"column":4}}},"56":{"name":"resolve","line":1581,"loc":{"start":{"line":1577,"column":4},"end":{"line":1653,"column":4}}},"57":{"name":"recoverNativeETH","line":1664,"loc":{"start":{"line":1664,"column":4},"end":{"line":1669,"column":4}}},"58":{"name":"recoverERC20","line":1681,"loc":{"start":{"line":1681,"column":4},"end":{"line":1691,"column":4}}}},"statementMap":{"1":{"start":{"line":188,"column":8},"end":{"line":188,"column":57}},"2":{"start":{"line":197,"column":8},"end":{"line":197,"column":58}},"3":{"start":{"line":209,"column":8},"end":{"line":209,"column":47}},"4":{"start":{"line":210,"column":8},"end":{"line":210,"column":48}},"5":{"start":{"line":212,"column":8},"end":{"line":212,"column":48}},"6":{"start":{"line":224,"column":8},"end":{"line":224,"column":38}},"7":{"start":{"line":225,"column":8},"end":{"line":225,"column":63}},"8":{"start":{"line":227,"column":8},"end":{"line":227,"column":72}},"9":{"start":{"line":229,"column":8},"end":{"line":229,"column":69}},"10":{"start":{"line":230,"column":8},"end":{"line":230,"column":65}},"11":{"start":{"line":231,"column":8},"end":{"line":231,"column":93}},"12":{"start":{"line":234,"column":8},"end":{"line":234,"column":30}},"13":{"start":{"line":235,"column":8},"end":{"line":235,"column":50}},"14":{"start":{"line":237,"column":8},"end":{"line":237,"column":35}},"15":{"start":{"line":243,"column":8},"end":{"line":243,"column":87}},"16":{"start":{"line":244,"column":8},"end":{"line":244,"column":100}},"17":{"start":{"line":245,"column":8},"end":{"line":245,"column":76}},"18":{"start":{"line":247,"column":8},"end":{"line":247,"column":19}},"19":{"start":{"line":258,"column":8},"end":{"line":258,"column":38}},"20":{"start":{"line":259,"column":8},"end":{"line":259,"column":63}},"21":{"start":{"line":260,"column":8},"end":{"line":260,"column":13944}},"22":{"start":{"line":261,"column":12},"end":{"line":261,"column":29}},"23":{"start":{"line":264,"column":8},"end":{"line":264,"column":69}},"24":{"start":{"line":265,"column":8},"end":{"line":265,"column":14119}},"25":{"start":{"line":266,"column":12},"end":{"line":266,"column":29}},"26":{"start":{"line":269,"column":8},"end":{"line":269,"column":60}},"27":{"start":{"line":270,"column":8},"end":{"line":270,"column":14268}},"28":{"start":{"line":271,"column":12},"end":{"line":271,"column":28}},"29":{"start":{"line":274,"column":8},"end":{"line":274,"column":52}},"30":{"start":{"line":283,"column":8},"end":{"line":283,"column":74}},"31":{"start":{"line":284,"column":8},"end":{"line":284,"column":54}},"32":{"start":{"line":285,"column":8},"end":{"line":285,"column":91}},"33":{"start":{"line":293,"column":8},"end":{"line":293,"column":45}},"34":{"start":{"line":295,"column":8},"end":{"line":295,"column":68}},"35":{"start":{"line":296,"column":8},"end":{"line":296,"column":66}},"36":{"start":{"line":306,"column":8},"end":{"line":306,"column":56}},"37":{"start":{"line":317,"column":8},"end":{"line":317,"column":55}},"38":{"start":{"line":318,"column":8},"end":{"line":318,"column":44}},"39":{"start":{"line":319,"column":8},"end":{"line":319,"column":70}},"40":{"start":{"line":327,"column":8},"end":{"line":327,"column":34}},"41":{"start":{"line":329,"column":8},"end":{"line":329,"column":50}},"42":{"start":{"line":330,"column":8},"end":{"line":330,"column":48}},"43":{"start":{"line":340,"column":8},"end":{"line":340,"column":50}},"44":{"start":{"line":349,"column":8},"end":{"line":349,"column":63}},"45":{"start":{"line":350,"column":8},"end":{"line":350,"column":39}},"46":{"start":{"line":352,"column":8},"end":{"line":352,"column":50}},"47":{"start":{"line":360,"column":8},"end":{"line":360,"column":15}},"48":{"start":{"line":368,"column":8},"end":{"line":368,"column":17}},"49":{"start":{"line":383,"column":8},"end":{"line":383,"column":19039}},"50":{"start":{"line":384,"column":12},"end":{"line":384,"column":64}},"51":{"start":{"line":388,"column":8},"end":{"line":388,"column":19178}},"52":{"start":{"line":391,"column":8},"end":{"line":391,"column":19268}},"53":{"start":{"line":394,"column":8},"end":{"line":394,"column":52}},"54":{"start":{"line":395,"column":8},"end":{"line":395,"column":19449}},"55":{"start":{"line":398,"column":8},"end":{"line":398,"column":19568}},"56":{"start":{"line":399,"column":12},"end":{"line":399,"column":40}},"57":{"start":{"line":401,"column":8},"end":{"line":401,"column":19}},"58":{"start":{"line":408,"column":8},"end":{"line":408,"column":38}},"59":{"start":{"line":409,"column":8},"end":{"line":409,"column":63}},"60":{"start":{"line":412,"column":8},"end":{"line":412,"column":20044}},"61":{"start":{"line":413,"column":12},"end":{"line":413,"column":24}},"62":{"start":{"line":418,"column":8},"end":{"line":418,"column":20294}},"63":{"start":{"line":419,"column":12},"end":{"line":419,"column":30}},"64":{"start":{"line":420,"column":12},"end":{"line":420,"column":45}},"65":{"start":{"line":422,"column":12},"end":{"line":422,"column":47}},"66":{"start":{"line":424,"column":12},"end":{"line":424,"column":62}},"67":{"start":{"line":425,"column":12},"end":{"line":425,"column":23}},"68":{"start":{"line":426,"column":15},"end":{"line":426,"column":20765}},"69":{"start":{"line":427,"column":12},"end":{"line":427,"column":34}},"70":{"start":{"line":428,"column":12},"end":{"line":428,"column":39}},"71":{"start":{"line":430,"column":12},"end":{"line":430,"column":47}},"72":{"start":{"line":432,"column":12},"end":{"line":432,"column":65}},"73":{"start":{"line":433,"column":12},"end":{"line":433,"column":23}},"74":{"start":{"line":435,"column":8},"end":{"line":435,"column":20}},"75":{"start":{"line":449,"column":8},"end":{"line":449,"column":38}},"76":{"start":{"line":450,"column":8},"end":{"line":450,"column":63}},"77":{"start":{"line":452,"column":8},"end":{"line":452,"column":22062}},"78":{"start":{"line":455,"column":8},"end":{"line":455,"column":22213}},"79":{"start":{"line":458,"column":8},"end":{"line":458,"column":34}},"80":{"start":{"line":459,"column":8},"end":{"line":459,"column":37}},"81":{"start":{"line":460,"column":8},"end":{"line":460,"column":51}},"82":{"start":{"line":461,"column":8},"end":{"line":461,"column":19}},"83":{"start":{"line":474,"column":8},"end":{"line":474,"column":38}},"84":{"start":{"line":475,"column":8},"end":{"line":475,"column":63}},"85":{"start":{"line":476,"column":8},"end":{"line":476,"column":23203}},"86":{"start":{"line":479,"column":8},"end":{"line":479,"column":23316}},"87":{"start":{"line":482,"column":8},"end":{"line":482,"column":23436}},"88":{"start":{"line":485,"column":8},"end":{"line":485,"column":23568}},"89":{"start":{"line":488,"column":8},"end":{"line":488,"column":23687}},"90":{"start":{"line":491,"column":8},"end":{"line":491,"column":23806}},"91":{"start":{"line":497,"column":8},"end":{"line":497,"column":54}},"92":{"start":{"line":499,"column":8},"end":{"line":499,"column":24103}},"93":{"start":{"line":501,"column":12},"end":{"line":501,"column":58}},"94":{"start":{"line":502,"column":12},"end":{"line":502,"column":39}},"95":{"start":{"line":504,"column":8},"end":{"line":504,"column":19}},"96":{"start":{"line":515,"column":8},"end":{"line":515,"column":38}},"97":{"start":{"line":516,"column":8},"end":{"line":516,"column":63}},"98":{"start":{"line":517,"column":8},"end":{"line":517,"column":24952}},"99":{"start":{"line":520,"column":8},"end":{"line":520,"column":25066}},"100":{"start":{"line":527,"column":8},"end":{"line":527,"column":54}},"101":{"start":{"line":529,"column":8},"end":{"line":529,"column":25382}},"102":{"start":{"line":531,"column":12},"end":{"line":531,"column":58}},"103":{"start":{"line":532,"column":12},"end":{"line":532,"column":39}},"104":{"start":{"line":534,"column":8},"end":{"line":534,"column":19}},"105":{"start":{"line":549,"column":8},"end":{"line":549,"column":66}},"106":{"start":{"line":550,"column":8},"end":{"line":550,"column":55}},"107":{"start":{"line":552,"column":8},"end":{"line":552,"column":61}},"108":{"start":{"line":560,"column":8},"end":{"line":560,"column":81}},"109":{"start":{"line":561,"column":8},"end":{"line":561,"column":94}},"110":{"start":{"line":564,"column":8},"end":{"line":564,"column":53}},"111":{"start":{"line":571,"column":8},"end":{"line":571,"column":114}},"112":{"start":{"line":572,"column":8},"end":{"line":572,"column":51}},"113":{"start":{"line":576,"column":8},"end":{"line":576,"column":74}},"114":{"start":{"line":587,"column":8},"end":{"line":587,"column":38}},"115":{"start":{"line":588,"column":8},"end":{"line":588,"column":63}},"116":{"start":{"line":589,"column":8},"end":{"line":589,"column":28404}},"117":{"start":{"line":592,"column":8},"end":{"line":592,"column":28561}},"118":{"start":{"line":597,"column":8},"end":{"line":597,"column":46}},"119":{"start":{"line":598,"column":8},"end":{"line":598,"column":50}},"120":{"start":{"line":600,"column":8},"end":{"line":600,"column":35}},"121":{"start":{"line":604,"column":8},"end":{"line":604,"column":76}},"122":{"start":{"line":609,"column":8},"end":{"line":609,"column":64}},"123":{"start":{"line":614,"column":8},"end":{"line":614,"column":79}},"124":{"start":{"line":615,"column":8},"end":{"line":615,"column":19}},"125":{"start":{"line":627,"column":8},"end":{"line":627,"column":38}},"126":{"start":{"line":628,"column":8},"end":{"line":628,"column":63}},"127":{"start":{"line":629,"column":8},"end":{"line":629,"column":30320}},"128":{"start":{"line":632,"column":8},"end":{"line":632,"column":30477}},"129":{"start":{"line":637,"column":8},"end":{"line":637,"column":46}},"130":{"start":{"line":638,"column":8},"end":{"line":638,"column":44}},"131":{"start":{"line":639,"column":8},"end":{"line":639,"column":32}},"132":{"start":{"line":640,"column":8},"end":{"line":640,"column":26}},"133":{"start":{"line":641,"column":8},"end":{"line":641,"column":30}},"134":{"start":{"line":642,"column":8},"end":{"line":642,"column":56}},"135":{"start":{"line":647,"column":8},"end":{"line":647,"column":49}},"136":{"start":{"line":649,"column":8},"end":{"line":649,"column":76}},"137":{"start":{"line":652,"column":8},"end":{"line":652,"column":80}},"138":{"start":{"line":653,"column":8},"end":{"line":653,"column":31365}},"139":{"start":{"line":657,"column":8},"end":{"line":657,"column":31505}},"140":{"start":{"line":658,"column":12},"end":{"line":658,"column":89}},"141":{"start":{"line":659,"column":12},"end":{"line":659,"column":85}},"142":{"start":{"line":662,"column":8},"end":{"line":662,"column":41}},"143":{"start":{"line":663,"column":8},"end":{"line":663,"column":63}},"144":{"start":{"line":665,"column":8},"end":{"line":665,"column":79}},"145":{"start":{"line":666,"column":8},"end":{"line":666,"column":19}},"146":{"start":{"line":679,"column":8},"end":{"line":679,"column":38}},"147":{"start":{"line":680,"column":8},"end":{"line":680,"column":63}},"148":{"start":{"line":681,"column":8},"end":{"line":681,"column":32791}},"149":{"start":{"line":684,"column":8},"end":{"line":684,"column":32948}},"150":{"start":{"line":688,"column":8},"end":{"line":688,"column":33081}},"151":{"start":{"line":691,"column":8},"end":{"line":691,"column":33188}},"152":{"start":{"line":696,"column":8},"end":{"line":696,"column":33}},"153":{"start":{"line":697,"column":8},"end":{"line":697,"column":30}},"154":{"start":{"line":698,"column":8},"end":{"line":698,"column":50}},"155":{"start":{"line":699,"column":8},"end":{"line":699,"column":32}},"156":{"start":{"line":702,"column":8},"end":{"line":702,"column":80}},"157":{"start":{"line":703,"column":8},"end":{"line":703,"column":33664}},"158":{"start":{"line":714,"column":8},"end":{"line":714,"column":113}},"159":{"start":{"line":719,"column":8},"end":{"line":719,"column":34302}},"160":{"start":{"line":726,"column":8},"end":{"line":726,"column":49}},"161":{"start":{"line":729,"column":8},"end":{"line":729,"column":34624}},"162":{"start":{"line":730,"column":12},"end":{"line":730,"column":89}},"163":{"start":{"line":731,"column":12},"end":{"line":731,"column":104}},"164":{"start":{"line":735,"column":8},"end":{"line":735,"column":48}},"165":{"start":{"line":736,"column":8},"end":{"line":736,"column":90}},"166":{"start":{"line":737,"column":8},"end":{"line":737,"column":35055}},"167":{"start":{"line":738,"column":12},"end":{"line":738,"column":84}},"168":{"start":{"line":740,"column":8},"end":{"line":740,"column":19}},"169":{"start":{"line":753,"column":8},"end":{"line":753,"column":38}},"170":{"start":{"line":754,"column":8},"end":{"line":754,"column":63}},"171":{"start":{"line":755,"column":8},"end":{"line":755,"column":36007}},"172":{"start":{"line":758,"column":8},"end":{"line":758,"column":36164}},"173":{"start":{"line":762,"column":8},"end":{"line":762,"column":36297}},"174":{"start":{"line":765,"column":8},"end":{"line":765,"column":36404}},"175":{"start":{"line":770,"column":8},"end":{"line":770,"column":34}},"176":{"start":{"line":771,"column":8},"end":{"line":771,"column":26}},"177":{"start":{"line":772,"column":8},"end":{"line":772,"column":50}},"178":{"start":{"line":773,"column":8},"end":{"line":773,"column":32}},"179":{"start":{"line":776,"column":8},"end":{"line":776,"column":80}},"180":{"start":{"line":777,"column":8},"end":{"line":777,"column":36877}},"181":{"start":{"line":788,"column":8},"end":{"line":788,"column":113}},"182":{"start":{"line":793,"column":8},"end":{"line":793,"column":37515}},"183":{"start":{"line":794,"column":12},"end":{"line":794,"column":50}},"184":{"start":{"line":797,"column":12},"end":{"line":797,"column":80}},"185":{"start":{"line":802,"column":8},"end":{"line":802,"column":49}},"186":{"start":{"line":805,"column":8},"end":{"line":805,"column":37971}},"187":{"start":{"line":806,"column":12},"end":{"line":806,"column":89}},"188":{"start":{"line":807,"column":12},"end":{"line":807,"column":104}},"189":{"start":{"line":811,"column":8},"end":{"line":811,"column":47}},"190":{"start":{"line":812,"column":8},"end":{"line":812,"column":86}},"191":{"start":{"line":813,"column":8},"end":{"line":813,"column":38397}},"192":{"start":{"line":814,"column":12},"end":{"line":814,"column":81}},"193":{"start":{"line":816,"column":8},"end":{"line":816,"column":19}},"194":{"start":{"line":824,"column":8},"end":{"line":824,"column":63}},"195":{"start":{"line":827,"column":8},"end":{"line":827,"column":60}},"196":{"start":{"line":830,"column":8},"end":{"line":830,"column":39198}},"197":{"start":{"line":831,"column":12},"end":{"line":831,"column":39251}},"198":{"start":{"line":839,"column":12},"end":{"line":839,"column":39484}},"199":{"start":{"line":844,"column":16},"end":{"line":844,"column":39719}},"200":{"start":{"line":845,"column":20},"end":{"line":845,"column":31}},"201":{"start":{"line":853,"column":8},"end":{"line":853,"column":52}},"202":{"start":{"line":874,"column":8},"end":{"line":874,"column":102}},"203":{"start":{"line":901,"column":8},"end":{"line":901,"column":42070}},"204":{"start":{"line":905,"column":8},"end":{"line":905,"column":96}},"205":{"start":{"line":906,"column":8},"end":{"line":906,"column":42284}},"206":{"start":{"line":907,"column":12},"end":{"line":907,"column":42455}},"207":{"start":{"line":910,"column":12},"end":{"line":910,"column":34}},"208":{"start":{"line":925,"column":8},"end":{"line":925,"column":38}},"209":{"start":{"line":926,"column":8},"end":{"line":926,"column":63}},"210":{"start":{"line":927,"column":8},"end":{"line":927,"column":43375}},"211":{"start":{"line":932,"column":8},"end":{"line":932,"column":46}},"212":{"start":{"line":933,"column":8},"end":{"line":933,"column":52}},"213":{"start":{"line":935,"column":8},"end":{"line":935,"column":49}},"214":{"start":{"line":936,"column":8},"end":{"line":936,"column":43746}},"215":{"start":{"line":941,"column":8},"end":{"line":941,"column":76}},"216":{"start":{"line":943,"column":8},"end":{"line":943,"column":76}},"217":{"start":{"line":944,"column":8},"end":{"line":944,"column":69}},"218":{"start":{"line":945,"column":8},"end":{"line":945,"column":84}},"219":{"start":{"line":948,"column":8},"end":{"line":948,"column":121}},"220":{"start":{"line":949,"column":8},"end":{"line":949,"column":44527}},"221":{"start":{"line":952,"column":8},"end":{"line":952,"column":44704}},"222":{"start":{"line":956,"column":8},"end":{"line":956,"column":85}},"223":{"start":{"line":958,"column":8},"end":{"line":958,"column":19}},"224":{"start":{"line":982,"column":8},"end":{"line":982,"column":48}},"225":{"start":{"line":983,"column":8},"end":{"line":983,"column":40}},"226":{"start":{"line":983,"column":34},"end":{"line":983,"column":40}},"227":{"start":{"line":985,"column":8},"end":{"line":985,"column":46304}},"228":{"start":{"line":1028,"column":8},"end":{"line":1028,"column":38}},"229":{"start":{"line":1029,"column":8},"end":{"line":1029,"column":63}},"230":{"start":{"line":1032,"column":8},"end":{"line":1032,"column":48591}},"231":{"start":{"line":1035,"column":8},"end":{"line":1035,"column":48742}},"232":{"start":{"line":1038,"column":8},"end":{"line":1038,"column":48875}},"233":{"start":{"line":1043,"column":8},"end":{"line":1043,"column":121}},"234":{"start":{"line":1044,"column":8},"end":{"line":1044,"column":118}},"235":{"start":{"line":1045,"column":8},"end":{"line":1045,"column":49334}},"236":{"start":{"line":1049,"column":8},"end":{"line":1049,"column":49512}},"237":{"start":{"line":1052,"column":8},"end":{"line":1052,"column":49610}},"238":{"start":{"line":1057,"column":8},"end":{"line":1057,"column":49806}},"239":{"start":{"line":1063,"column":8},"end":{"line":1063,"column":50215}},"240":{"start":{"line":1066,"column":8},"end":{"line":1066,"column":50331}},"241":{"start":{"line":1068,"column":12},"end":{"line":1068,"column":50428}},"242":{"start":{"line":1069,"column":16},"end":{"line":1069,"column":89}},"243":{"start":{"line":1070,"column":16},"end":{"line":1070,"column":58}},"244":{"start":{"line":1076,"column":8},"end":{"line":1076,"column":50793}},"245":{"start":{"line":1077,"column":12},"end":{"line":1077,"column":90}},"246":{"start":{"line":1078,"column":12},"end":{"line":1078,"column":64}},"247":{"start":{"line":1079,"column":12},"end":{"line":1079,"column":84}},"248":{"start":{"line":1086,"column":8},"end":{"line":1086,"column":51293}},"249":{"start":{"line":1087,"column":12},"end":{"line":1087,"column":107}},"250":{"start":{"line":1088,"column":12},"end":{"line":1088,"column":67}},"251":{"start":{"line":1091,"column":8},"end":{"line":1091,"column":116}},"252":{"start":{"line":1092,"column":8},"end":{"line":1092,"column":68}},"253":{"start":{"line":1101,"column":8},"end":{"line":1101,"column":51980}},"254":{"start":{"line":1112,"column":8},"end":{"line":1112,"column":38}},"255":{"start":{"line":1113,"column":8},"end":{"line":1113,"column":63}},"256":{"start":{"line":1114,"column":8},"end":{"line":1114,"column":52474}},"257":{"start":{"line":1125,"column":8},"end":{"line":1125,"column":38}},"258":{"start":{"line":1126,"column":8},"end":{"line":1126,"column":63}},"259":{"start":{"line":1127,"column":8},"end":{"line":1127,"column":52983}},"260":{"start":{"line":1138,"column":8},"end":{"line":1138,"column":38}},"261":{"start":{"line":1139,"column":8},"end":{"line":1139,"column":63}},"262":{"start":{"line":1140,"column":8},"end":{"line":1140,"column":53522}},"263":{"start":{"line":1152,"column":8},"end":{"line":1152,"column":86}},"264":{"start":{"line":1161,"column":8},"end":{"line":1161,"column":82}},"265":{"start":{"line":1171,"column":8},"end":{"line":1171,"column":63}},"266":{"start":{"line":1174,"column":8},"end":{"line":1174,"column":55095}},"267":{"start":{"line":1178,"column":8},"end":{"line":1178,"column":98}},"268":{"start":{"line":1187,"column":8},"end":{"line":1187,"column":56}},"269":{"start":{"line":1195,"column":8},"end":{"line":1195,"column":61}},"270":{"start":{"line":1204,"column":8},"end":{"line":1204,"column":38}},"271":{"start":{"line":1206,"column":8},"end":{"line":1206,"column":63}},"272":{"start":{"line":1209,"column":8},"end":{"line":1209,"column":56588}},"273":{"start":{"line":1214,"column":8},"end":{"line":1214,"column":56802}},"274":{"start":{"line":1219,"column":8},"end":{"line":1219,"column":40}},"275":{"start":{"line":1222,"column":8},"end":{"line":1222,"column":49}},"276":{"start":{"line":1231,"column":8},"end":{"line":1231,"column":38}},"277":{"start":{"line":1232,"column":8},"end":{"line":1232,"column":41}},"278":{"start":{"line":1247,"column":8},"end":{"line":1247,"column":38}},"279":{"start":{"line":1248,"column":8},"end":{"line":1248,"column":57}},"280":{"start":{"line":1258,"column":8},"end":{"line":1258,"column":38}},"281":{"start":{"line":1259,"column":8},"end":{"line":1259,"column":59}},"282":{"start":{"line":1283,"column":8},"end":{"line":1283,"column":63}},"283":{"start":{"line":1286,"column":8},"end":{"line":1286,"column":44}},"284":{"start":{"line":1287,"column":8},"end":{"line":1287,"column":30}},"285":{"start":{"line":1288,"column":8},"end":{"line":1288,"column":50}},"286":{"start":{"line":1289,"column":8},"end":{"line":1289,"column":32}},"287":{"start":{"line":1291,"column":8},"end":{"line":1291,"column":91}},"288":{"start":{"line":1294,"column":8},"end":{"line":1294,"column":76}},"289":{"start":{"line":1297,"column":8},"end":{"line":1297,"column":80}},"290":{"start":{"line":1298,"column":8},"end":{"line":1298,"column":60593}},"291":{"start":{"line":1302,"column":8},"end":{"line":1302,"column":49}},"292":{"start":{"line":1304,"column":8},"end":{"line":1304,"column":49}},"293":{"start":{"line":1305,"column":8},"end":{"line":1305,"column":76}},"294":{"start":{"line":1328,"column":8},"end":{"line":1328,"column":63}},"295":{"start":{"line":1331,"column":8},"end":{"line":1331,"column":44}},"296":{"start":{"line":1332,"column":8},"end":{"line":1332,"column":26}},"297":{"start":{"line":1333,"column":8},"end":{"line":1333,"column":50}},"298":{"start":{"line":1334,"column":8},"end":{"line":1334,"column":32}},"299":{"start":{"line":1336,"column":8},"end":{"line":1336,"column":91}},"300":{"start":{"line":1339,"column":8},"end":{"line":1339,"column":76}},"301":{"start":{"line":1342,"column":8},"end":{"line":1342,"column":80}},"302":{"start":{"line":1343,"column":8},"end":{"line":1343,"column":62939}},"303":{"start":{"line":1347,"column":8},"end":{"line":1347,"column":49}},"304":{"start":{"line":1349,"column":8},"end":{"line":1349,"column":63140}},"305":{"start":{"line":1350,"column":12},"end":{"line":1350,"column":89}},"306":{"start":{"line":1351,"column":12},"end":{"line":1351,"column":85}},"307":{"start":{"line":1356,"column":8},"end":{"line":1356,"column":41}},"308":{"start":{"line":1357,"column":8},"end":{"line":1357,"column":73}},"309":{"start":{"line":1432,"column":8},"end":{"line":1432,"column":63}},"310":{"start":{"line":1440,"column":8},"end":{"line":1440,"column":67859}},"311":{"start":{"line":1469,"column":8},"end":{"line":1469,"column":38}},"312":{"start":{"line":1470,"column":8},"end":{"line":1470,"column":63}},"313":{"start":{"line":1471,"column":8},"end":{"line":1471,"column":55}},"314":{"start":{"line":1481,"column":8},"end":{"line":1481,"column":38}},"315":{"start":{"line":1482,"column":8},"end":{"line":1482,"column":42}},"316":{"start":{"line":1491,"column":8},"end":{"line":1491,"column":29}},"317":{"start":{"line":1500,"column":8},"end":{"line":1500,"column":29}},"318":{"start":{"line":1517,"column":8},"end":{"line":1517,"column":70876}},"319":{"start":{"line":1518,"column":12},"end":{"line":1518,"column":51}},"320":{"start":{"line":1533,"column":8},"end":{"line":1533,"column":38}},"321":{"start":{"line":1534,"column":8},"end":{"line":1534,"column":63}},"322":{"start":{"line":1535,"column":8},"end":{"line":1535,"column":31}},"323":{"start":{"line":1545,"column":8},"end":{"line":1545,"column":25}},"324":{"start":{"line":1546,"column":8},"end":{"line":1546,"column":72124}},"325":{"start":{"line":1547,"column":12},"end":{"line":1547,"column":72187}},"326":{"start":{"line":1551,"column":8},"end":{"line":1551,"column":20}},"327":{"start":{"line":1563,"column":8},"end":{"line":1563,"column":95}},"328":{"start":{"line":1582,"column":8},"end":{"line":1582,"column":38}},"329":{"start":{"line":1583,"column":8},"end":{"line":1583,"column":63}},"330":{"start":{"line":1584,"column":8},"end":{"line":1584,"column":46}},"331":{"start":{"line":1585,"column":8},"end":{"line":1585,"column":73938}},"332":{"start":{"line":1590,"column":8},"end":{"line":1590,"column":74182}},"333":{"start":{"line":1594,"column":8},"end":{"line":1594,"column":96}},"334":{"start":{"line":1596,"column":8},"end":{"line":1596,"column":46}},"335":{"start":{"line":1598,"column":8},"end":{"line":1598,"column":88}},"336":{"start":{"line":1600,"column":8},"end":{"line":1600,"column":80}},"337":{"start":{"line":1601,"column":8},"end":{"line":1601,"column":114}},"338":{"start":{"line":1602,"column":8},"end":{"line":1602,"column":136}},"339":{"start":{"line":1604,"column":8},"end":{"line":1604,"column":45}},"340":{"start":{"line":1605,"column":8},"end":{"line":1605,"column":47}},"341":{"start":{"line":1606,"column":8},"end":{"line":1606,"column":75004}},"342":{"start":{"line":1607,"column":12},"end":{"line":1607,"column":124}},"343":{"start":{"line":1608,"column":12},"end":{"line":1608,"column":48}},"344":{"start":{"line":1611,"column":8},"end":{"line":1611,"column":75247}},"345":{"start":{"line":1618,"column":8},"end":{"line":1618,"column":57}},"346":{"start":{"line":1620,"column":8},"end":{"line":1620,"column":52}},"347":{"start":{"line":1621,"column":8},"end":{"line":1621,"column":75731}},"348":{"start":{"line":1629,"column":8},"end":{"line":1629,"column":75989}},"349":{"start":{"line":1630,"column":12},"end":{"line":1630,"column":80}},"350":{"start":{"line":1634,"column":8},"end":{"line":1634,"column":76143}},"351":{"start":{"line":1635,"column":12},"end":{"line":1635,"column":89}},"352":{"start":{"line":1636,"column":12},"end":{"line":1636,"column":100}},"353":{"start":{"line":1640,"column":8},"end":{"line":1640,"column":76449}},"354":{"start":{"line":1641,"column":12},"end":{"line":1641,"column":76}},"355":{"start":{"line":1645,"column":8},"end":{"line":1645,"column":72}},"356":{"start":{"line":1648,"column":8},"end":{"line":1648,"column":76793}},"357":{"start":{"line":1649,"column":12},"end":{"line":1649,"column":86}},"358":{"start":{"line":1652,"column":8},"end":{"line":1652,"column":19}},"359":{"start":{"line":1665,"column":8},"end":{"line":1665,"column":47}},"360":{"start":{"line":1666,"column":8},"end":{"line":1666,"column":92}},"361":{"start":{"line":1667,"column":8},"end":{"line":1667,"column":57}},"362":{"start":{"line":1668,"column":8},"end":{"line":1668,"column":19}},"363":{"start":{"line":1682,"column":8},"end":{"line":1682,"column":44}},"364":{"start":{"line":1683,"column":8},"end":{"line":1683,"column":64}},"365":{"start":{"line":1688,"column":8},"end":{"line":1688,"column":95}},"366":{"start":{"line":1689,"column":8},"end":{"line":1689,"column":60}},"367":{"start":{"line":1690,"column":8},"end":{"line":1690,"column":19}}},"branchMap":{"1":{"line":187,"type":"if","locations":[{"start":{"line":187,"column":59},"end":{"line":187,"column":59}},{"start":{"line":187,"column":59},"end":{"line":187,"column":59}}]},"2":{"line":196,"type":"if","locations":[{"start":{"line":196,"column":60},"end":{"line":196,"column":60}},{"start":{"line":196,"column":60},"end":{"line":196,"column":60}}]},"3":{"line":208,"type":"if","locations":[{"start":{"line":208,"column":62},"end":{"line":208,"column":62}},{"start":{"line":208,"column":62},"end":{"line":208,"column":62}}]},"4":{"line":209,"type":"if","locations":[{"start":{"line":209,"column":8},"end":{"line":209,"column":8}},{"start":{"line":209,"column":8},"end":{"line":209,"column":8}}]},"5":{"line":210,"type":"if","locations":[{"start":{"line":210,"column":8},"end":{"line":210,"column":8}},{"start":{"line":210,"column":8},"end":{"line":210,"column":8}}]},"6":{"line":223,"type":"if","locations":[{"start":{"line":223,"column":67},"end":{"line":223,"column":67}},{"start":{"line":223,"column":67},"end":{"line":223,"column":67}}]},"7":{"line":227,"type":"if","locations":[{"start":{"line":227,"column":8},"end":{"line":227,"column":8}},{"start":{"line":227,"column":8},"end":{"line":227,"column":8}}]},"8":{"line":230,"type":"if","locations":[{"start":{"line":230,"column":8},"end":{"line":230,"column":8}},{"start":{"line":230,"column":8},"end":{"line":230,"column":8}}]},"9":{"line":231,"type":"if","locations":[{"start":{"line":231,"column":8},"end":{"line":231,"column":8}},{"start":{"line":231,"column":8},"end":{"line":231,"column":8}}]},"10":{"line":260,"type":"if","locations":[{"start":{"line":260,"column":8},"end":{"line":260,"column":8}},{"start":{"line":260,"column":8},"end":{"line":260,"column":8}}]},"11":{"line":265,"type":"if","locations":[{"start":{"line":265,"column":8},"end":{"line":265,"column":8}},{"start":{"line":265,"column":8},"end":{"line":265,"column":8}}]},"12":{"line":270,"type":"if","locations":[{"start":{"line":270,"column":8},"end":{"line":270,"column":8}},{"start":{"line":270,"column":8},"end":{"line":270,"column":8}}]},"13":{"line":282,"type":"if","locations":[{"start":{"line":282,"column":62},"end":{"line":282,"column":62}},{"start":{"line":282,"column":62},"end":{"line":282,"column":62}}]},"14":{"line":292,"type":"if","locations":[{"start":{"line":292,"column":47},"end":{"line":292,"column":47}},{"start":{"line":292,"column":47},"end":{"line":292,"column":47}}]},"15":{"line":314,"type":"if","locations":[{"start":{"line":314,"column":51},"end":{"line":314,"column":51}},{"start":{"line":314,"column":51},"end":{"line":314,"column":51}}]},"16":{"line":326,"type":"if","locations":[{"start":{"line":326,"column":40},"end":{"line":326,"column":40}},{"start":{"line":326,"column":40},"end":{"line":326,"column":40}}]},"17":{"line":348,"type":"if","locations":[{"start":{"line":348,"column":54},"end":{"line":348,"column":54}},{"start":{"line":348,"column":54},"end":{"line":348,"column":54}}]},"18":{"line":359,"type":"if","locations":[{"start":{"line":359,"column":28},"end":{"line":359,"column":28}},{"start":{"line":359,"column":28},"end":{"line":359,"column":28}}]},"19":{"line":367,"type":"if","locations":[{"start":{"line":367,"column":30},"end":{"line":367,"column":30}},{"start":{"line":367,"column":30},"end":{"line":367,"column":30}}]},"20":{"line":381,"type":"if","locations":[{"start":{"line":381,"column":86},"end":{"line":381,"column":86}},{"start":{"line":381,"column":86},"end":{"line":381,"column":86}}]},"21":{"line":383,"type":"if","locations":[{"start":{"line":383,"column":8},"end":{"line":383,"column":8}},{"start":{"line":383,"column":8},"end":{"line":383,"column":8}}]},"22":{"line":388,"type":"if","locations":[{"start":{"line":388,"column":8},"end":{"line":388,"column":8}},{"start":{"line":388,"column":8},"end":{"line":388,"column":8}}]},"23":{"line":391,"type":"if","locations":[{"start":{"line":391,"column":8},"end":{"line":391,"column":8}},{"start":{"line":391,"column":8},"end":{"line":391,"column":8}}]},"24":{"line":395,"type":"if","locations":[{"start":{"line":395,"column":8},"end":{"line":395,"column":8}},{"start":{"line":395,"column":8},"end":{"line":395,"column":8}}]},"25":{"line":412,"type":"if","locations":[{"start":{"line":412,"column":8},"end":{"line":412,"column":8}},{"start":{"line":412,"column":8},"end":{"line":412,"column":8}}]},"26":{"line":418,"type":"if","locations":[{"start":{"line":418,"column":8},"end":{"line":418,"column":8}},{"start":{"line":418,"column":8},"end":{"line":418,"column":8}}]},"27":{"line":426,"type":"if","locations":[{"start":{"line":426,"column":15},"end":{"line":426,"column":15}},{"start":{"line":426,"column":15},"end":{"line":426,"column":15}}]},"28":{"line":452,"type":"if","locations":[{"start":{"line":452,"column":8},"end":{"line":452,"column":8}},{"start":{"line":452,"column":8},"end":{"line":452,"column":8}}]},"29":{"line":455,"type":"if","locations":[{"start":{"line":455,"column":8},"end":{"line":455,"column":8}},{"start":{"line":455,"column":8},"end":{"line":455,"column":8}}]},"30":{"line":476,"type":"if","locations":[{"start":{"line":476,"column":8},"end":{"line":476,"column":8}},{"start":{"line":476,"column":8},"end":{"line":476,"column":8}}]},"31":{"line":479,"type":"if","locations":[{"start":{"line":479,"column":8},"end":{"line":479,"column":8}},{"start":{"line":479,"column":8},"end":{"line":479,"column":8}}]},"32":{"line":482,"type":"if","locations":[{"start":{"line":482,"column":8},"end":{"line":482,"column":8}},{"start":{"line":482,"column":8},"end":{"line":482,"column":8}}]},"33":{"line":485,"type":"if","locations":[{"start":{"line":485,"column":8},"end":{"line":485,"column":8}},{"start":{"line":485,"column":8},"end":{"line":485,"column":8}}]},"34":{"line":488,"type":"if","locations":[{"start":{"line":488,"column":8},"end":{"line":488,"column":8}},{"start":{"line":488,"column":8},"end":{"line":488,"column":8}}]},"35":{"line":491,"type":"if","locations":[{"start":{"line":491,"column":8},"end":{"line":491,"column":8}},{"start":{"line":491,"column":8},"end":{"line":491,"column":8}}]},"36":{"line":499,"type":"if","locations":[{"start":{"line":499,"column":8},"end":{"line":499,"column":8}},{"start":{"line":499,"column":8},"end":{"line":499,"column":8}}]},"37":{"line":517,"type":"if","locations":[{"start":{"line":517,"column":8},"end":{"line":517,"column":8}},{"start":{"line":517,"column":8},"end":{"line":517,"column":8}}]},"38":{"line":520,"type":"if","locations":[{"start":{"line":520,"column":8},"end":{"line":520,"column":8}},{"start":{"line":520,"column":8},"end":{"line":520,"column":8}}]},"39":{"line":529,"type":"if","locations":[{"start":{"line":529,"column":8},"end":{"line":529,"column":8}},{"start":{"line":529,"column":8},"end":{"line":529,"column":8}}]},"40":{"line":548,"type":"if","locations":[{"start":{"line":548,"column":65},"end":{"line":548,"column":65}},{"start":{"line":548,"column":65},"end":{"line":548,"column":65}}]},"41":{"line":559,"type":"if","locations":[{"start":{"line":559,"column":65},"end":{"line":559,"column":65}},{"start":{"line":559,"column":65},"end":{"line":559,"column":65}}]},"42":{"line":570,"type":"if","locations":[{"start":{"line":570,"column":49},"end":{"line":570,"column":49}},{"start":{"line":570,"column":49},"end":{"line":570,"column":49}}]},"43":{"line":586,"type":"if","locations":[{"start":{"line":586,"column":64},"end":{"line":586,"column":64}},{"start":{"line":586,"column":64},"end":{"line":586,"column":64}}]},"44":{"line":589,"type":"if","locations":[{"start":{"line":589,"column":8},"end":{"line":589,"column":8}},{"start":{"line":589,"column":8},"end":{"line":589,"column":8}}]},"45":{"line":592,"type":"if","locations":[{"start":{"line":592,"column":8},"end":{"line":592,"column":8}},{"start":{"line":592,"column":8},"end":{"line":592,"column":8}}]},"46":{"line":626,"type":"if","locations":[{"start":{"line":626,"column":65},"end":{"line":626,"column":65}},{"start":{"line":626,"column":65},"end":{"line":626,"column":65}}]},"47":{"line":629,"type":"if","locations":[{"start":{"line":629,"column":8},"end":{"line":629,"column":8}},{"start":{"line":629,"column":8},"end":{"line":629,"column":8}}]},"48":{"line":632,"type":"if","locations":[{"start":{"line":632,"column":8},"end":{"line":632,"column":8}},{"start":{"line":632,"column":8},"end":{"line":632,"column":8}}]},"49":{"line":657,"type":"if","locations":[{"start":{"line":657,"column":8},"end":{"line":657,"column":8}},{"start":{"line":657,"column":8},"end":{"line":657,"column":8}}]},"50":{"line":678,"type":"if","locations":[{"start":{"line":678,"column":88},"end":{"line":678,"column":88}},{"start":{"line":678,"column":88},"end":{"line":678,"column":88}}]},"51":{"line":681,"type":"if","locations":[{"start":{"line":681,"column":8},"end":{"line":681,"column":8}},{"start":{"line":681,"column":8},"end":{"line":681,"column":8}}]},"52":{"line":684,"type":"if","locations":[{"start":{"line":684,"column":8},"end":{"line":684,"column":8}},{"start":{"line":684,"column":8},"end":{"line":684,"column":8}}]},"53":{"line":688,"type":"if","locations":[{"start":{"line":688,"column":8},"end":{"line":688,"column":8}},{"start":{"line":688,"column":8},"end":{"line":688,"column":8}}]},"54":{"line":691,"type":"if","locations":[{"start":{"line":691,"column":8},"end":{"line":691,"column":8}},{"start":{"line":691,"column":8},"end":{"line":691,"column":8}}]},"55":{"line":719,"type":"if","locations":[{"start":{"line":719,"column":8},"end":{"line":719,"column":8}},{"start":{"line":719,"column":8},"end":{"line":719,"column":8}}]},"56":{"line":729,"type":"if","locations":[{"start":{"line":729,"column":8},"end":{"line":729,"column":8}},{"start":{"line":729,"column":8},"end":{"line":729,"column":8}}]},"57":{"line":737,"type":"if","locations":[{"start":{"line":737,"column":8},"end":{"line":737,"column":8}},{"start":{"line":737,"column":8},"end":{"line":737,"column":8}}]},"58":{"line":752,"type":"if","locations":[{"start":{"line":752,"column":87},"end":{"line":752,"column":87}},{"start":{"line":752,"column":87},"end":{"line":752,"column":87}}]},"59":{"line":755,"type":"if","locations":[{"start":{"line":755,"column":8},"end":{"line":755,"column":8}},{"start":{"line":755,"column":8},"end":{"line":755,"column":8}}]},"60":{"line":758,"type":"if","locations":[{"start":{"line":758,"column":8},"end":{"line":758,"column":8}},{"start":{"line":758,"column":8},"end":{"line":758,"column":8}}]},"61":{"line":762,"type":"if","locations":[{"start":{"line":762,"column":8},"end":{"line":762,"column":8}},{"start":{"line":762,"column":8},"end":{"line":762,"column":8}}]},"62":{"line":765,"type":"if","locations":[{"start":{"line":765,"column":8},"end":{"line":765,"column":8}},{"start":{"line":765,"column":8},"end":{"line":765,"column":8}}]},"63":{"line":793,"type":"if","locations":[{"start":{"line":793,"column":8},"end":{"line":793,"column":8}},{"start":{"line":793,"column":8},"end":{"line":793,"column":8}}]},"64":{"line":805,"type":"if","locations":[{"start":{"line":805,"column":8},"end":{"line":805,"column":8}},{"start":{"line":805,"column":8},"end":{"line":805,"column":8}}]},"65":{"line":813,"type":"if","locations":[{"start":{"line":813,"column":8},"end":{"line":813,"column":8}},{"start":{"line":813,"column":8},"end":{"line":813,"column":8}}]},"66":{"line":830,"type":"if","locations":[{"start":{"line":830,"column":8},"end":{"line":830,"column":8}},{"start":{"line":830,"column":8},"end":{"line":830,"column":8}}]},"67":{"line":844,"type":"if","locations":[{"start":{"line":844,"column":16},"end":{"line":844,"column":16}},{"start":{"line":844,"column":16},"end":{"line":844,"column":16}}]},"68":{"line":901,"type":"if","locations":[{"start":{"line":901,"column":8},"end":{"line":901,"column":8}},{"start":{"line":901,"column":8},"end":{"line":901,"column":8}}]},"69":{"line":907,"type":"if","locations":[{"start":{"line":907,"column":12},"end":{"line":907,"column":12}},{"start":{"line":907,"column":12},"end":{"line":907,"column":12}}]},"70":{"line":927,"type":"if","locations":[{"start":{"line":927,"column":8},"end":{"line":927,"column":8}},{"start":{"line":927,"column":8},"end":{"line":927,"column":8}}]},"71":{"line":936,"type":"if","locations":[{"start":{"line":936,"column":8},"end":{"line":936,"column":8}},{"start":{"line":936,"column":8},"end":{"line":936,"column":8}}]},"72":{"line":952,"type":"if","locations":[{"start":{"line":952,"column":8},"end":{"line":952,"column":8}},{"start":{"line":952,"column":8},"end":{"line":952,"column":8}}]},"73":{"line":983,"type":"if","locations":[{"start":{"line":983,"column":8},"end":{"line":983,"column":8}},{"start":{"line":983,"column":8},"end":{"line":983,"column":8}}]},"74":{"line":1023,"type":"if","locations":[{"start":{"line":1023,"column":64},"end":{"line":1023,"column":64}},{"start":{"line":1023,"column":64},"end":{"line":1023,"column":64}}]},"75":{"line":1032,"type":"if","locations":[{"start":{"line":1032,"column":8},"end":{"line":1032,"column":8}},{"start":{"line":1032,"column":8},"end":{"line":1032,"column":8}}]},"76":{"line":1035,"type":"if","locations":[{"start":{"line":1035,"column":8},"end":{"line":1035,"column":8}},{"start":{"line":1035,"column":8},"end":{"line":1035,"column":8}}]},"77":{"line":1038,"type":"if","locations":[{"start":{"line":1038,"column":8},"end":{"line":1038,"column":8}},{"start":{"line":1038,"column":8},"end":{"line":1038,"column":8}}]},"78":{"line":1049,"type":"if","locations":[{"start":{"line":1049,"column":8},"end":{"line":1049,"column":8}},{"start":{"line":1049,"column":8},"end":{"line":1049,"column":8}}]},"79":{"line":1052,"type":"if","locations":[{"start":{"line":1052,"column":8},"end":{"line":1052,"column":8}},{"start":{"line":1052,"column":8},"end":{"line":1052,"column":8}}]},"80":{"line":1057,"type":"if","locations":[{"start":{"line":1057,"column":8},"end":{"line":1057,"column":8}},{"start":{"line":1057,"column":8},"end":{"line":1057,"column":8}}]},"81":{"line":1066,"type":"if","locations":[{"start":{"line":1066,"column":8},"end":{"line":1066,"column":8}},{"start":{"line":1066,"column":8},"end":{"line":1066,"column":8}}]},"82":{"line":1068,"type":"if","locations":[{"start":{"line":1068,"column":12},"end":{"line":1068,"column":12}},{"start":{"line":1068,"column":12},"end":{"line":1068,"column":12}}]},"83":{"line":1070,"type":"if","locations":[{"start":{"line":1070,"column":16},"end":{"line":1070,"column":16}},{"start":{"line":1070,"column":16},"end":{"line":1070,"column":16}}]},"84":{"line":1076,"type":"if","locations":[{"start":{"line":1076,"column":8},"end":{"line":1076,"column":8}},{"start":{"line":1076,"column":8},"end":{"line":1076,"column":8}}]},"85":{"line":1078,"type":"if","locations":[{"start":{"line":1078,"column":12},"end":{"line":1078,"column":12}},{"start":{"line":1078,"column":12},"end":{"line":1078,"column":12}}]},"86":{"line":1086,"type":"if","locations":[{"start":{"line":1086,"column":8},"end":{"line":1086,"column":8}},{"start":{"line":1086,"column":8},"end":{"line":1086,"column":8}}]},"87":{"line":1088,"type":"if","locations":[{"start":{"line":1088,"column":12},"end":{"line":1088,"column":12}},{"start":{"line":1088,"column":12},"end":{"line":1088,"column":12}}]},"88":{"line":1101,"type":"if","locations":[{"start":{"line":1101,"column":8},"end":{"line":1101,"column":8}},{"start":{"line":1101,"column":8},"end":{"line":1101,"column":8}}]},"89":{"line":1114,"type":"if","locations":[{"start":{"line":1114,"column":8},"end":{"line":1114,"column":8}},{"start":{"line":1114,"column":8},"end":{"line":1114,"column":8}}]},"90":{"line":1127,"type":"if","locations":[{"start":{"line":1127,"column":8},"end":{"line":1127,"column":8}},{"start":{"line":1127,"column":8},"end":{"line":1127,"column":8}}]},"91":{"line":1140,"type":"if","locations":[{"start":{"line":1140,"column":8},"end":{"line":1140,"column":8}},{"start":{"line":1140,"column":8},"end":{"line":1140,"column":8}}]},"92":{"line":1174,"type":"if","locations":[{"start":{"line":1174,"column":8},"end":{"line":1174,"column":8}},{"start":{"line":1174,"column":8},"end":{"line":1174,"column":8}}]},"93":{"line":1179,"type":"if","locations":[{"start":{"line":1179,"column":60},"end":{"line":1179,"column":83}},{"start":{"line":1180,"column":12},"end":{"line":1180,"column":61}}]},"94":{"line":1181,"type":"if","locations":[{"start":{"line":1181,"column":58},"end":{"line":1181,"column":80}},{"start":{"line":1182,"column":12},"end":{"line":1182,"column":60}}]},"95":{"line":1209,"type":"if","locations":[{"start":{"line":1209,"column":8},"end":{"line":1209,"column":8}},{"start":{"line":1209,"column":8},"end":{"line":1209,"column":8}}]},"96":{"line":1214,"type":"if","locations":[{"start":{"line":1214,"column":8},"end":{"line":1214,"column":8}},{"start":{"line":1214,"column":8},"end":{"line":1214,"column":8}}]},"97":{"line":1349,"type":"if","locations":[{"start":{"line":1349,"column":8},"end":{"line":1349,"column":8}},{"start":{"line":1349,"column":8},"end":{"line":1349,"column":8}}]},"98":{"line":1517,"type":"if","locations":[{"start":{"line":1517,"column":8},"end":{"line":1517,"column":8}},{"start":{"line":1517,"column":8},"end":{"line":1517,"column":8}}]},"99":{"line":1547,"type":"if","locations":[{"start":{"line":1547,"column":12},"end":{"line":1547,"column":12}},{"start":{"line":1547,"column":12},"end":{"line":1547,"column":12}}]},"100":{"line":1563,"type":"cond-expr","locations":[{"start":{"line":1563,"column":15},"end":{"line":1563,"column":54}},{"start":{"line":1563,"column":59},"end":{"line":1563,"column":94}}]},"101":{"line":1581,"type":"if","locations":[{"start":{"line":1581,"column":13},"end":{"line":1581,"column":13}},{"start":{"line":1581,"column":13},"end":{"line":1581,"column":13}}]},"102":{"line":1585,"type":"if","locations":[{"start":{"line":1585,"column":8},"end":{"line":1585,"column":8}},{"start":{"line":1585,"column":8},"end":{"line":1585,"column":8}}]},"103":{"line":1590,"type":"if","locations":[{"start":{"line":1590,"column":8},"end":{"line":1590,"column":8}},{"start":{"line":1590,"column":8},"end":{"line":1590,"column":8}}]},"104":{"line":1601,"type":"if","locations":[{"start":{"line":1601,"column":64},"end":{"line":1601,"column":64}},{"start":{"line":1601,"column":68},"end":{"line":1601,"column":113}}]},"105":{"line":1606,"type":"if","locations":[{"start":{"line":1606,"column":8},"end":{"line":1606,"column":8}},{"start":{"line":1606,"column":8},"end":{"line":1606,"column":8}}]},"106":{"line":1608,"type":"if","locations":[{"start":{"line":1608,"column":12},"end":{"line":1608,"column":12}},{"start":{"line":1608,"column":12},"end":{"line":1608,"column":12}}]},"107":{"line":1611,"type":"if","locations":[{"start":{"line":1611,"column":8},"end":{"line":1611,"column":8}},{"start":{"line":1611,"column":8},"end":{"line":1611,"column":8}}]},"108":{"line":1621,"type":"if","locations":[{"start":{"line":1621,"column":8},"end":{"line":1621,"column":8}},{"start":{"line":1621,"column":8},"end":{"line":1621,"column":8}}]},"109":{"line":1629,"type":"if","locations":[{"start":{"line":1629,"column":8},"end":{"line":1629,"column":8}},{"start":{"line":1629,"column":8},"end":{"line":1629,"column":8}}]},"110":{"line":1634,"type":"if","locations":[{"start":{"line":1634,"column":8},"end":{"line":1634,"column":8}},{"start":{"line":1634,"column":8},"end":{"line":1634,"column":8}}]},"111":{"line":1648,"type":"if","locations":[{"start":{"line":1648,"column":8},"end":{"line":1648,"column":8}},{"start":{"line":1648,"column":8},"end":{"line":1648,"column":8}}]},"112":{"line":1664,"type":"if","locations":[{"start":{"line":1664,"column":74},"end":{"line":1664,"column":74}},{"start":{"line":1664,"column":74},"end":{"line":1664,"column":74}}]},"113":{"line":1664,"type":"if","locations":[{"start":{"line":1664,"column":98},"end":{"line":1664,"column":98}},{"start":{"line":1664,"column":98},"end":{"line":1664,"column":98}}]},"114":{"line":1681,"type":"if","locations":[{"start":{"line":1681,"column":93},"end":{"line":1681,"column":93}},{"start":{"line":1681,"column":93},"end":{"line":1681,"column":93}}]},"115":{"line":1681,"type":"if","locations":[{"start":{"line":1681,"column":117},"end":{"line":1681,"column":117}},{"start":{"line":1681,"column":117},"end":{"line":1681,"column":117}}]}}},"contracts/core/EscrowableERC20.sol":{"l":{"76":19,"77":0,"79":19,"80":0,"82":19,"83":19,"86":19,"89":19,"107":0,"108":0,"110":0,"111":0,"115":0,"117":0,"118":0,"121":0,"122":0,"129":0,"132":0,"133":0,"143":0,"144":0,"145":0,"146":0,"149":0,"162":0,"163":0,"164":0,"165":0,"166":0,"167":0,"168":0,"170":0,"177":0,"178":0,"179":0,"181":0,"182":0,"183":0,"185":0,"190":0,"191":0,"192":0,"205":0,"206":0,"207":0,"208":0,"219":0,"240":0,"241":0,"244":0,"246":0,"247":0,"250":0,"251":0,"254":0,"255":0,"270":0,"271":0,"283":0,"284":0,"288":0,"290":0,"291":0,"305":0,"317":0,"327":0,"328":0,"329":0,"339":0,"340":0,"341":0,"363":0,"364":0,"367":0,"368":0,"369":0,"370":0,"372":0,"374":0,"385":0,"386":0,"387":0,"399":0,"400":0,"401":0,"412":0,"413":0,"423":0,"424":0,"434":0,"435":0,"445":0,"446":0,"460":0,"466":0,"467":0,"475":0,"476":0,"477":0,"487":0,"496":0,"502":0,"503":0,"511":0,"512":0,"513":0,"523":0,"532":0,"538":0,"539":0,"547":0,"548":0,"549":0,"550":0,"560":0,"569":0,"575":0,"576":0,"584":0,"585":0,"586":0,"587":0,"597":0,"606":0,"607":0,"609":0,"610":0,"611":0,"615":0,"618":0,"619":0,"620":0,"645":0},"path":"/home/user/Code/hardhat-deploy-hybrid/contracts/core/EscrowableERC20.sol","s":{"1":19,"2":19,"3":19,"4":19,"5":0,"6":0,"7":0,"8":0,"9":0,"10":0,"11":0,"12":0,"13":0,"14":0,"15":0,"16":0,"17":0,"18":0,"19":0,"20":0,"21":0,"22":0,"23":0,"24":0,"25":0,"26":0,"27":0,"28":0,"29":0,"30":0,"31":0,"32":0,"33":0,"34":0,"35":0,"36":0,"37":0,"38":0,"39":0,"40":0,"41":0,"42":0,"43":0,"44":0,"45":0,"46":0,"47":0,"48":0,"49":0,"50":0,"51":0,"52":0,"53":0,"54":0,"55":0,"56":0,"57":0,"58":0,"59":0,"60":0,"61":0,"62":0,"63":0,"64":0,"65":0,"66":0,"67":0,"68":0,"69":0,"70":0,"71":0,"72":0,"73":0,"74":0,"75":0,"76":0,"77":0,"78":0,"79":0,"80":0,"81":0,"82":0,"83":0,"84":0,"85":0,"86":0,"87":0,"88":0,"89":0,"90":0,"91":0,"92":0,"93":0,"94":0,"95":0,"96":0,"97":0,"98":0,"99":0,"100":0,"101":0},"b":{"1":[0,19],"2":[0,19],"3":[0,0],"4":[0,0],"5":[0,0],"6":[0,0],"7":[0,0],"8":[0,0],"9":[0,0],"10":[0,0],"11":[0,0],"12":[0,0],"13":[0,0],"14":[0,0],"15":[0,0],"16":[0,0],"17":[0,0],"18":[0,0],"19":[0,0],"20":[0,0],"21":[0,0],"22":[0,0],"23":[0,0],"24":[0,0],"25":[0,0],"26":[0,0],"27":[0,0],"28":[0,0],"29":[0,0],"30":[0,0],"31":[0,0],"32":[0,0],"33":[0,0],"34":[0,0],"35":[0,0],"36":[0,0],"37":[0,0]},"f":{"1":19,"2":0,"3":0,"4":0,"5":0,"6":0,"7":0,"8":0,"9":0,"10":0,"11":0,"12":0,"13":0,"14":0,"15":0,"16":0,"17":0,"18":0,"19":0,"20":0,"21":0,"22":0,"23":0,"24":0,"25":0,"26":0,"27":0,"28":0,"29":0,"30":0,"31":0,"32":0},"fnMap":{"1":{"name":"constructor","line":75,"loc":{"start":{"line":70,"column":4},"end":{"line":90,"column":4}}},"2":{"name":"createEscrow","line":105,"loc":{"start":{"line":101,"column":4},"end":{"line":193,"column":4}}},"3":{"name":"createEscrow","line":204,"loc":{"start":{"line":204,"column":4},"end":{"line":209,"column":4}}},"4":{"name":"createEscrow","line":218,"loc":{"start":{"line":218,"column":4},"end":{"line":220,"column":4}}},"5":{"name":"releaseEscrowTransfer","line":239,"loc":{"start":{"line":239,"column":4},"end":{"line":256,"column":4}}},"6":{"name":"_transferTokens","line":268,"loc":{"start":{"line":268,"column":4},"end":{"line":272,"column":4}}},"7":{"name":"_updateEscrowBalance","line":281,"loc":{"start":{"line":281,"column":4},"end":{"line":294,"column":4}}},"8":{"name":"_emitEscrowTransferCancelled","line":304,"loc":{"start":{"line":304,"column":4},"end":{"line":306,"column":4}}},"9":{"name":"_emitEscrowTransferReleased","line":316,"loc":{"start":{"line":316,"column":4},"end":{"line":318,"column":4}}},"10":{"name":"_getReleaseStrategy","line":326,"loc":{"start":{"line":326,"column":4},"end":{"line":330,"column":4}}},"11":{"name":"_getResolutionModule","line":338,"loc":{"start":{"line":338,"column":4},"end":{"line":342,"column":4}}},"12":{"name":"_getDisputeResolverForNewEscrow","line":354,"loc":{"start":{"line":354,"column":4},"end":{"line":376,"column":4}}},"13":{"name":"_getYieldGenerationModule","line":384,"loc":{"start":{"line":384,"column":4},"end":{"line":388,"column":4}}},"14":{"name":"_getYieldDistributionModule","line":398,"loc":{"start":{"line":398,"column":4},"end":{"line":402,"column":4}}},"15":{"name":"getReleaseStrategy","line":411,"loc":{"start":{"line":411,"column":4},"end":{"line":414,"column":4}}},"16":{"name":"getResolutionModule","line":422,"loc":{"start":{"line":422,"column":4},"end":{"line":425,"column":4}}},"17":{"name":"getYieldGenerationModule","line":433,"loc":{"start":{"line":433,"column":4},"end":{"line":436,"column":4}}},"18":{"name":"getYieldDistributionModule","line":444,"loc":{"start":{"line":444,"column":4},"end":{"line":447,"column":4}}},"19":{"name":"queueDefaultReleaseStrategy","line":459,"loc":{"start":{"line":459,"column":4},"end":{"line":468,"column":4}}},"20":{"name":"activateDefaultReleaseStrategy","line":474,"loc":{"start":{"line":474,"column":4},"end":{"line":478,"column":4}}},"21":{"name":"getPendingDefaultReleaseStrategy","line":486,"loc":{"start":{"line":486,"column":4},"end":{"line":488,"column":4}}},"22":{"name":"queueDefaultResolutionModule","line":495,"loc":{"start":{"line":495,"column":4},"end":{"line":504,"column":4}}},"23":{"name":"activateDefaultResolutionModule","line":510,"loc":{"start":{"line":510,"column":4},"end":{"line":514,"column":4}}},"24":{"name":"getPendingDefaultResolutionModule","line":522,"loc":{"start":{"line":522,"column":4},"end":{"line":524,"column":4}}},"25":{"name":"queueDefaultYieldGenerationModule","line":531,"loc":{"start":{"line":531,"column":4},"end":{"line":540,"column":4}}},"26":{"name":"activateDefaultYieldGenerationModule","line":546,"loc":{"start":{"line":546,"column":4},"end":{"line":551,"column":4}}},"27":{"name":"getPendingDefaultYieldGenerationModule","line":559,"loc":{"start":{"line":559,"column":4},"end":{"line":561,"column":4}}},"28":{"name":"queueDefaultYieldDistributionModule","line":568,"loc":{"start":{"line":568,"column":4},"end":{"line":577,"column":4}}},"29":{"name":"activateDefaultYieldDistributionModule","line":583,"loc":{"start":{"line":583,"column":4},"end":{"line":588,"column":4}}},"30":{"name":"getPendingDefaultYieldDistributionModule","line":596,"loc":{"start":{"line":596,"column":4},"end":{"line":598,"column":4}}},"31":{"name":"withdrawFees","line":605,"loc":{"start":{"line":605,"column":4},"end":{"line":621,"column":4}}},"32":{"name":"createEscrowableERC20","line":639,"loc":{"start":{"line":639,"column":4},"end":{"line":646,"column":4}}}},"statementMap":{"1":{"start":{"line":76,"column":8},"end":{"line":76,"column":3888}},"2":{"start":{"line":79,"column":8},"end":{"line":79,"column":4022}},"3":{"start":{"line":86,"column":8},"end":{"line":86,"column":51}},"4":{"start":{"line":89,"column":8},"end":{"line":89,"column":42}},"5":{"start":{"line":107,"column":8},"end":{"line":107,"column":5131}},"6":{"start":{"line":110,"column":8},"end":{"line":110,"column":5253}},"7":{"start":{"line":115,"column":8},"end":{"line":115,"column":40}},"8":{"start":{"line":117,"column":8},"end":{"line":117,"column":65}},"9":{"start":{"line":118,"column":8},"end":{"line":118,"column":45}},"10":{"start":{"line":121,"column":8},"end":{"line":121,"column":5615}},"11":{"start":{"line":129,"column":8},"end":{"line":129,"column":53}},"12":{"start":{"line":132,"column":8},"end":{"line":132,"column":43}},"13":{"start":{"line":133,"column":8},"end":{"line":133,"column":6060}},"14":{"start":{"line":143,"column":8},"end":{"line":143,"column":75}},"15":{"start":{"line":144,"column":8},"end":{"line":144,"column":73}},"16":{"start":{"line":145,"column":8},"end":{"line":145,"column":78}},"17":{"start":{"line":146,"column":8},"end":{"line":146,"column":81}},"18":{"start":{"line":149,"column":8},"end":{"line":149,"column":6756}},"19":{"start":{"line":162,"column":8},"end":{"line":162,"column":40}},"20":{"start":{"line":163,"column":8},"end":{"line":163,"column":67}},"21":{"start":{"line":168,"column":8},"end":{"line":168,"column":49}},"22":{"start":{"line":170,"column":8},"end":{"line":170,"column":7511}},"23":{"start":{"line":177,"column":8},"end":{"line":177,"column":7696}},"24":{"start":{"line":178,"column":12},"end":{"line":178,"column":84}},"25":{"start":{"line":179,"column":12},"end":{"line":179,"column":7827}},"26":{"start":{"line":181,"column":16},"end":{"line":181,"column":105}},"27":{"start":{"line":182,"column":16},"end":{"line":182,"column":8119}},"28":{"start":{"line":183,"column":20},"end":{"line":183,"column":74}},"29":{"start":{"line":185,"column":16},"end":{"line":185,"column":83}},"30":{"start":{"line":190,"column":8},"end":{"line":190,"column":85}},"31":{"start":{"line":191,"column":8},"end":{"line":191,"column":76}},"32":{"start":{"line":192,"column":8},"end":{"line":192,"column":25}},"33":{"start":{"line":205,"column":8},"end":{"line":205,"column":62}},"34":{"start":{"line":208,"column":8},"end":{"line":208,"column":53}},"35":{"start":{"line":219,"column":8},"end":{"line":219,"column":66}},"36":{"start":{"line":240,"column":8},"end":{"line":240,"column":10921}},"37":{"start":{"line":244,"column":8},"end":{"line":244,"column":63}},"38":{"start":{"line":246,"column":8},"end":{"line":246,"column":11116}},"39":{"start":{"line":250,"column":8},"end":{"line":250,"column":11255}},"40":{"start":{"line":254,"column":8},"end":{"line":254,"column":41}},"41":{"start":{"line":255,"column":8},"end":{"line":255,"column":19}},"42":{"start":{"line":270,"column":8},"end":{"line":270,"column":55}},"43":{"start":{"line":271,"column":8},"end":{"line":271,"column":43}},"44":{"start":{"line":283,"column":8},"end":{"line":283,"column":12666}},"45":{"start":{"line":288,"column":12},"end":{"line":288,"column":86}},"46":{"start":{"line":305,"column":8},"end":{"line":305,"column":70}},"47":{"start":{"line":317,"column":8},"end":{"line":317,"column":67}},"48":{"start":{"line":327,"column":8},"end":{"line":327,"column":63}},"49":{"start":{"line":328,"column":8},"end":{"line":328,"column":53}},"50":{"start":{"line":329,"column":8},"end":{"line":329,"column":91}},"51":{"start":{"line":339,"column":8},"end":{"line":339,"column":63}},"52":{"start":{"line":340,"column":8},"end":{"line":340,"column":54}},"53":{"start":{"line":341,"column":8},"end":{"line":341,"column":100}},"54":{"start":{"line":363,"column":8},"end":{"line":363,"column":16203}},"55":{"start":{"line":367,"column":8},"end":{"line":367,"column":96}},"56":{"start":{"line":368,"column":8},"end":{"line":368,"column":16433}},"57":{"start":{"line":369,"column":12},"end":{"line":369,"column":16611}},"58":{"start":{"line":372,"column":12},"end":{"line":372,"column":34}},"59":{"start":{"line":385,"column":8},"end":{"line":385,"column":63}},"60":{"start":{"line":386,"column":8},"end":{"line":386,"column":59}},"61":{"start":{"line":387,"column":8},"end":{"line":387,"column":103}},"62":{"start":{"line":399,"column":8},"end":{"line":399,"column":63}},"63":{"start":{"line":400,"column":8},"end":{"line":400,"column":61}},"64":{"start":{"line":401,"column":8},"end":{"line":401,"column":107}},"65":{"start":{"line":413,"column":8},"end":{"line":413,"column":37}},"66":{"start":{"line":424,"column":8},"end":{"line":424,"column":45}},"67":{"start":{"line":435,"column":8},"end":{"line":435,"column":43}},"68":{"start":{"line":446,"column":8},"end":{"line":446,"column":45}},"69":{"start":{"line":460,"column":8},"end":{"line":460,"column":20950}},"70":{"start":{"line":466,"column":8},"end":{"line":466,"column":62}},"71":{"start":{"line":467,"column":8},"end":{"line":467,"column":120}},"72":{"start":{"line":475,"column":8},"end":{"line":475,"column":61}},"73":{"start":{"line":477,"column":8},"end":{"line":477,"column":90}},"74":{"start":{"line":487,"column":8},"end":{"line":487,"column":64}},"75":{"start":{"line":496,"column":8},"end":{"line":496,"column":22632}},"76":{"start":{"line":502,"column":8},"end":{"line":502,"column":61}},"77":{"start":{"line":503,"column":8},"end":{"line":503,"column":128}},"78":{"start":{"line":511,"column":8},"end":{"line":511,"column":67}},"79":{"start":{"line":513,"column":8},"end":{"line":513,"column":97}},"80":{"start":{"line":523,"column":8},"end":{"line":523,"column":65}},"81":{"start":{"line":532,"column":8},"end":{"line":532,"column":24368}},"82":{"start":{"line":538,"column":8},"end":{"line":538,"column":66}},"83":{"start":{"line":539,"column":8},"end":{"line":539,"column":136}},"84":{"start":{"line":547,"column":8},"end":{"line":547,"column":65}},"85":{"start":{"line":549,"column":8},"end":{"line":549,"column":100}},"86":{"start":{"line":550,"column":8},"end":{"line":550,"column":83}},"87":{"start":{"line":560,"column":8},"end":{"line":560,"column":70}},"88":{"start":{"line":569,"column":8},"end":{"line":569,"column":26283}},"89":{"start":{"line":575,"column":8},"end":{"line":575,"column":68}},"90":{"start":{"line":576,"column":8},"end":{"line":576,"column":142}},"91":{"start":{"line":584,"column":8},"end":{"line":584,"column":67}},"92":{"start":{"line":586,"column":8},"end":{"line":586,"column":104}},"93":{"start":{"line":587,"column":8},"end":{"line":587,"column":87}},"94":{"start":{"line":597,"column":8},"end":{"line":597,"column":72}},"95":{"start":{"line":606,"column":8},"end":{"line":606,"column":28164}},"96":{"start":{"line":609,"column":8},"end":{"line":609,"column":32}},"97":{"start":{"line":610,"column":8},"end":{"line":610,"column":28322}},"98":{"start":{"line":618,"column":8},"end":{"line":618,"column":51}},"99":{"start":{"line":619,"column":8},"end":{"line":619,"column":32}},"100":{"start":{"line":620,"column":8},"end":{"line":620,"column":19}},"101":{"start":{"line":645,"column":8},"end":{"line":645,"column":86}}},"branchMap":{"1":{"line":76,"type":"if","locations":[{"start":{"line":76,"column":8},"end":{"line":76,"column":8}},{"start":{"line":76,"column":8},"end":{"line":76,"column":8}}]},"2":{"line":79,"type":"if","locations":[{"start":{"line":79,"column":8},"end":{"line":79,"column":8}},{"start":{"line":79,"column":8},"end":{"line":79,"column":8}}]},"3":{"line":105,"type":"if","locations":[{"start":{"line":105,"column":13},"end":{"line":105,"column":13}},{"start":{"line":105,"column":13},"end":{"line":105,"column":13}}]},"4":{"line":105,"type":"if","locations":[{"start":{"line":105,"column":26},"end":{"line":105,"column":26}},{"start":{"line":105,"column":26},"end":{"line":105,"column":26}}]},"5":{"line":107,"type":"if","locations":[{"start":{"line":107,"column":8},"end":{"line":107,"column":8}},{"start":{"line":107,"column":8},"end":{"line":107,"column":8}}]},"6":{"line":110,"type":"if","locations":[{"start":{"line":110,"column":8},"end":{"line":110,"column":8}},{"start":{"line":110,"column":8},"end":{"line":110,"column":8}}]},"7":{"line":121,"type":"if","locations":[{"start":{"line":121,"column":8},"end":{"line":121,"column":8}},{"start":{"line":121,"column":8},"end":{"line":121,"column":8}}]},"8":{"line":177,"type":"if","locations":[{"start":{"line":177,"column":8},"end":{"line":177,"column":8}},{"start":{"line":177,"column":8},"end":{"line":177,"column":8}}]},"9":{"line":179,"type":"if","locations":[{"start":{"line":179,"column":12},"end":{"line":179,"column":12}},{"start":{"line":179,"column":12},"end":{"line":179,"column":12}}]},"10":{"line":182,"type":"if","locations":[{"start":{"line":182,"column":16},"end":{"line":182,"column":16}},{"start":{"line":182,"column":16},"end":{"line":182,"column":16}}]},"11":{"line":204,"type":"if","locations":[{"start":{"line":204,"column":114},"end":{"line":204,"column":114}},{"start":{"line":204,"column":114},"end":{"line":204,"column":114}}]},"12":{"line":218,"type":"if","locations":[{"start":{"line":218,"column":65},"end":{"line":218,"column":65}},{"start":{"line":218,"column":65},"end":{"line":218,"column":65}}]},"13":{"line":239,"type":"if","locations":[{"start":{"line":239,"column":62},"end":{"line":239,"column":62}},{"start":{"line":239,"column":62},"end":{"line":239,"column":62}}]},"14":{"line":239,"type":"if","locations":[{"start":{"line":239,"column":75},"end":{"line":239,"column":75}},{"start":{"line":239,"column":75},"end":{"line":239,"column":75}}]},"15":{"line":240,"type":"if","locations":[{"start":{"line":240,"column":8},"end":{"line":240,"column":8}},{"start":{"line":240,"column":8},"end":{"line":240,"column":8}}]},"16":{"line":246,"type":"if","locations":[{"start":{"line":246,"column":8},"end":{"line":246,"column":8}},{"start":{"line":246,"column":8},"end":{"line":246,"column":8}}]},"17":{"line":250,"type":"if","locations":[{"start":{"line":250,"column":8},"end":{"line":250,"column":8}},{"start":{"line":250,"column":8},"end":{"line":250,"column":8}}]},"18":{"line":270,"type":"if","locations":[{"start":{"line":270,"column":8},"end":{"line":270,"column":8}},{"start":{"line":270,"column":8},"end":{"line":270,"column":8}}]},"19":{"line":283,"type":"if","locations":[{"start":{"line":283,"column":8},"end":{"line":283,"column":8}},{"start":{"line":283,"column":8},"end":{"line":283,"column":8}}]},"20":{"line":288,"type":"if","locations":[{"start":{"line":288,"column":12},"end":{"line":288,"column":12}},{"start":{"line":288,"column":12},"end":{"line":288,"column":12}}]},"21":{"line":329,"type":"if","locations":[{"start":{"line":329,"column":40},"end":{"line":329,"column":65}},{"start":{"line":329,"column":69},"end":{"line":329,"column":90}}]},"22":{"line":341,"type":"if","locations":[{"start":{"line":341,"column":40},"end":{"line":341,"column":66}},{"start":{"line":341,"column":70},"end":{"line":341,"column":99}}]},"23":{"line":363,"type":"if","locations":[{"start":{"line":363,"column":8},"end":{"line":363,"column":8}},{"start":{"line":363,"column":8},"end":{"line":363,"column":8}}]},"24":{"line":369,"type":"if","locations":[{"start":{"line":369,"column":12},"end":{"line":369,"column":12}},{"start":{"line":369,"column":12},"end":{"line":369,"column":12}}]},"25":{"line":387,"ty
[...]
end":{"line":290,"column":8}},{"start":{"line":290,"column":8},"end":{"line":290,"column":8}}]},"22":{"line":335,"type":"if","locations":[{"start":{"line":335,"column":8},"end":{"line":335,"column":8}},{"start":{"line":335,"column":8},"end":{"line":335,"column":8}}]},"23":{"line":338,"type":"if","locations":[{"start":{"line":338,"column":8},"end":{"line":338,"column":8}},{"start":{"line":338,"column":8},"end":{"line":338,"column":8}}]},"24":{"line":363,"type":"if","locations":[{"start":{"line":363,"column":67},"end":{"line":363,"column":67}},{"start":{"line":363,"column":67},"end":{"line":363,"column":67}}]},"25":{"line":364,"type":"if","locations":[{"start":{"line":364,"column":8},"end":{"line":364,"column":8}},{"start":{"line":364,"column":8},"end":{"line":364,"column":8}}]},"26":{"line":380,"type":"if","locations":[{"start":{"line":380,"column":49},"end":{"line":380,"column":49}},{"start":{"line":380,"column":49},"end":{"line":380,"column":49}}]},"27":{"line":381,"type":"if","locations":[{"start":{"line":381,"column":8},"end":{"line":381,"column":8}},{"start":{"line":381,"column":8},"end":{"line":381,"column":8}}]},"28":{"line":393,"type":"if","locations":[{"start":{"line":393,"column":72},"end":{"line":393,"column":72}},{"start":{"line":393,"column":72},"end":{"line":393,"column":72}}]},"29":{"line":394,"type":"if","locations":[{"start":{"line":394,"column":8},"end":{"line":394,"column":8}},{"start":{"line":394,"column":8},"end":{"line":394,"column":8}}]},"30":{"line":397,"type":"if","locations":[{"start":{"line":397,"column":8},"end":{"line":397,"column":8}},{"start":{"line":397,"column":8},"end":{"line":397,"column":8}}]},"31":{"line":409,"type":"if","locations":[{"start":{"line":409,"column":8},"end":{"line":409,"column":8}},{"start":{"line":409,"column":8},"end":{"line":409,"column":8}}]},"32":{"line":423,"type":"if","locations":[{"start":{"line":423,"column":98},"end":{"line":423,"column":98}},{"start":{"line":423,"column":98},"end":{"line":423,"column":98}}]},"33":{"line":424,"type":"if","locations":[{"start":{"line":424,"column":8},"end":{"line":424,"column":8}},{"start":{"line":424,"column":8},"end":{"line":424,"column":8}}]},"34":{"line":487,"type":"cond-expr","locations":[{"start":{"line":487,"column":12},"end":{"line":487,"column":56}},{"start":{"line":488,"column":12},"end":{"line":488,"column":47}}]}}},"contracts/modules/DefaultReleaseStrategy.sol":{"l":{"24":0,"36":0,"43":1,"51":1,"59":1,"74":3},"path":"/home/user/Code/hardhat-deploy-hybrid/contracts/modules/DefaultReleaseStrategy.sol","s":{"1":0,"2":0,"3":1,"4":1,"5":1,"6":3},"b":{"1":[1,2]},"f":{"1":0,"2":0,"3":1,"4":1,"5":1,"6":3},"fnMap":{"1":{"name":"canRelease","line":16,"loc":{"start":{"line":16,"column":4},"end":{"line":25,"column":4}}},"2":{"name":"executeRelease","line":30,"loc":{"start":{"line":30,"column":4},"end":{"line":37,"column":4}}},"3":{"name":"strategyName","line":42,"loc":{"start":{"line":42,"column":4},"end":{"line":44,"column":4}}},"4":{"name":"moduleName","line":50,"loc":{"start":{"line":50,"column":4},"end":{"line":52,"column":4}}},"5":{"name":"moduleVersion","line":58,"loc":{"start":{"line":58,"column":4},"end":{"line":60,"column":4}}},"6":{"name":"supportsInterface","line":67,"loc":{"start":{"line":67,"column":4},"end":{"line":77,"column":4}}}},"statementMap":{"1":{"start":{"line":24,"column":8},"end":{"line":24,"column":25}},"2":{"start":{"line":36,"column":8},"end":{"line":36,"column":36}},"3":{"start":{"line":43,"column":8},"end":{"line":43,"column":36}},"4":{"start":{"line":51,"column":8},"end":{"line":51,"column":36}},"5":{"start":{"line":59,"column":8},"end":{"line":59,"column":22}},"6":{"start":{"line":74,"column":8},"end":{"line":74,"column":2502}}},"branchMap":{"1":{"line":75,"type":"cond-expr","locations":[{"start":{"line":75,"column":12},"end":{"line":75,"column":60}},{"start":{"line":76,"column":12},"end":{"line":76,"column":47}}]}}},"contracts/modules/DefaultYieldDistributionModule.sol":{"l":{"38":0,"39":0,"44":0,"45":0,"49":0,"53":0,"54":0,"57":0,"58":0,"62":0,"63":0,"64":0,"65":0,"67":0,"68":0,"72":0,"73":0,"74":0,"75":0,"76":0,"79":0,"80":0,"81":0,"82":0,"83":0,"87":0,"95":1,"103":1,"110":1},"path":"/home/user/Code/hardhat-deploy-hybrid/contracts/modules/DefaultYieldDistributionModule.sol","s":{"1":0,"2":0,"3":0,"4":0,"5":0,"6":0,"7":0,"8":0,"9":0,"10":0,"11":0,"12":0,"13":0,"14":0,"15":0,"16":0,"17":0,"18":0,"19":0,"20":0,"21":0,"22":0,"23":0,"24":1,"25":1,"26":1},"b":{"1":[0,0],"2":[0,0],"3":[0,0],"4":[0,0],"5":[0,0],"6":[0,0],"7":[0,0],"8":[0,0],"9":[0,0],"10":[0,1]},"f":{"1":0,"2":1,"3":1,"4":1},"fnMap":{"1":{"name":"distributeYield","line":32,"loc":{"start":{"line":32,"column":4},"end":{"line":88,"column":4}}},"2":{"name":"moduleName","line":94,"loc":{"start":{"line":94,"column":4},"end":{"line":96,"column":4}}},"3":{"name":"moduleVersion","line":102,"loc":{"start":{"line":102,"column":4},"end":{"line":104,"column":4}}},"4":{"name":"supportsInterface","line":109,"loc":{"start":{"line":109,"column":4},"end":{"line":113,"column":4}}}},"statementMap":{"1":{"start":{"line":38,"column":8},"end":{"line":38,"column":1717}},"2":{"start":{"line":39,"column":12},"end":{"line":39,"column":28}},"3":{"start":{"line":44,"column":8},"end":{"line":44,"column":1976}},"4":{"start":{"line":45,"column":12},"end":{"line":45,"column":28}},"5":{"start":{"line":49,"column":8},"end":{"line":49,"column":2161}},"6":{"start":{"line":53,"column":8},"end":{"line":53,"column":2291}},"7":{"start":{"line":54,"column":12},"end":{"line":54,"column":29}},"8":{"start":{"line":57,"column":8},"end":{"line":57,"column":2422}},"9":{"start":{"line":58,"column":12},"end":{"line":58,"column":29}},"10":{"start":{"line":62,"column":8},"end":{"line":62,"column":46}},"11":{"start":{"line":63,"column":8},"end":{"line":63,"column":35}},"12":{"start":{"line":64,"column":8},"end":{"line":64,"column":2703}},"13":{"start":{"line":67,"column":8},"end":{"line":67,"column":2819}},"14":{"start":{"line":68,"column":12},"end":{"line":68,"column":29}},"15":{"start":{"line":72,"column":8},"end":{"line":72,"column":36}},"16":{"start":{"line":73,"column":8},"end":{"line":73,"column":3016}},"17":{"start":{"line":74,"column":12},"end":{"line":74,"column":45}},"18":{"start":{"line":75,"column":12},"end":{"line":75,"column":3129}},"19":{"start":{"line":79,"column":12},"end":{"line":79,"column":83}},"20":{"start":{"line":80,"column":12},"end":{"line":80,"column":3331}},"21":{"start":{"line":81,"column":16},"end":{"line":81,"column":59}},"22":{"start":{"line":83,"column":16},"end":{"line":83,"column":67}},"23":{"start":{"line":87,"column":8},"end":{"line":87,"column":39}},"24":{"start":{"line":95,"column":8},"end":{"line":95,"column":41}},"25":{"start":{"line":103,"column":8},"end":{"line":103,"column":22}},"26":{"start":{"line":110,"column":8},"end":{"line":110,"column":4281}}},"branchMap":{"1":{"line":38,"type":"if","locations":[{"start":{"line":38,"column":8},"end":{"line":38,"column":8}},{"start":{"line":38,"column":8},"end":{"line":38,"column":8}}]},"2":{"line":44,"type":"if","locations":[{"start":{"line":44,"column":8},"end":{"line":44,"column":8}},{"start":{"line":44,"column":8},"end":{"line":44,"column":8}}]},"3":{"line":53,"type":"if","locations":[{"start":{"line":53,"column":8},"end":{"line":53,"column":8}},{"start":{"line":53,"column":8},"end":{"line":53,"column":8}}]},"4":{"line":53,"type":"cond-expr","locations":[{"start":{"line":53,"column":12},"end":{"line":53,"column":33}},{"start":{"line":53,"column":38},"end":{"line":53,"column":76}}]},"5":{"line":57,"type":"if","locations":[{"start":{"line":57,"column":8},"end":{"line":57,"column":8}},{"start":{"line":57,"column":8},"end":{"line":57,"column":8}}]},"6":{"line":57,"type":"cond-expr","locations":[{"start":{"line":57,"column":12},"end":{"line":57,"column":33}},{"start":{"line":57,"column":38},"end":{"line":57,"column":76}}]},"7":{"line":67,"type":"if","locations":[{"start":{"line":67,"column":8},"end":{"line":67,"column":8}},{"start":{"line":67,"column":8},"end":{"line":67,"column":8}}]},"8":{"line":75,"type":"if","locations":[{"start":{"line":75,"column":12},"end":{"line":75,"column":12}},{"start":{"line":75,"column":12},"end":{"line":75,"column":12}}]},"9":{"line":80,"type":"if","locations":[{"start":{"line":80,"column":12},"end":{"line":80,"column":12}},{"start":{"line":80,"column":12},"end":{"line":80,"column":12}}]},"10":{"line":111,"type":"cond-expr","locations":[{"start":{"line":111,"column":12},"end":{"line":111,"column":68}},{"start":{"line":112,"column":12},"end":{"line":112,"column":47}}]}}},"contracts/modules/DefaultYieldModule.sol":{"l":{"25":0,"40":0,"52":0,"62":0,"72":0,"80":0,"87":0,"95":0,"102":0},"path":"/home/user/Code/hardhat-deploy-hybrid/contracts/modules/DefaultYieldModule.sol","s":{"1":0,"2":0,"3":0,"4":0,"5":0,"6":0,"7":0,"8":0,"9":0},"b":{"1":[0,0]},"f":{"1":0,"2":0,"3":0,"4":0,"5":0,"6":0,"7":0,"8":0,"9":0},"fnMap":{"1":{"name":"depositForYield","line":20,"loc":{"start":{"line":20,"column":4},"end":{"line":26,"column":4}}},"2":{"name":"withdrawWithYield","line":31,"loc":{"start":{"line":31,"column":4},"end":{"line":41,"column":4}}},"3":{"name":"withdrawProportional","line":46,"loc":{"start":{"line":46,"column":4},"end":{"line":53,"column":4}}},"4":{"name":"calculateYield","line":58,"loc":{"start":{"line":58,"column":4},"end":{"line":63,"column":4}}},"5":{"name":"isTokenSupported","line":71,"loc":{"start":{"line":71,"column":4},"end":{"line":73,"column":4}}},"6":{"name":"getApprovalTarget","line":79,"loc":{"start":{"line":79,"column":4},"end":{"line":81,"column":4}}},"7":{"name":"moduleName","line":86,"loc":{"start":{"line":86,"column":4},"end":{"line":88,"column":4}}},"8":{"name":"moduleVersion","line":94,"loc":{"start":{"line":94,"column":4},"end":{"line":96,"column":4}}},"9":{"name":"supportsInterface","line":101,"loc":{"start":{"line":101,"column":4},"end":{"line":105,"column":4}}}},"statementMap":{"1":{"start":{"line":25,"column":8},"end":{"line":25,"column":24}},"2":{"start":{"line":40,"column":8},"end":{"line":40,"column":40}},"3":{"start":{"line":52,"column":8},"end":{"line":52,"column":29}},"4":{"start":{"line":62,"column":8},"end":{"line":62,"column":16}},"5":{"start":{"line":72,"column":8},"end":{"line":72,"column":20}},"6":{"start":{"line":80,"column":8},"end":{"line":80,"column":25}},"7":{"start":{"line":87,"column":8},"end":{"line":87,"column":31}},"8":{"start":{"line":95,"column":8},"end":{"line":95,"column":22}},"9":{"start":{"line":102,"column":8},"end":{"line":102,"column":3160}}},"branchMap":{"1":{"line":103,"type":"cond-expr","locations":[{"start":{"line":103,"column":12},"end":{"line":103,"column":66}},{"start":{"line":104,"column":12},"end":{"line":104,"column":47}}]}}},"contracts/modules/TestYieldDistributionModule.sol":{"l":{"33":0,"34":0,"36":0,"37":0,"38":0,"40":0,"42":0,"43":0,"44":0,"62":0,"63":0,"66":0,"67":0,"70":0,"71":0,"74":0,"75":0,"77":0,"78":0,"82":0,"83":0,"87":0,"88":0,"89":0,"91":0,"92":0,"97":0,"98":0,"99":0,"100":0,"101":0,"104":0,"105":0,"107":0,"108":0,"109":0,"113":0,"121":0,"129":0,"136":0},"path":"/home/user/Code/hardhat-deploy-hybrid/contracts/modules/TestYieldDistributionModule.sol","s":{"1":0,"2":0,"3":0,"4":0,"5":0,"6":0,"7":0,"8":0,"9":0,"10":0,"11":0,"12":0,"13":0,"14":0,"15":0,"16":0,"17":0,"18":0,"19":0,"20":0,"21":0,"22":0,"23":0,"24":0,"25":0,"26":0,"27":0,"28":0,"29":0,"30":0,"31":0},"b":{"1":[0,0],"2":[0,0],"3":[0,0],"4":[0,0],"5":[0,0],"6":[0,0],"7":[0,0],"8":[0,0],"9":[0,0],"10":[0,0],"11":[0,0],"12":[0,0]},"f":{"1":0,"2":0,"3":0,"4":0,"5":0},"fnMap":{"1":{"name":"setDefaultDistribution","line":29,"loc":{"start":{"line":29,"column":4},"end":{"line":45,"column":4}}},"2":{"name":"distributeYield","line":56,"loc":{"start":{"line":56,"column":4},"end":{"line":114,"column":4}}},"3":{"name":"moduleName","line":120,"loc":{"start":{"line":120,"column":4},"end":{"line":122,"column":4}}},"4":{"name":"moduleVersion","line":128,"loc":{"start":{"line":128,"column":4},"end":{"line":130,"column":4}}},"5":{"name":"supportsInterface","line":135,"loc":{"start":{"line":135,"column":4},"end":{"line":139,"column":4}}}},"statementMap":{"1":{"start":{"line":33,"column":8},"end":{"line":33,"column":80}},"2":{"start":{"line":34,"column":8},"end":{"line":34,"column":73}},"3":{"start":{"line":36,"column":8},"end":{"line":36,"column":25}},"4":{"start":{"line":37,"column":8},"end":{"line":37,"column":1473}},"5":{"start":{"line":40,"column":8},"end":{"line":40,"column":63}},"6":{"start":{"line":44,"column":8},"end":{"line":44,"column":60}},"7":{"start":{"line":62,"column":8},"end":{"line":62,"column":2482}},"8":{"start":{"line":63,"column":12},"end":{"line":63,"column":28}},"9":{"start":{"line":66,"column":8},"end":{"line":66,"column":35}},"10":{"start":{"line":67,"column":8},"end":{"line":67,"column":36}},"11":{"start":{"line":70,"column":8},"end":{"line":70,"column":2714}},"12":{"start":{"line":74,"column":12},"end":{"line":74,"column":2930}},"13":{"start":{"line":75,"column":16},"end":{"line":75,"column":32}},"14":{"start":{"line":82,"column":8},"end":{"line":82,"column":3191}},"15":{"start":{"line":83,"column":12},"end":{"line":83,"column":29}},"16":{"start":{"line":87,"column":8},"end":{"line":87,"column":35}},"17":{"start":{"line":88,"column":8},"end":{"line":88,"column":3424}},"18":{"start":{"line":91,"column":8},"end":{"line":91,"column":3540}},"19":{"start":{"line":92,"column":12},"end":{"line":92,"column":29}},"20":{"start":{"line":97,"column":8},"end":{"line":97,"column":36}},"21":{"start":{"line":98,"column":8},"end":{"line":98,"column":3768}},"22":{"start":{"line":99,"column":12},"end":{"line":99,"column":45}},"23":{"start":{"line":100,"column":12},"end":{"line":100,"column":3881}},"24":{"start":{"line":104,"column":12},"end":{"line":104,"column":66}},"25":{"start":{"line":105,"column":12},"end":{"line":105,"column":4066}},"26":{"start":{"line":107,"column":16},"end":{"line":107,"column":59}},"27":{"start":{"line":109,"column":16},"end":{"line":109,"column":67}},"28":{"start":{"line":113,"column":8},"end":{"line":113,"column":39}},"29":{"start":{"line":121,"column":8},"end":{"line":121,"column":38}},"30":{"start":{"line":129,"column":8},"end":{"line":129,"column":22}},"31":{"start":{"line":136,"column":8},"end":{"line":136,"column":5099}}},"branchMap":{"1":{"line":33,"type":"if","locations":[{"start":{"line":33,"column":8},"end":{"line":33,"column":8}},{"start":{"line":33,"column":8},"end":{"line":33,"column":8}}]},"2":{"line":34,"type":"if","locations":[{"start":{"line":34,"column":8},"end":{"line":34,"column":8}},{"start":{"line":34,"column":8},"end":{"line":34,"column":8}}]},"3":{"line":40,"type":"if","locations":[{"start":{"line":40,"column":8},"end":{"line":40,"column":8}},{"start":{"line":40,"column":8},"end":{"line":40,"column":8}}]},"4":{"line":62,"type":"if","locations":[{"start":{"line":62,"column":8},"end":{"line":62,"column":8}},{"start":{"line":62,"column":8},"end":{"line":62,"column":8}}]},"5":{"line":70,"type":"if","locations":[{"start":{"line":70,"column":8},"end":{"line":70,"column":8}},{"start":{"line":70,"column":8},"end":{"line":70,"column":8}}]},"6":{"line":74,"type":"if","locations":[{"start":{"line":74,"column":12},"end":{"line":74,"column":12}},{"start":{"line":74,"column":12},"end":{"line":74,"column":12}}]},"7":{"line":82,"type":"if","locations":[{"start":{"line":82,"column":8},"end":{"line":82,"column":8}},{"start":{"line":82,"column":8},"end":{"line":82,"column":8}}]},"8":{"line":82,"type":"cond-expr","locations":[{"start":{"line":82,"column":12},"end":{"line":82,"column":33}},{"start":{"line":82,"column":38},"end":{"line":82,"column":76}}]},"9":{"line":91,"type":"if","locations":[{"start":{"line":91,"column":8},"end":{"line":91,"column":8}},{"start":{"line":91,"column":8},"end":{"line":91,"column":8}}]},"10":{"line":100,"type":"if","locations":[{"start":{"line":100,"column":12},"end":{"line":100,"column":12}},{"start":{"line":100,"column":12},"end":{"line":100,"column":12}}]},"11":{"line":105,"type":"if","locations":[{"start":{"line":105,"column":12},"end":{"line":105,"column":12}},{"start":{"line":105,"column":12},"end":{"line":105,"column":12}}]},"12":{"line":137,"type":"cond-expr","locations":[{"start":{"line":137,"column":12},"end":{"line":137,"column":68}},{"start":{"line":138,"column":12},"end":{"line":138,"column":47}}]}}},"contracts/shared/governance/SlowLaneQueueActivateUpgradeable.sol":{"l":{"71":4,"72":0,"74":4,"75":4,"76":4,"86":3,"87":0,"89":3,"90":1,"92":2,"94":2,"95":2,"96":2,"97":2,"107":2,"108":2,"109":2,"119":1,"120":0,"122":1,"123":0,"125":1,"127":1,"128":1,"129":1,"130":1,"145":1,"160":0},"path":"/home/user/Code/hardhat-deploy-hybrid/contracts/shared/governance/SlowLaneQueueActivateUpgradeable.sol","s":{"1":4,"2":3,"3":3,"4":2,"5":2,"6":1,"7":1,"8":1,"9":1,"10":1,"11":0},"b":{"1":[0,4],"2":[0,3],"3":[1,2],"4":[0,1],"5":[0,1]},"f":{"1":4,"2":3,"3":2,"4":1,"5":1,"6":0},"fnMap":{"1":{"name":"_queueAddress","line":70,"loc":{"start":{"line":70,"column":4},"end":{"line":77,"column":4}}},"2":{"name":"_activateAddress","line":85,"loc":{"start":{"line":85,"column":4},"end":{"line":98,"column":4}}},"3":{"name":"_queueUint","line":106,"loc":{"start":{"line":106,"column":4},"end":{"line":110,"column":4}}},"4":{"name":"_activateUint","line":118,"loc":{"start":{"line":118,"column":4},"end":{"line":131,"column":4}}},"5":{"name":"getPendingAddress","line":140,"loc":{"start":{"line":140,"column":4},"end":{"line":146,"column":4}}},"6":{"name":"getPendingUint","line":155,"loc":{"start":{"line":155,"column":4},"end":{"line":161,"column":4}}}},"statementMap":{"1":{"start":{"line":71,"column":8},"end":{"line":71,"column":2474}},"2":{"start":{"line":86,"column":8},"end":{"line":86,"column":3020}},"3":{"start":{"line":89,"column":8},"end":{"line":89,"column":3093}},"4":{"start":{"line":92,"column":8},"end":{"line":92,"column":37}},"5":{"start":{"line":97,"column":8},"end":{"line":97,"column":20}},"6":{"start":{"line":119,"column":8},"end":{"line":119,"column":4132}},"7":{"start":{"line":122,"column":8},"end":{"line":122,"column":4205}},"8":{"start":{"line":125,"column":8},"end":{"line":125,"column":37}},"9":{"start":{"line":130,"column":8},"end":{"line":130,"column":20}},"10":{"start":{"line":145,"column":8},"end":{"line":145,"column":59}},"11":{"start":{"line":160,"column":8},"end":{"line":160,"column":59}}},"branchMap":{"1":{"line":71,"type":"if","locations":[{"start":{"line":71,"column":8},"end":{"line":71,"column":8}},{"start":{"line":71,"column":8},"end":{"line":71,"column":8}}]},"2":{"line":86,"type":"if","locations":[{"start":{"line":86,"column":8},"end":{"line":86,"column":8}},{"start":{"line":86,"column":8},"end":{"line":86,"column":8}}]},"3":{"line":89,"type":"if","locations":[{"start":{"line":89,"column":8},"end":{"line":89,"column":8}},{"start":{"line":89,"column":8},"end":{"line":89,"column":8}}]},"4":{"line":119,"type":"if","locations":[{"start":{"line":119,"column":8},"end":{"line":119,"column":8}},{"start":{"line":119,"column":8},"end":{"line":119,"column":8}}]},"5":{"line":122,"type":"if","locations":[{"start":{"line":122,"column":8},"end":{"line":122,"column":8}},{"start":{"line":122,"column":8},"end":{"line":122,"column":8}}]}}},"contracts/shared/interfaces/IResolutionModule.sol":{"l":{},"path":"/home/user/Code/hardhat-deploy-hybrid/contracts/shared/interfaces/IResolutionModule.sol","s":{},"b":{},"f":{},"fnMap":{},"statementMap":{},"branchMap":{}},"contracts/token/SewToken.sol":{"l":{"34":2},"path":"/home/user/Code/hardhat-deploy-hybrid/contracts/token/SewToken.sol","s":{"1":2},"b":{},"f":{"1":2},"fnMap":{"1":{"name":"constructor","line":33,"loc":{"start":{"line":28,"column":4},"end":{"line":35,"column":4}}}},"statementMap":{"1":{"start":{"line":34,"column":8},"end":{"line":34,"column":41}}},"branchMap":{}},"contracts/types/EscrowTypes.sol":{"l":{},"path":"/home/user/Code/hardhat-deploy-hybrid/contracts/types/EscrowTypes.sol","s":{},"b":{},"f":{},"fnMap":{},"statementMap":{},"branchMap":{}}}