TN:
SF:contracts/CreateOps.sol
DA:61,0
FN:61,CreateOps.constructor
FNDA:0,CreateOps.constructor
DA:62,0
BRDA:62,0,0,-
DA:63,0
DA:65,0
DA:73,0
FN:73,CreateOps.registerEscrowContract
FNDA:0,CreateOps.registerEscrowContract
DA:74,0
BRDA:74,1,0,-
DA:75,0
DA:85,0
FN:85,CreateOps.pauseYieldDeposits
FNDA:0,CreateOps.pauseYieldDeposits
DA:86,0
BRDA:86,2,0,-
DA:87,0
DA:89,0
BRDA:89,3,0,-
DA:91,0
DA:92,0
DA:100,0
FN:100,CreateOps.resumeYieldDeposits
FNDA:0,CreateOps.resumeYieldDeposits
DA:101,0
BRDA:101,4,0,-
DA:103,0
DA:104,0
DA:133,0
FN:133,CreateOps.computeEscrowCreation
FNDA:0,CreateOps.computeEscrowCreation
DA:144,0
BRDA:144,5,0,-
DA:145,0
BRDA:145,6,0,-
DA:146,0
DA:147,0
DA:150,0
DA:151,0
DA:154,0
DA:155,0
DA:158,0
DA:168,0
DA:169,0
BRDA:169,7,0,-
BRDA:169,7,1,-
DA:171,0
DA:173,0
DA:175,0
DA:178,0
DA:194,0
FN:194,CreateOps._getDisputeResolverForNewEscrow
FNDA:0,CreateOps._getDisputeResolverForNewEscrow
DA:202,0
BRDA:202,8,0,-
DA:203,0
DA:207,0
BRDA:207,9,0,-
DA:208,0
DA:212,0
DA:213,0
DA:221,0
BRDA:221,10,0,-
DA:222,0
DA:225,0
DA:226,0
FNF:6
FNH:0
LF:44
LH:0
BRF:12
BRH:0
end_of_record
TN:
SF:contracts/DisputeOps.sol
DA:35,0
FN:35,DisputeOps.constructor
FNDA:0,DisputeOps.constructor
DA:36,0
BRDA:36,0,0,-
DA:37,0
DA:39,0
DA:47,0
FN:47,DisputeOps.registerEscrowContract
FNDA:0,DisputeOps.registerEscrowContract
DA:48,0
BRDA:48,1,0,-
DA:49,0
DA:80,0
FN:80,DisputeOps.computeEscalation
FNDA:0,DisputeOps.computeEscalation
DA:90,0
DA:93,0
BRDA:93,2,0,-
DA:94,0
DA:95,0
DA:99,0
BRDA:99,3,0,-
DA:100,0
DA:101,0
DA:105,0
BRDA:105,4,0,-
DA:106,0
DA:107,0
DA:111,0
DA:114,0
BRDA:114,5,0,-
DA:118,0
DA:119,0
BRDA:119,5,1,-
DA:120,0
DA:121,0
DA:128,0
DA:132,0
BRDA:132,6,0,-
DA:134,0
DA:136,0
DA:138,0
DA:142,0
BRDA:142,7,0,-
BRDA:142,7,1,-
DA:144,0
BRDA:144,8,0,-
DA:145,0
DA:146,0
DA:148,0
BRDA:148,9,0,-
BRDA:148,9,1,-
DA:150,0
BRDA:150,10,0,-
DA:151,0
DA:152,0
DA:154,0
BRDA:154,11,0,-
DA:156,0
DA:157,0
DA:165,0
BRDA:165,12,0,-
DA:166,0
DA:172,0
BRDA:172,13,0,-
DA:173,0
DA:174,0
DA:176,0
DA:177,0
BRDA:177,12,1,-
DA:178,0
DA:179,0
DA:183,0
BRDA:183,14,0,-
DA:188,0
BRDA:188,15,0,-
DA:189,0
DA:190,0
DA:194,0
BRDA:194,16,0,-
DA:195,0
DA:196,0
DA:199,0
DA:200,0
DA:201,0
DA:202,0
DA:203,0
BRDA:203,14,1,-
DA:204,0
DA:205,0
DA:217,0
FN:217,DisputeOps.validateEscalationFee
FNDA:0,DisputeOps.validateEscalationFee
DA:221,0
BRDA:221,17,0,-
DA:222,0
DA:225,0
DA:226,0
BRDA:226,18,0,-
DA:227,0
DA:229,0
DA:241,0
FN:241,DisputeOps.encodeEscrowData
FNDA:0,DisputeOps.encodeEscrowData
DA:247,0
FNF:5
FNH:0
LF:72
LH:0
BRF:24
BRH:0
end_of_record
TN:
SF:contracts/SettlementOps.sol
DA:52,0
FN:52,SettlementOps.constructor
FNDA:0,SettlementOps.constructor
DA:53,0
BRDA:53,0,0,-
DA:54,0
DA:56,0
DA:64,0
FN:64,SettlementOps.registerEscrowContract
FNDA:0,SettlementOps.registerEscrowContract
DA:65,0
BRDA:65,1,0,-
DA:66,0
DA:92,0
FN:92,SettlementOps.computeResolutionExecution
FNDA:0,SettlementOps.computeResolutionExecution
DA:98,0
DA:99,0
DA:100,0
DA:101,0
DA:106,0
BRDA:106,2,0,-
DA:108,0
DA:109,0
DA:113,0
BRDA:113,3,0,-
DA:115,0
DA:116,0
DA:121,0
DA:125,0
BRDA:125,4,0,-
BRDA:125,4,1,-
DA:127,0
DA:130,0
DA:134,0
BRDA:134,5,0,-
DA:135,0
DA:138,0
DA:151,0
FN:151,SettlementOps.computePendingSettlementExecution
FNDA:0,SettlementOps.computePendingSettlementExecution
DA:160,0
BRDA:160,6,0,-
DA:161,0
DA:165,0
BRDA:165,7,0,-
DA:166,0
DA:170,0
BRDA:170,8,0,-
DA:171,0
DA:174,0
DA:186,0
FN:186,SettlementOps.computeTimedActions
FNDA:0,SettlementOps.computeTimedActions
DA:194,0
DA:195,0
DA:196,0
DA:197,0
BRDA:197,9,0,-
DA:198,0
DA:202,0
BRDA:202,10,0,-
DA:203,0
DA:206,0
BRDA:206,11,0,-
BRDA:206,11,1,-
DA:207,0
DA:208,0
BRDA:208,12,0,-
DA:209,0
DA:212,0
FNF:5
FNH:0
LF:46
LH:0
BRF:15
BRH:0
end_of_record
TN:
SF:contracts/YieldOps.sol
DA:71,0
FN:71,YieldOps.constructor
FNDA:0,YieldOps.constructor
DA:72,0
BRDA:72,0,0,-
DA:73,0
DA:75,0
DA:83,0
FN:83,YieldOps.registerEscrowContract
FNDA:0,YieldOps.registerEscrowContract
DA:84,0
BRDA:84,1,0,-
DA:85,0
DA:113,0
FN:113,YieldOps.distributeWithdrawnYield
FNDA:0,YieldOps.distributeWithdrawnYield
DA:122,0
BRDA:122,2,0,-
DA:124,0
DA:125,0
DA:128,0
BRDA:128,3,0,-
DA:129,0
BRDA:129,4,0,-
DA:130,0
DA:131,0
BRDA:131,5,0,-
DA:132,0
DA:133,0
BRDA:133,6,0,-
DA:134,0
DA:135,0
DA:136,0
DA:141,0
BRDA:141,7,0,-
DA:142,0
BRDA:142,8,0,-
DA:143,0
DA:144,0
DA:145,0
BRDA:145,8,1,-
DA:146,0
DA:147,0
BRDA:147,8,2,-
DA:148,0
DA:154,0
BRDA:154,9,0,-
DA:155,0
DA:156,0
DA:157,0
DA:163,0
DA:164,0
DA:168,0
BRDA:168,10,0,-
DA:169,0
DA:170,0
DA:171,0
DA:177,0
BRDA:177,11,0,-
DA:178,0
DA:180,0
DA:199,0
FN:199,YieldOps.handleYield
FNDA:0,YieldOps.handleYield
DA:209,0
DA:210,0
DA:211,0
DA:212,0
DA:215,0
BRDA:215,12,0,-
DA:216,0
DA:220,0
BRDA:220,13,0,-
DA:225,0
BRDA:225,14,0,-
DA:226,0
DA:227,0
BRDA:227,15,0,-
DA:228,0
DA:229,0
DA:232,0
BRDA:232,13,1,-
DA:234,0
DA:238,0
BRDA:238,16,0,-
DA:239,0
DA:240,0
DA:244,0
BRDA:244,17,0,-
DA:245,0
BRDA:245,18,0,-
DA:246,0
BRDA:246,19,0,-
DA:247,0
DA:248,0
BRDA:248,20,0,-
DA:249,0
DA:251,0
DA:252,0
DA:257,0
BRDA:257,21,0,-
BRDA:257,21,1,-
DA:258,0
BRDA:258,22,0,-
DA:259,0
DA:260,0
DA:261,0
BRDA:261,22,1,-
DA:262,0
DA:263,0
DA:266,0
BRDA:266,23,0,-
DA:267,0
DA:268,0
DA:269,0
DA:271,0
BRDA:271,22,2,-
DA:272,0
DA:273,0
DA:276,0
BRDA:276,24,0,-
DA:277,0
DA:278,0
DA:279,0
DA:282,0
BRDA:282,25,0,-
DA:284,0
BRDA:284,26,0,-
BRDA:284,26,1,-
DA:285,0
DA:286,0
DA:287,0
DA:290,0
DA:292,0
DA:296,0
DA:309,0
FN:309,YieldOps._distributeYieldInternal
FNDA:0,YieldOps._distributeYieldInternal
DA:316,0
BRDA:316,27,0,-
DA:318,0
BRDA:318,28,0,-
DA:323,0
DA:328,0
DA:338,0
BRDA:338,29,0,-
DA:339,0
DA:344,0
BRDA:344,30,0,-
DA:345,0
DA:353,0
DA:364,0
FN:364,YieldOps.recoverTokens
FNDA:0,YieldOps.recoverTokens
DA:368,0
BRDA:368,31,0,-
DA:370,0
BRDA:370,32,0,-
BRDA:370,32,1,-
DA:371,0
DA:372,0
BRDA:372,33,0,-
DA:374,0
DA:377,0
FNF:6
FNH:0
LF:110
LH:0
BRF:42
BRH:0
end_of_record
TN:
SF:contracts/admin/EscrowAdminContract.sol
DA:82,0
FN:82,EscrowAdminContract.constructor
FNDA:0,EscrowAdminContract.constructor
DA:83,0
DA:84,0
DA:97,0
FN:97,EscrowAdminContract.registerEscrowContract
FNDA:0,EscrowAdminContract.registerEscrowContract
DA:98,0
BRDA:98,0,0,-
DA:99,0
DA:111,0
FN:111,EscrowAdminContract.queueFeeRecipient
FNDA:0,EscrowAdminContract.queueFeeRecipient
DA:112,0
DA:113,0
DA:114,0
DA:115,0
DA:127,0
FN:127,EscrowAdminContract.activateFeeRecipient
FNDA:0,EscrowAdminContract.activateFeeRecipient
DA:128,0
DA:129,0
DA:130,0
DA:131,0
DA:132,0
DA:142,0
FN:142,EscrowAdminContract.getPendingFeeRecipient
FNDA:0,EscrowAdminContract.getPendingFeeRecipient
DA:143,0
DA:155,0
FN:155,EscrowAdminContract.queueEscrowFee
FNDA:0,EscrowAdminContract.queueEscrowFee
DA:156,0
DA:157,0
BRDA:157,1,0,-
DA:158,0
DA:159,0
DA:160,0
DA:161,0
DA:173,0
FN:173,EscrowAdminContract.activateEscrowFee
FNDA:0,EscrowAdminContract.activateEscrowFee
DA:174,0
DA:175,0
DA:176,0
DA:177,0
DA:178,0
BRDA:178,2,0,-
DA:179,0
DA:180,0
DA:190,0
FN:190,EscrowAdminContract.getPendingEscrowFee
FNDA:0,EscrowAdminContract.getPendingEscrowFee
DA:191,0
DA:202,0
FN:202,EscrowAdminContract.queueYieldProtocolFeeBps
FNDA:0,EscrowAdminContract.queueYieldProtocolFeeBps
DA:203,0
DA:204,0
BRDA:204,3,0,-
DA:205,0
DA:206,0
DA:207,0
DA:208,0
DA:220,0
FN:220,EscrowAdminContract.activateYieldProtocolFeeBps
FNDA:0,EscrowAdminContract.activateYieldProtocolFeeBps
DA:221,0
DA:222,0
DA:223,0
DA:224,0
DA:225,0
DA:235,0
FN:235,EscrowAdminContract.getPendingYieldProtocolFeeBps
FNDA:0,EscrowAdminContract.getPendingYieldProtocolFeeBps
DA:236,0
DA:245,0
FN:245,EscrowAdminContract.queueAppealBondProtocolFeeBps
FNDA:0,EscrowAdminContract.queueAppealBondProtocolFeeBps
DA:246,0
DA:247,0
BRDA:247,4,0,-
DA:248,0
DA:249,0
DA:250,0
DA:251,0
DA:263,0
FN:263,EscrowAdminContract.activateAppealBondProtocolFeeBps
FNDA:0,EscrowAdminContract.activateAppealBondProtocolFeeBps
DA:264,0
DA:265,0
DA:266,0
DA:267,0
DA:268,0
DA:278,0
FN:278,EscrowAdminContract.getPendingAppealBondProtocolFeeBps
FNDA:0,EscrowAdminContract.getPendingAppealBondProtocolFeeBps
DA:279,0
DA:290,0
FN:290,EscrowAdminContract.queueResolutionModule
FNDA:0,EscrowAdminContract.queueResolutionModule
DA:291,0
DA:292,0
DA:293,0
DA:294,0
DA:306,0
FN:306,EscrowAdminContract.activateResolutionModule
FNDA:0,EscrowAdminContract.activateResolutionModule
DA:307,0
DA:308,0
DA:309,0
DA:310,0
DA:311,0
DA:321,0
FN:321,EscrowAdminContract.getPendingResolutionModule
FNDA:0,EscrowAdminContract.getPendingResolutionModule
DA:322,0
DA:336,0
FN:336,EscrowAdminContract.setTimeoutConfig
FNDA:0,EscrowAdminContract.setTimeoutConfig
DA:338,0
BRDA:338,5,0,-
DA:339,0
DA:341,0
BRDA:341,6,0,-
DA:342,0
DA:345,0
DA:346,0
DA:347,0
FNF:18
FNH:0
LF:87
LH:0
BRF:7
BRH:0
end_of_record
TN:
SF:contracts/arbitration/KlerosArbitrableProxy.sol
DA:61,0
FN:61,KlerosArbitrableProxy.constructor
FNDA:0,KlerosArbitrableProxy.constructor
DA:62,0
BRDA:62,0,0,-
BRDA:62,0,1,-
DA:63,0
BRDA:63,1,0,-
BRDA:63,1,1,-
DA:65,0
DA:69,0
DA:75,0
FN:75,KlerosArbitrableProxy.registerEscrowContract
FNDA:0,KlerosArbitrableProxy.registerEscrowContract
DA:76,0
BRDA:76,2,0,-
BRDA:76,2,1,-
DA:77,0
DA:87,0
FN:87,KlerosArbitrableProxy.createDispute
FNDA:0,KlerosArbitrableProxy.createDispute
DA:99,0
BRDA:99,3,0,-
BRDA:99,3,1,-
DA:102,0
DA:108,0
DA:109,0
BRDA:109,4,0,-
BRDA:109,4,1,-
DA:112,0
DA:115,0
DA:116,0
DA:117,0
DA:120,0
DA:132,0
DA:135,0
BRDA:135,5,0,-
DA:136,0
DA:137,0
BRDA:137,6,0,-
BRDA:137,6,1,-
DA:140,0
DA:148,0
FN:148,KlerosArbitrableProxy.submitEvidence
FNDA:0,KlerosArbitrableProxy.submitEvidence
DA:149,0
BRDA:149,7,0,-
BRDA:149,7,1,-
DA:150,0
DA:151,0
BRDA:151,8,0,-
BRDA:151,8,1,-
DA:154,0
DA:162,0
FN:162,KlerosArbitrableProxy.rule
FNDA:0,KlerosArbitrableProxy.rule
DA:163,0
BRDA:163,9,0,-
BRDA:163,9,1,-
DA:165,0
DA:166,0
BRDA:166,10,0,-
BRDA:166,10,1,-
DA:168,0
DA:169,0
BRDA:169,11,0,-
BRDA:169,11,1,-
DA:171,0
DA:172,0
DA:174,0
DA:175,0
DA:182,0
FN:182,KlerosArbitrableProxy.getRuling
FNDA:0,KlerosArbitrableProxy.getRuling
DA:184,0
BRDA:184,12,0,-
DA:185,0
DA:188,0
DA:191,0
BRDA:191,13,0,-
DA:192,0
DA:196,0
DA:197,0
BRDA:197,14,0,-
DA:198,0
DA:199,0
DA:202,0
DA:208,0
FN:208,KlerosArbitrableProxy.getArbitrationCost
FNDA:0,KlerosArbitrableProxy.getArbitrationCost
DA:209,0
DA:217,0
FN:217,KlerosArbitrableProxy.isAuthorizedDisputeResolver
FNDA:0,KlerosArbitrableProxy.isAuthorizedDisputeResolver
DA:223,0
DA:229,0
FN:229,KlerosArbitrableProxy.getDisputeResolver
FNDA:0,KlerosArbitrableProxy.getDisputeResolver
DA:233,0
DA:239,0
FN:239,KlerosArbitrableProxy.canEscalate
FNDA:0,KlerosArbitrableProxy.canEscalate
DA:244,0
DA:250,0
FN:250,KlerosArbitrableProxy.executeEscalation
FNDA:0,KlerosArbitrableProxy.executeEscalation
DA:254,0
DA:261,0
FN:261,KlerosArbitrableProxy.getRequiredAppealBond
FNDA:0,KlerosArbitrableProxy.getRequiredAppealBond
DA:266,0
DA:272,0
FN:272,KlerosArbitrableProxy.moduleName
FNDA:0,KlerosArbitrableProxy.moduleName
DA:273,0
DA:276,0
FN:276,KlerosArbitrableProxy.moduleVersion
FNDA:0,KlerosArbitrableProxy.moduleVersion
DA:277,0
DA:283,0
FN:283,KlerosArbitrableProxy.supportsInterface
FNDA:0,KlerosArbitrableProxy.supportsInterface
DA:286,0
DA:287,0
DA:288,0
DA:289,0
FNF:15
FNH:0
LF:70
LH:0
BRF:26
BRH:0
end_of_record
TN:
SF:contracts/arbitration/mocks/MockKlerosArbitrator.sol
DA:22,0
FN:22,MockKlerosArbitrator.constructor
FNDA:0,MockKlerosArbitrator.constructor
DA:23,0
DA:26,0
FN:26,MockKlerosArbitrator.setArbitrationPrice
FNDA:0,MockKlerosArbitrator.setArbitrationPrice
DA:27,0
DA:30,0
FN:30,MockKlerosArbitrator.createDispute
FNDA:0,MockKlerosArbitrator.createDispute
DA:34,0
BRDA:34,0,0,-
BRDA:34,0,1,-
DA:36,0
DA:37,0
DA:46,0
DA:48,0
DA:51,0
FN:51,MockKlerosArbitrator.arbitrationCost
FNDA:0,MockKlerosArbitrator.arbitrationCost
DA:52,0
DA:55,0
FN:55,MockKlerosArbitrator.appeal
FNDA:0,MockKlerosArbitrator.appeal
DA:56,0
DA:59,0
FN:59,MockKlerosArbitrator.appealCost
FNDA:0,MockKlerosArbitrator.appealCost
DA:60,0
DA:63,0
FN:63,MockKlerosArbitrator.disputeStatus
FNDA:0,MockKlerosArbitrator.disputeStatus
DA:64,0
BRDA:64,1,0,-
BRDA:64,1,1,-
DA:65,0
DA:68,0
FN:68,MockKlerosArbitrator.currentRuling
FNDA:0,MockKlerosArbitrator.currentRuling
DA:69,0
BRDA:69,2,0,-
BRDA:69,2,1,-
DA:70,0
DA:74,0
FN:74,MockKlerosArbitrator.giveRuling
FNDA:0,MockKlerosArbitrator.giveRuling
DA:75,0
BRDA:75,3,0,-
BRDA:75,3,1,-
DA:77,0
DA:78,0
BRDA:78,4,0,-
BRDA:78,4,1,-
DA:80,0
DA:81,0
DA:83,0
DA:86,0
FN:86,MockKlerosArbitrator.setDisputeStatus
FNDA:0,MockKlerosArbitrator.setDisputeStatus
DA:87,0
BRDA:87,5,0,-
BRDA:87,5,1,-
DA:88,0
DA:91,0
FN:91,MockKlerosArbitrator.getDisputeCount
FNDA:0,MockKlerosArbitrator.getDisputeCount
DA:92,0
FNF:11
FNH:0
LF:34
LH:0
BRF:12
BRH:0
end_of_record
TN:
SF:contracts/core/BaseEscrow.sol
DA:331,0
FN:331,BaseEscrow.pause
FNDA:0,BaseEscrow.pause
DA:332,0
DA:335,0
FN:335,BaseEscrow.unpause
FNDA:0,BaseEscrow.unpause
DA:336,0
DA:339,0
FN:339,BaseEscrow.setFeeRecipient
FNDA:0,BaseEscrow.setFeeRecipient
DA:340,0
BRDA:340,0,0,-
DA:341,0
DA:344,0
FN:344,BaseEscrow.setEscrowFeeBps
FNDA:0,BaseEscrow.setEscrowFeeBps
DA:345,0
DA:348,0
FN:348,BaseEscrow.setYieldProtocolFeeBps
FNDA:0,BaseEscrow.setYieldProtocolFeeBps
DA:349,0
BRDA:349,1,0,-
DA:353,0
BRDA:353,2,0,-
DA:354,0
DA:357,0
DA:358,0
DA:359,0
DA:362,0
FN:362,BaseEscrow.setAppealBondProtocolFeeBps
FNDA:0,BaseEscrow.setAppealBondProtocolFeeBps
DA:363,0
BRDA:363,3,0,-
DA:365,0
BRDA:365,4,0,-
DA:366,0
DA:367,0
DA:368,0
DA:371,0
FN:371,BaseEscrow.setResolutionModule
FNDA:0,BaseEscrow.setResolutionModule
DA:372,0
BRDA:372,5,0,-
DA:373,0
BRDA:373,6,0,-
DA:374,0
DA:375,0
DA:376,0
DA:379,0
FN:379,BaseEscrow.setTimeoutConfig
FNDA:0,BaseEscrow.setTimeoutConfig
DA:380,0
DA:381,0
DA:386,0
FN:386,BaseEscrow.setCreateOps
FNDA:0,BaseEscrow.setCreateOps
DA:387,0
BRDA:387,7,0,-
DA:388,0
DA:391,0
FN:391,BaseEscrow.setSettlementOps
FNDA:0,BaseEscrow.setSettlementOps
DA:392,0
BRDA:392,8,0,-
DA:393,0
DA:396,0
FN:396,BaseEscrow.setBondCollector
FNDA:0,BaseEscrow.setBondCollector
DA:397,0
BRDA:397,9,0,-
DA:398,0
DA:420,0
FN:420,BaseEscrow.createEscrow
FNDA:0,BaseEscrow.createEscrow
DA:426,0
DA:429,0
BRDA:429,10,0,-
DA:430,0
DA:431,0
DA:442,0
DA:443,0
DA:444,0
DA:445,0
BRDA:445,11,0,-
DA:447,0
DA:460,0
DA:461,0
DA:462,0
DA:463,0
DA:465,0
BRDA:465,12,0,-
DA:466,0
DA:469,0
DA:470,0
DA:471,0
DA:477,0
DA:496,0
FN:496,BaseEscrow._snapshotModulesForEscrow
FNDA:0,BaseEscrow._snapshotModulesForEscrow
DA:497,0
DA:498,0
DA:499,0
DA:510,0
FN:510,BaseEscrow.automateTimedActions
FNDA:0,BaseEscrow.automateTimedActions
DA:511,0
DA:512,0
DA:513,0
BRDA:513,13,0,-
DA:514,0
DA:515,0
DA:516,0
BRDA:516,14,0,-
DA:517,0
BRDA:517,15,0,-
DA:519,0
DA:520,0
DA:522,0
DA:523,0
BRDA:523,16,0,-
BRDA:523,16,1,-
DA:524,0
DA:525,0
DA:526,0
DA:529,0
FN:529,BaseEscrow._cancelWorkflow
FNDA:0,BaseEscrow._cancelWorkflow
DA:530,0
DA:531,0
BRDA:531,17,0,-
BRDA:531,17,1,-
DA:532,0
DA:533,0
DA:534,0
BRDA:534,18,0,-
DA:535,0
DA:536,0
DA:538,0
DA:541,0
FN:541,BaseEscrow.recipientCancel
FNDA:0,BaseEscrow.recipientCancel
DA:542,0
DA:543,0
DA:544,0
BRDA:544,19,0,-
DA:545,0
DA:546,0
BRDA:546,20,0,-
DA:547,0
DA:550,0
FN:550,BaseEscrow.senderCancel
FNDA:0,BaseEscrow.senderCancel
DA:551,0
DA:552,0
DA:553,0
BRDA:553,21,0,-
DA:554,0
DA:555,0
BRDA:555,22,0,-
DA:556,0
DA:560,0
FN:560,BaseEscrow.autoCancelDisputedEscrow
FNDA:0,BaseEscrow.autoCancelDisputedEscrow
DA:561,0
DA:562,0
DA:563,0
BRDA:563,23,0,-
DA:564,0
DA:566,0
DA:567,0
BRDA:567,24,0,-
DA:568,0
DA:570,0
DA:571,0
DA:572,0
DA:573,0
DA:575,0
DA:576,0
DA:580,0
FN:580,BaseEscrow.raiseDispute
FNDA:0,BaseEscrow.raiseDispute
DA:581,0
DA:582,0
DA:583,0
DA:584,0
BRDA:584,25,0,-
DA:585,0
DA:586,0
DA:587,0
DA:588,0
BRDA:588,26,0,-
DA:589,0
DA:590,0
DA:591,0
DA:592,0
DA:593,0
DA:604,0
BRDA:604,27,0,-
DA:605,0
DA:606,0
DA:608,0
DA:610,0
DA:611,0
DA:618,0
BRDA:618,28,0,-
DA:619,0
DA:634,0
FN:634,BaseEscrow._validateAndPrepareEscalation
FNDA:0,BaseEscrow._validateAndPrepareEscalation
DA:637,0
DA:638,0
DA:639,0
BRDA:639,29,0,-
DA:640,0
DA:642,0
BRDA:642,30,0,-
DA:644,0
DA:654,0
FN:654,BaseEscrow._refundExcessETH
FNDA:0,BaseEscrow._refundExcessETH
DA:660,0
BRDA:660,31,0,-
DA:661,0
DA:662,0
BRDA:662,32,0,-
DA:663,0
DA:664,0
BRDA:664,33,0,-
DA:673,0
FN:673,BaseEscrow._handleEscalationBond
FNDA:0,BaseEscrow._handleEscalationBond
DA:680,0
DA:681,0
DA:683,0
DA:684,0
DA:692,0
BRDA:692,34,0,-
DA:693,0
DA:696,0
BRDA:696,35,0,-
DA:697,0
BRDA:697,36,0,-
BRDA:697,36,1,-
DA:698,0
DA:709,0
BRDA:709,37,0,-
DA:710,0
DA:711,0
DA:726,0
FN:726,BaseEscrow.escalateDispute
FNDA:0,BaseEscrow.escalateDispute
DA:734,0
DA:736,0
DA:746,0
BRDA:746,38,0,-
DA:749,0
DA:755,0
DA:761,0
BRDA:761,39,0,-
DA:763,0
DA:764,0
BRDA:764,40,0,-
DA:765,0
BRDA:765,41,0,-
DA:766,0
BRDA:766,42,0,-
DA:769,0
BRDA:769,43,0,-
DA:770,0
DA:773,0
DA:774,0
DA:775,0
DA:777,0
DA:779,0
DA:786,0
DA:797,0
FN:797,BaseEscrow._executeResolution
FNDA:0,BaseEscrow._executeResolution
DA:802,0
DA:803,0
DA:805,0
DA:806,0
BRDA:806,44,0,-
DA:807,0
DA:808,0
BRDA:808,45,0,-
DA:810,0
DA:811,0
DA:813,0
DA:814,0
DA:815,0
BRDA:815,46,0,-
DA:816,0
DA:818,0
BRDA:818,47,0,-
DA:819,0
DA:822,0
BRDA:822,48,0,-
DA:824,0
DA:831,0
BRDA:831,49,0,-
DA:832,0
BRDA:832,50,0,-
BRDA:832,50,1,-
DA:833,0
DA:834,0
DA:836,0
DA:837,0
DA:838,0
DA:841,0
FN:841,BaseEscrow.executePendingSettlement
FNDA:0,BaseEscrow.executePendingSettlement
DA:842,0
DA:843,0
DA:844,0
DA:846,0
BRDA:846,51,0,-
DA:847,0
DA:848,0
DA:849,0
BRDA:849,52,0,-
DA:850,0
BRDA:850,53,0,-
DA:851,0
BRDA:851,54,0,-
DA:852,0
DA:855,0
DA:856,0
BRDA:856,55,0,-
DA:857,0
BRDA:857,56,0,-
BRDA:857,56,1,-
DA:858,0
DA:860,0
DA:864,0
FN:864,BaseEscrow.cancelAsDisputeResolver
FNDA:0,BaseEscrow.cancelAsDisputeResolver
DA:865,0
DA:868,0
FN:868,BaseEscrow.releaseAsDisputeResolver
FNDA:0,BaseEscrow.releaseAsDisputeResolver
DA:869,0
DA:872,0
FN:872,BaseEscrow._isAuthorizedDisputeResolver
FNDA:0,BaseEscrow._isAuthorizedDisputeResolver
DA:876,0
DA:877,0
DA:878,0
BRDA:878,57,0,-
DA:879,0
DA:885,0
DA:888,0
BRDA:888,58,0,-
DA:889,0
DA:890,0
BRDA:890,59,0,-
DA:893,0
DA:896,0
FN:896,BaseEscrow._getDisputeResolverForNewEscrow
FNDA:0,BaseEscrow._getDisputeResolverForNewEscrow
DA:903,0
DA:904,0
BRDA:904,60,0,-
DA:906,0
DA:907,0
DA:911,0
BRDA:911,61,0,-
DA:912,0
DA:915,0
DA:916,0
BRDA:916,62,0,-
DA:917,0
DA:919,0
DA:922,0
FN:922,BaseEscrow._applyEscrowSettings
FNDA:0,BaseEscrow._applyEscrowSettings
DA:923,0
DA:924,0
BRDA:924,63,0,-
DA:925,0
DA:926,0
DA:927,0
DA:928,0
DA:929,0
DA:932,0
FN:932,BaseEscrow._getAutoTime
FNDA:0,BaseEscrow._getAutoTime
DA:933,0
DA:934,0
BRDA:934,64,0,-
DA:935,0
DA:944,0
FN:944,BaseEscrow._convertPendingSettlement
FNDA:0,BaseEscrow._convertPendingSettlement
DA:945,0
DA:953,0
FN:953,BaseEscrow._emitAutoResult
FNDA:0,BaseEscrow._emitAutoResult
DA:954,0
DA:957,0
FN:957,BaseEscrow._finalizeDisputeInModule
FNDA:0,BaseEscrow._finalizeDisputeInModule
DA:958,0
DA:959,0
BRDA:959,65,0,-
DA:960,0
DA:966,0
FN:966,BaseEscrow.withdrawEscrow
FNDA:0,BaseEscrow.withdrawEscrow
DA:967,0
DA:968,0
DA:970,0
DA:971,0
DA:972,0
BRDA:972,66,0,-
DA:973,0
DA:976,0
DA:977,0
DA:978,0
BRDA:978,67,0,-
DA:980,0
DA:982,0
DA:984,0
DA:985,0
DA:989,0
FN:989,BaseEscrow.recoverERC20
FNDA:0,BaseEscrow.recoverERC20
DA:994,0
DA:1000,0
DA:1003,0
FN:1003,BaseEscrow._validateWorkflowId
FNDA:0,BaseEscrow._validateWorkflowId
DA:1004,0
BRDA:1004,68,0,-
DA:1005,0
DA:1014,0
FN:1014,BaseEscrow.getEscrowCount
FNDA:0,BaseEscrow.getEscrowCount
DA:1015,0
DA:1018,0
FN:1018,BaseEscrow._requirePending
FNDA:0,BaseEscrow._requirePending
DA:1019,0
DA:1020,0
DA:1021,0
BRDA:1021,69,0,-
DA:1022,0
DA:1026,0
FN:1026,BaseEscrow._validateEscrowSettings
FNDA:0,BaseEscrow._validateEscrowSettings
DA:1027,0
DA:1038,0
FN:1038,BaseEscrow._attemptAutoTransfer
FNDA:0,BaseEscrow._attemptAutoTransfer
DA:1044,0
BRDA:1044,70,0,-
DA:1045,0
DA:1048,0
DA:1049,0
DA:1050,0
BRDA:1050,71,0,-
DA:1051,0
DA:1052,0
DA:1054,0
DA:1055,0
DA:1056,0
DA:1057,0
DA:1058,0
DA:1059,0
DA:1062,0
FN:1062,BaseEscrow._tryTransfer
FNDA:0,BaseEscrow._tryTransfer
DA:1063,0
DA:1064,0
BRDA:1064,72,0,-
DA:1066,0
BRDA:1066,73,0,-
DA:1067,0
DA:1068,0
DA:1075,0
FN:1075,BaseEscrow._getDefaultYieldGenerationModule
FNDA:0,BaseEscrow._getDefaultYieldGenerationModule
DA:1076,0
DA:1098,0
FN:1098,BaseEscrow._handleYieldAndGetActualAmount
FNDA:0,BaseEscrow._handleYieldAndGetActualAmount
DA:1108,0
DA:1109,0
DA:1111,0
BRDA:1111,74,0,-
DA:1112,0
BRDA:1112,75,0,-
DA:1113,0
DA:1114,0
DA:1116,0
DA:1118,0
BRDA:1118,76,0,-
DA:1119,0
BRDA:1119,77,0,-
DA:1120,0
DA:1121,0
DA:1123,0
DA:1126,0
DA:1127,0
DA:1128,0
DA:1129,0
DA:1130,0
DA:1132,0
DA:1136,0
BRDA:1136,78,0,-
DA:1137,0
BRDA:1137,79,0,-
DA:1138,0
DA:1139,0
DA:1141,0
DA:1144,0
DA:1145,0
BRDA:1145,80,0,-
DA:1146,0
DA:1148,0
BRDA:1148,81,0,-
DA:1149,0
DA:1150,0
DA:1152,0
DA:1155,0
FN:1155,BaseEscrow._cancelAndRefund
FNDA:0,BaseEscrow._cancelAndRefund
DA:1156,0
DA:1157,0
DA:1158,0
DA:1159,0
DA:1160,0
DA:1161,0
DA:1163,0
DA:1164,0
DA:1167,0
DA:1168,0
DA:1171,0
FN:1171,BaseEscrow._releaseEscrowTransfer
FNDA:0,BaseEscrow._releaseEscrowTransfer
DA:1172,0
DA:1173,0
DA:1174,0
DA:1175,0
DA:1176,0
DA:1177,0
DA:1179,0
DA:1180,0
DA:1183,0
DA:1184,0
DA:1210,0
FN:1210,BaseEscrow._getResolutionModule
FNDA:0,BaseEscrow._getResolutionModule
DA:1213,0
DA:1214,0
BRDA:1214,82,0,-
DA:1215,0
DA:1217,0
DA:1220,0
FN:1220,BaseEscrow._depositYieldForEscrow
FNDA:0,BaseEscrow._depositYieldForEscrow
DA:1226,0
DA:1227,0
BRDA:1227,83,0,-
DA:1228,0
DA:1231,0
BRDA:1231,84,0,-
DA:1232,0
DA:1233,0
DA:1247,0
FN:1247,BaseEscrow._recordResolutionOutcome
FNDA:0,BaseEscrow._recordResolutionOutcome
DA:1253,0
DA:1254,0
BRDA:1254,85,0,-
DA:1255,0
DA:1258,0
DA:1259,0
FNF:49
FNH:0
LF:390
LH:0
BRF:91
BRH:0
end_of_record
TN:
SF:contracts/core/BondCollector.sol
DA:46,0
FN:46,BondCollector.constructor
FNDA:0,BondCollector.constructor
DA:47,0
BRDA:47,0,0,-
DA:48,0
DA:50,0
DA:58,0
FN:58,BondCollector.registerEscrowContract
FNDA:0,BondCollector.registerEscrowContract
DA:59,0
BRDA:59,1,0,-
DA:60,0
DA:77,0
FN:77,BondCollector.collectBond
FNDA:0,BondCollector.collectBond
DA:88,0
BRDA:88,2,0,-
DA:90,0
BRDA:90,3,0,-
BRDA:90,3,1,-
DA:91,0
DA:93,0
DA:100,0
FN:100,BondCollector._collectETHBond
FNDA:0,BondCollector._collectETHBond
DA:110,0
DA:111,0
BRDA:111,4,0,-
DA:112,0
DA:115,0
BRDA:115,5,0,-
DA:116,0
DA:117,0
BRDA:117,6,0,-
DA:118,0
DA:119,0
BRDA:119,7,0,-
DA:120,0
DA:121,0
DA:125,0
BRDA:125,8,0,-
DA:126,0
DA:137,0
DA:139,0
DA:145,0
FN:145,BondCollector._collectERC20Bond
FNDA:0,BondCollector._collectERC20Bond
DA:156,0
DA:158,0
BRDA:158,9,0,-
DA:159,0
DA:160,0
BRDA:160,10,0,-
DA:161,0
DA:162,0
DA:163,0
DA:167,0
BRDA:167,11,0,-
DA:168,0
DA:169,0
BRDA:169,12,0,-
DA:170,0
DA:171,0
DA:172,0
BRDA:172,12,1,-
DA:173,0
DA:174,0
DA:177,0
DA:185,0
FN:185,BondCollector.approveBondSpender
FNDA:0,BondCollector.approveBondSpender
DA:190,0
DA:197,0
FN:197,BondCollector.resetBondSpender
FNDA:0,BondCollector.resetBondSpender
DA:198,0
FNF:7
FNH:0
LF:48
LH:0
BRF:15
BRH:0
end_of_record
TN:
SF:contracts/core/EscrowVault.sol
DA:33,0
FN:33,EscrowVault.constructor
FNDA:0,EscrowVault.constructor
DA:40,0
DA:41,0
DA:42,0
DA:43,0
BRDA:43,0,0,-
DA:44,0
BRDA:44,1,0,-
DA:45,0
BRDA:45,2,0,-
DA:46,0
BRDA:46,3,0,-
DA:47,0
BRDA:47,4,0,-
DA:48,0
DA:49,0
DA:50,0
DA:51,0
DA:52,0
DA:53,0
DA:54,0
DA:55,0
DA:59,0
FN:59,EscrowVault.releaseEscrowTransfer
FNDA:0,EscrowVault.releaseEscrowTransfer
DA:60,0
DA:61,0
BRDA:61,5,0,-
DA:62,0
DA:65,0
FN:65,EscrowVault._pullTokens
FNDA:0,EscrowVault._pullTokens
DA:66,0
DA:68,0
FN:68,EscrowVault._recordFee
FNDA:0,EscrowVault._recordFee
DA:69,0
DA:71,0
FN:71,EscrowVault._depositForYield
FNDA:0,EscrowVault._depositForYield
DA:77,0
DA:79,0
FN:79,EscrowVault._emitEscrowTransferCreated
FNDA:0,EscrowVault._emitEscrowTransferCreated
DA:80,0
FN:80,EscrowVault._transferTokens
FNDA:0,EscrowVault._transferTokens
DA:81,0
DA:83,0
FN:83,EscrowVault._updateEscrowBalance
FNDA:0,EscrowVault._updateEscrowBalance
DA:84,0
DA:86,0
FN:86,EscrowVault._emitEscrowTransferCancelled
FNDA:0,EscrowVault._emitEscrowTransferCancelled
DA:87,0
FN:87,EscrowVault._emitEscrowTransferReleased
FNDA:0,EscrowVault._emitEscrowTransferReleased
DA:89,0
FN:89,EscrowVault._getModuleAddress
FNDA:0,EscrowVault._getModuleAddress
DA:90,0
DA:99,0
FN:99,EscrowVault._getReleaseStrategy
FNDA:0,EscrowVault._getReleaseStrategy
DA:100,0
DA:102,0
FN:102,EscrowVault._getResolutionModule
FNDA:0,EscrowVault._getResolutionModule
DA:103,0
DA:105,0
FN:105,EscrowVault._getYieldGenerationModule
FNDA:0,EscrowVault._getYieldGenerationModule
DA:106,0
DA:108,0
FN:108,EscrowVault._getYieldDistributionModule
FNDA:0,EscrowVault._getYieldDistributionModule
DA:109,0
DA:112,0
FN:112,EscrowVault._getDefaultYieldGenerationModule
FNDA:0,EscrowVault._getDefaultYieldGenerationModule
DA:113,0
DA:116,0
FN:116,EscrowVault.queueModule
FNDA:0,EscrowVault.queueModule
DA:117,0
DA:120,0
FN:120,EscrowVault.activateModule
FNDA:0,EscrowVault.activateModule
DA:121,0
DA:126,0
FN:126,EscrowVault.withdrawFees
FNDA:0,EscrowVault.withdrawFees
DA:127,0
DA:128,0
DA:131,0
FN:131,EscrowVault.recoverERC20
FNDA:0,EscrowVault.recoverERC20
DA:136,0
DA:143,0
BRDA:143,6,0,-
DA:144,0
FNF:20
FNH:0
LF:57
LH:0
BRF:7
BRH:0
end_of_record
TN:
SF:contracts/core/EscrowViewContract.sol
DA:40,0
FN:40,EscrowViewContract.constructor
FNDA:0,EscrowViewContract.constructor
DA:41,0
DA:49,0
FN:49,EscrowViewContract.getEscrowSummary
FNDA:0,EscrowViewContract.getEscrowSummary
DA:51,0
BRDA:51,0,0,-
DA:52,0
DA:64,0
DA:74,0
DA:75,0
DA:92,0
FN:92,EscrowViewContract.getEscrowSettings
FNDA:0,EscrowViewContract.getEscrowSettings
DA:95,0
DA:100,0
DA:101,0
DA:116,0
FN:116,EscrowViewContract.getEscrowStatusInfo
FNDA:0,EscrowViewContract.getEscrowStatusInfo
DA:120,0
BRDA:120,1,0,-
DA:121,0
DA:124,0
DA:128,0
DA:129,0
DA:130,0
DA:131,0
DA:140,0
FN:140,EscrowViewContract.getEscrowParticipants
FNDA:0,EscrowViewContract.getEscrowParticipants
DA:144,0
BRDA:144,2,0,-
DA:145,0
DA:148,0
DA:150,0
DA:151,0
DA:160,0
FN:160,EscrowViewContract.getModuleSnapshot
FNDA:0,EscrowViewContract.getModuleSnapshot
DA:163,0
DA:171,0
FN:171,EscrowViewContract.getTotalDeposited
FNDA:0,EscrowViewContract.getTotalDeposited
DA:173,0
BRDA:173,3,0,-
DA:174,0
DA:177,0
DA:179,0
DA:180,0
DA:187,0
FN:187,EscrowViewContract.getEscrowCount
FNDA:0,EscrowViewContract.getEscrowCount
DA:188,0
DA:195,0
FN:195,EscrowViewContract.getDefaultSettings
FNDA:0,EscrowViewContract.getDefaultSettings
DA:196,0
DA:207,0
FN:207,EscrowViewContract.getPendingSettlement
FNDA:0,EscrowViewContract.getPendingSettlement
DA:211,0
DA:216,0
DA:217,0
DA:218,0
DA:219,0
DA:220,0
DA:221,0
DA:228,0
FN:228,EscrowViewContract.getTimeoutConfig
FNDA:0,EscrowViewContract.getTimeoutConfig
DA:230,0
DA:235,0
DA:236,0
DA:250,0
FN:250,EscrowViewContract.isDisputeTimedOut
FNDA:0,EscrowViewContract.isDisputeTimedOut
DA:254,0
BRDA:254,4,0,-
DA:255,0
DA:258,0
DA:262,0
DA:265,0
DA:267,0
DA:269,0
DA:275,0
FNF:12
FNH:0
LF:59
LH:0
BRF:5
BRH:0
end_of_record
TN:
SF:contracts/core/EscrowableERC20.sol
DA:41,0
FN:41,EscrowableERC20.constructor
FNDA:0,EscrowableERC20.constructor
DA:51,0
BRDA:51,0,0,-
DA:52,0
BRDA:52,1,0,-
DA:53,0
BRDA:53,2,0,-
DA:54,0
BRDA:54,3,0,-
DA:55,0
BRDA:55,4,0,-
DA:57,0
DA:58,0
DA:59,0
DA:60,0
DA:61,0
DA:63,0
DA:64,0
DA:67,0
DA:68,0
DA:71,0
DA:72,0
DA:76,0
DA:88,0
FN:88,EscrowableERC20.createEscrow.0
FNDA:0,EscrowableERC20.createEscrow.0
DA:89,0
DA:101,0
FN:101,EscrowableERC20.createEscrow.1
FNDA:0,EscrowableERC20.createEscrow.1
DA:107,0
DA:108,0
DA:109,0
DA:110,0
DA:118,0
FN:118,EscrowableERC20.releaseEscrowTransfer
FNDA:0,EscrowableERC20.releaseEscrowTransfer
DA:119,0
DA:120,0
BRDA:120,5,0,-
DA:121,0
DA:133,0
FN:133,EscrowableERC20._pullTokens
FNDA:0,EscrowableERC20._pullTokens
DA:134,0
BRDA:134,6,0,-
DA:136,0
DA:145,0
FN:145,EscrowableERC20._recordFee
FNDA:0,EscrowableERC20._recordFee
DA:146,0
BRDA:146,7,0,-
DA:149,0
DA:150,0
BRDA:150,8,0,-
DA:151,0
DA:153,0
DA:163,0
FN:163,EscrowableERC20._transferTokens
FNDA:0,EscrowableERC20._transferTokens
DA:164,0
BRDA:164,9,0,-
DA:165,0
DA:175,0
FN:175,EscrowableERC20._updateEscrowBalance
FNDA:0,EscrowableERC20._updateEscrowBalance
DA:177,0
BRDA:177,10,0,-
DA:179,0
BRDA:179,11,0,-
BRDA:179,11,1,-
DA:180,0
DA:183,0
BRDA:183,12,0,-
DA:184,0
DA:186,0
DA:199,0
FN:199,EscrowableERC20._emitEscrowTransferCreated
FNDA:0,EscrowableERC20._emitEscrowTransferCreated
DA:222,0
FN:222,EscrowableERC20._emitEscrowTransferCancelled
FNDA:0,EscrowableERC20._emitEscrowTransferCancelled
DA:243,0
FN:243,EscrowableERC20._emitEscrowTransferReleased
FNDA:0,EscrowableERC20._emitEscrowTransferReleased
DA:264,0
FN:264,EscrowableERC20._depositForYield
FNDA:0,EscrowableERC20._depositForYield
DA:270,0
BRDA:270,13,0,-
DA:271,0
DA:277,0
FN:277,EscrowableERC20._getModuleAddress
FNDA:0,EscrowableERC20._getModuleAddress
DA:278,0
DA:291,0
FN:291,EscrowableERC20.queueModule
FNDA:0,EscrowableERC20.queueModule
DA:292,0
DA:295,0
FN:295,EscrowableERC20.activateModule
FNDA:0,EscrowableERC20.activateModule
DA:296,0
DA:299,0
FN:299,EscrowableERC20._getReleaseStrategy
FNDA:0,EscrowableERC20._getReleaseStrategy
DA:300,0
DA:303,0
FN:303,EscrowableERC20._getResolutionModule
FNDA:0,EscrowableERC20._getResolutionModule
DA:304,0
DA:307,0
FN:307,EscrowableERC20._getDefaultYieldGenerationModule
FNDA:0,EscrowableERC20._getDefaultYieldGenerationModule
DA:308,0
DA:311,0
FN:311,EscrowableERC20._getYieldGenerationModule
FNDA:0,EscrowableERC20._getYieldGenerationModule
DA:312,0
DA:315,0
FN:315,EscrowableERC20._getYieldDistributionModule
FNDA:0,EscrowableERC20._getYieldDistributionModule
DA:316,0
DA:326,0
FN:326,EscrowableERC20.withdrawFees
FNDA:0,EscrowableERC20.withdrawFees
DA:327,0
BRDA:327,14,0,-
DA:328,0
DA:330,0
DA:331,0
BRDA:331,15,0,-
DA:332,0
DA:336,0
DA:337,0
BRDA:337,16,0,-
DA:338,0
DA:343,0
DA:344,0
DA:346,0
DA:349,0
FN:349,EscrowableERC20.recoverERC20
FNDA:0,EscrowableERC20.recoverERC20
DA:354,0
BRDA:354,17,0,-
DA:355,0
BRDA:355,18,0,-
DA:357,0
DA:358,0
DA:359,0
DA:362,0
DA:365,0
DA:368,0
BRDA:368,19,0,-
DA:369,0
DA:371,0
BRDA:371,20,0,-
DA:372,0
DA:376,0
DA:377,0
DA:397,0
FN:397,EscrowableERC20Factory.createEscrowableERC20
FNDA:0,EscrowableERC20Factory.createEscrowableERC20
DA:406,0
FNF:23
FNH:0
LF:98
LH:0
BRF:22
BRH:0
end_of_record
TN:
SF:contracts/core/ModuleManagementContract.sol
DA:86,0
FN:86,ModuleManagementContract.constructor
FNDA:0,ModuleManagementContract.constructor
DA:87,0
BRDA:87,0,0,-
DA:88,0
DA:90,0
DA:98,0
FN:98,ModuleManagementContract.registerEscrowContract
FNDA:0,ModuleManagementContract.registerEscrowContract
DA:99,0
BRDA:99,1,0,-
DA:100,0
DA:112,0
FN:112,ModuleManagementContract.queueModule
FNDA:0,ModuleManagementContract.queueModule
DA:117,0
BRDA:117,2,0,-
DA:118,0
BRDA:118,3,0,-
DA:120,0
DA:121,0
DA:124,0
BRDA:124,4,0,-
BRDA:124,4,1,-
DA:125,0
DA:131,0
BRDA:131,5,0,-
BRDA:131,5,1,-
DA:132,0
DA:138,0
BRDA:138,6,0,-
BRDA:138,6,1,-
DA:139,0
DA:145,0
BRDA:145,7,0,-
DA:146,0
DA:163,0
FN:163,ModuleManagementContract.activateModule
FNDA:0,ModuleManagementContract.activateModule
DA:167,0
BRDA:167,8,0,-
DA:169,0
DA:170,0
DA:171,0
DA:173,0
BRDA:173,9,0,-
BRDA:173,9,1,-
DA:174,0
DA:175,0
DA:176,0
DA:177,0
BRDA:177,10,0,-
BRDA:177,10,1,-
DA:178,0
DA:179,0
DA:180,0
DA:181,0
BRDA:181,11,0,-
BRDA:181,11,1,-
DA:182,0
DA:183,0
DA:184,0
DA:185,0
BRDA:185,12,0,-
DA:186,0
DA:187,0
DA:188,0
DA:200,0
FN:200,ModuleManagementContract.getPendingModule
FNDA:0,ModuleManagementContract.getPendingModule
DA:204,0
DA:205,0
DA:213,0
FN:213,ModuleManagementContract.getDefaultReleaseStrategy
FNDA:0,ModuleManagementContract.getDefaultReleaseStrategy
DA:216,0
DA:224,0
FN:224,ModuleManagementContract.getDefaultYieldGenerationModule
FNDA:0,ModuleManagementContract.getDefaultYieldGenerationModule
DA:227,0
DA:235,0
FN:235,ModuleManagementContract.getDefaultYieldDistributionModule
FNDA:0,ModuleManagementContract.getDefaultYieldDistributionModule
DA:238,0
DA:246,0
FN:246,ModuleManagementContract.getDefaultResolutionModule
FNDA:0,ModuleManagementContract.getDefaultResolutionModule
DA:249,0
DA:259,0
FN:259,ModuleManagementContract.getModule
FNDA:0,ModuleManagementContract.getModule
DA:263,0
DA:264,0
BRDA:264,13,0,-
BRDA:264,13,1,-
DA:265,0
DA:266,0
BRDA:266,14,0,-
BRDA:266,14,1,-
DA:267,0
DA:268,0
BRDA:268,15,0,-
BRDA:268,15,1,-
DA:269,0
DA:270,0
BRDA:270,16,0,-
DA:271,0
DA:273,0
FNF:10
FNH:0
LF:63
LH:0
BRF:26
BRH:0
end_of_record
TN:
SF:contracts/core/modules/DefaultResolutionModule.sol
DA:21,0
FN:21,DefaultResolutionModule.constructor
FNDA:0,DefaultResolutionModule.constructor
DA:22,0
BRDA:22,0,0,-
DA:23,0
BRDA:23,1,0,-
DA:24,0
DA:26,0
DA:29,0
FN:29,DefaultResolutionModule.setResolver
FNDA:0,DefaultResolutionModule.setResolver
DA:30,0
DA:31,0
DA:32,0
DA:39,0
FN:39,DefaultResolutionModule.isAuthorizedDisputeResolver
FNDA:0,DefaultResolutionModule.isAuthorizedDisputeResolver
DA:45,0
DA:46,0
DA:47,0
DA:53,0
FN:53,DefaultResolutionModule.getDisputeResolver
FNDA:0,DefaultResolutionModule.getDisputeResolver
DA:57,0
DA:63,0
FN:63,DefaultResolutionModule.canEscalate
FNDA:0,DefaultResolutionModule.canEscalate
DA:68,0
DA:74,0
FN:74,DefaultResolutionModule.executeEscalation
FNDA:0,DefaultResolutionModule.executeEscalation
DA:78,0
DA:85,0
FN:85,DefaultResolutionModule.getRequiredAppealBond
FNDA:0,DefaultResolutionModule.getRequiredAppealBond
DA:90,0
DA:99,0
FN:99,DefaultResolutionModule.incentiveModule
FNDA:0,DefaultResolutionModule.incentiveModule
DA:100,0
DA:106,0
FN:106,DefaultResolutionModule.moduleName
FNDA:0,DefaultResolutionModule.moduleName
DA:107,0
DA:114,0
FN:114,DefaultResolutionModule.moduleVersion
FNDA:0,DefaultResolutionModule.moduleVersion
DA:115,0
DA:124,0
FN:124,DefaultResolutionModule.supportsInterface
FNDA:0,DefaultResolutionModule.supportsInterface
DA:127,0
DA:128,0
DA:129,0
FNF:11
FNH:0
LF:31
LH:0
BRF:2
BRH:0
end_of_record
TN:
SF:contracts/decentralized-resolution-module/BondValuationLibrary.sol
DA:48,0
FN:48,BondValuationLibrary.calculateEffectiveBondUSD
FNDA:0,BondValuationLibrary.calculateEffectiveBondUSD
DA:56,0
BRDA:56,0,0,-
BRDA:56,0,1,-
DA:59,0
DA:63,0
DA:64,0
DA:65,0
DA:68,0
DA:87,0
FN:87,BondValuationLibrary.checkBondMix
FNDA:0,BondValuationLibrary.checkBondMix
DA:95,0
DA:104,0
BRDA:104,1,0,-
DA:105,0
DA:109,0
DA:110,0
DA:111,0
DA:114,0
DA:129,0
FN:129,BondValuationLibrary.calculateMaxSEW
FNDA:0,BondValuationLibrary.calculateMaxSEW
DA:136,0
BRDA:136,2,0,-
BRDA:136,2,1,-
DA:137,0
BRDA:137,3,0,-
BRDA:137,3,1,-
DA:141,0
DA:142,0
DA:147,0
DA:148,0
BRDA:148,4,0,-
DA:149,0
DA:152,0
DA:154,0
DA:169,0
FN:169,BondValuationLibrary.calculateMinStable
FNDA:0,BondValuationLibrary.calculateMinStable
DA:176,0
BRDA:176,5,0,-
BRDA:176,5,1,-
DA:179,0
DA:180,0
DA:181,0
DA:185,0
DA:188,0
BRDA:188,6,0,-
BRDA:188,6,1,-
DA:189,0
DA:190,0
BRDA:190,7,0,-
BRDA:190,7,1,-
DA:192,0
DA:193,0
DA:196,0
DA:197,0
DA:198,0
DA:214,0
FN:214,BondValuationLibrary.checkCoverage
FNDA:0,BondValuationLibrary.checkCoverage
DA:219,0
BRDA:219,8,0,-
BRDA:219,8,1,-
DA:221,0
DA:223,0
BRDA:223,9,0,-
BRDA:223,9,1,-
DA:224,0
DA:225,0
DA:227,0
DA:228,0
DA:238,0
FN:238,BondValuationLibrary.calculateMaxCoverage
FNDA:0,BondValuationLibrary.calculateMaxCoverage
DA:242,0
BRDA:242,10,0,-
BRDA:242,10,1,-
DA:243,0
DA:261,0
FN:261,BondValuationLibrary.simulatePriceCrash
FNDA:0,BondValuationLibrary.simulatePriceCrash
DA:277,0
DA:285,0
DA:288,0
DA:296,0
DA:299,0
DA:311,0
FN:311,BondValuationLibrary._normalizeDecimals
FNDA:0,BondValuationLibrary._normalizeDecimals
DA:316,0
BRDA:316,11,0,-
BRDA:316,11,1,-
DA:317,0
DA:318,0
BRDA:318,12,0,-
BRDA:318,12,1,-
DA:320,0
DA:321,0
DA:324,0
DA:325,0
DA:334,0
FN:334,BondValuationLibrary.isValidHaircut
FNDA:0,BondValuationLibrary.isValidHaircut
DA:335,0
DA:343,0
FN:343,BondValuationLibrary.isValidUtilization
FNDA:0,BondValuationLibrary.isValidUtilization
DA:344,0
FNF:10
FNH:0
LF:68
LH:0
BRF:24
BRH:0
end_of_record
TN:
SF:contracts/decentralized-resolution-module/DecentralizedResolutionModule.sol
DA:245,0
FN:245,DecentralizedResolutionModule.onlySeniorResolver
FNDA:0,DecentralizedResolutionModule.onlySeniorResolver
DA:246,0
BRDA:246,0,0,-
DA:249,0
FN:249,DecentralizedResolutionModule.onlyResolver
FNDA:0,DecentralizedResolutionModule.onlyResolver
DA:250,0
BRDA:250,1,0,-
DA:251,0
DA:255,0
FN:255,DecentralizedResolutionModule.onlyEscrowContract
FNDA:0,DecentralizedResolutionModule.onlyEscrowContract
DA:256,0
BRDA:256,2,0,-
DA:260,0
FN:260,DecentralizedResolutionModule.constructor
FNDA:0,DecentralizedResolutionModule.constructor
DA:263,0
DA:265,0
DA:266,0
DA:267,0
DA:271,0
DA:272,0
DA:275,0
DA:276,0
DA:277,0
DA:283,0
DA:291,0
DA:294,0
DA:295,0
DA:296,0
DA:299,0
FN:299,DecentralizedResolutionModule.appointResolver
FNDA:0,DecentralizedResolutionModule.appointResolver
DA:304,0
BRDA:304,3,0,-
DA:305,0
DA:307,0
DA:308,0
DA:309,0
DA:310,0
DA:311,0
DA:312,0
DA:315,0
DA:317,0
DA:324,0
DA:327,0
FN:327,DecentralizedResolutionModule.appointSeniorResolver
FNDA:0,DecentralizedResolutionModule.appointSeniorResolver
DA:332,0
BRDA:332,4,0,-
DA:333,0
DA:335,0
DA:336,0
DA:337,0
DA:338,0
DA:339,0
DA:340,0
DA:343,0
DA:345,0
DA:350,0
DA:357,0
DA:360,0
FN:360,DecentralizedResolutionModule.removeResolver
FNDA:0,DecentralizedResolutionModule.removeResolver
DA:361,0
BRDA:361,5,0,-
DA:362,0
DA:364,0
BRDA:364,6,0,-
DA:365,0
DA:367,0
DA:368,0
DA:369,0
DA:370,0
DA:371,0
DA:374,0
FN:374,DecentralizedResolutionModule.removeSeniorResolver
FNDA:0,DecentralizedResolutionModule.removeSeniorResolver
DA:375,0
BRDA:375,7,0,-
DA:376,0
DA:378,0
DA:379,0
DA:380,0
DA:381,0
DA:382,0
DA:385,0
FN:385,DecentralizedResolutionModule._removeFromArray
FNDA:0,DecentralizedResolutionModule._removeFromArray
DA:390,0
DA:391,0
DA:392,0
BRDA:392,8,0,-
DA:393,0
DA:394,0
DA:395,0
DA:397,0
DA:401,0
FN:401,DecentralizedResolutionModule.updateResolverMetadata
FNDA:0,DecentralizedResolutionModule.updateResolverMetadata
DA:406,0
BRDA:406,9,0,-
DA:407,0
DA:409,0
DA:410,0
DA:411,0
DA:414,0
FN:414,DecentralizedResolutionModule.getApprovedResolvers
FNDA:0,DecentralizedResolutionModule.getApprovedResolvers
DA:415,0
DA:417,0
FN:417,DecentralizedResolutionModule.getApprovedSeniorResolvers
FNDA:0,DecentralizedResolutionModule.getApprovedSeniorResolvers
DA:418,0
DA:420,0
FN:420,DecentralizedResolutionModule.getDisputeResolverRole
FNDA:0,DecentralizedResolutionModule.getDisputeResolverRole
DA:421,0
DA:423,0
FN:423,DecentralizedResolutionModule.getDisputeMetadata
FNDA:0,DecentralizedResolutionModule.getDisputeMetadata
DA:424,0
DA:434,0
FN:434,DecentralizedResolutionModule.getDecisionAtRound
FNDA:0,DecentralizedResolutionModule.getDecisionAtRound
DA:435,0
BRDA:435,10,0,-
BRDA:435,10,1,-
DA:436,0
DA:437,0
DA:448,0
FN:448,DecentralizedResolutionModule.getAppealDeadlineAndRound
FNDA:0,DecentralizedResolutionModule.getAppealDeadlineAndRound
DA:451,0
DA:452,0
DA:453,0
DA:456,0
BRDA:456,11,0,-
DA:457,0
DA:461,0
DA:463,0
DA:466,0
FN:466,DecentralizedResolutionModule.isAuthorizedDisputeResolver
FNDA:0,DecentralizedResolutionModule.isAuthorizedDisputeResolver
DA:471,0
DA:472,0
DA:473,0
BRDA:473,12,0,-
DA:474,0
DA:475,0
DA:478,0
DA:485,0
FN:485,DecentralizedResolutionModule.getDisputeResolver
FNDA:0,DecentralizedResolutionModule.getDisputeResolver
DA:489,0
DA:490,0
DA:491,0
BRDA:491,13,0,-
DA:492,0
DA:493,0
BRDA:493,14,0,-
DA:494,0
DA:495,0
BRDA:495,15,0,-
DA:497,0
DA:500,0
FN:500,DecentralizedResolutionModule.canEscalate
FNDA:0,DecentralizedResolutionModule.canEscalate
DA:505,0
DA:506,0
DA:507,0
BRDA:507,16,0,-
DA:508,0
BRDA:508,17,1,-
DA:509,0
BRDA:509,17,0,-
DA:510,0
BRDA:510,18,0,-
DA:511,0
BRDA:511,19,0,-
DA:514,0
DA:515,0
BRDA:515,20,0,-
DA:516,0
DA:517,0
DA:522,0
DA:525,0
FN:525,DecentralizedResolutionModule.executeEscalation
FNDA:0,DecentralizedResolutionModule.executeEscalation
DA:529,0
DA:530,0
DA:531,0
DA:533,0
BRDA:533,21,0,-
DA:534,0
DA:537,0
DA:538,0
BRDA:538,22,0,-
BRDA:538,22,1,-
DA:539,0
DA:540,0
BRDA:540,23,0,-
DA:541,0
BRDA:541,24,0,-
DA:542,0
DA:545,0
BRDA:545,25,0,-
DA:546,0
DA:550,0
DA:551,0
DA:552,0
DA:553,0
DA:554,0
DA:555,0
DA:556,0
DA:558,0
DA:559,0
DA:562,0
DA:565,0
BRDA:565,26,0,-
DA:566,0
BRDA:566,27,0,-
BRDA:566,27,1,-
DA:567,0
DA:570,0
BRDA:570,28,0,-
BRDA:570,28,1,-
DA:571,0
DA:576,0
BRDA:576,29,0,-
DA:578,0
DA:579,0
BRDA:579,30,0,-
DA:582,0
BRDA:582,31,0,-
DA:585,0
DA:595,0
FN:595,DecentralizedResolutionModule.getRequiredAppealBond
FNDA:0,DecentralizedResolutionModule.getRequiredAppealBond
DA:600,0
BRDA:600,32,0,-
DA:601,0
DA:608,0
DA:610,0
DA:618,0
DA:621,0
DA:626,0
DA:629,0
FN:629,DecentralizedResolutionModule.moduleName
FNDA:0,DecentralizedResolutionModule.moduleName
DA:630,0
DA:632,0
FN:632,DecentralizedResolutionModule.moduleVersion
FNDA:0,DecentralizedResolutionModule.moduleVersion
DA:633,0
DA:635,0
FN:635,DecentralizedResolutionModule.supportsInterface
FNDA:0,DecentralizedResolutionModule.supportsInterface
DA:638,0
DA:639,0
DA:640,0
DA:643,0
FN:643,DecentralizedResolutionModule.setResolutionTableEntry
FNDA:0,DecentralizedResolutionModule.setResolutionTableEntry
DA:647,0
DA:648,0
DA:650,0
FN:650,DecentralizedResolutionModule.getResolutionTableEntry
FNDA:0,DecentralizedResolutionModule.getResolutionTableEntry
DA:653,0
DA:655,0
FN:655,DecentralizedResolutionModule.setEscrowCategory
FNDA:0,DecentralizedResolutionModule.setEscrowCategory
DA:659,0
DA:661,0
FN:661,DecentralizedResolutionModule.generateCategoryKey
FNDA:0,DecentralizedResolutionModule.generateCategoryKey
DA:666,0
DA:668,0
FN:668,DecentralizedResolutionModule.autoCategorizeEscrow
FNDA:0,DecentralizedResolutionModule.autoCategorizeEscrow
DA:669,0
DA:671,0
FN:671,DecentralizedResolutionModule.getAmountTier
FNDA:0,DecentralizedResolutionModule.getAmountTier
DA:672,0
DA:674,0
FN:674,DecentralizedResolutionModule.getAmountCategory
FNDA:0,DecentralizedResolutionModule.getAmountCategory
DA:675,0
DA:678,0
FN:678,DecentralizedResolutionModule.queueEscalationConfig
FNDA:0,DecentralizedResolutionModule.queueEscalationConfig
DA:682,0
BRDA:682,33,0,-
DA:683,0
DA:689,0
DA:692,0
FN:692,DecentralizedResolutionModule.activateEscalationConfig
FNDA:0,DecentralizedResolutionModule.activateEscalationConfig
DA:693,0
DA:694,0
BRDA:694,34,0,-
DA:695,0
DA:696,0
DA:697,0
DA:698,0
DA:702,0
FN:702,DecentralizedResolutionModule.getPendingEscalationConfig
FNDA:0,DecentralizedResolutionModule.getPendingEscalationConfig
DA:705,0
DA:706,0
DA:709,0
FN:709,DecentralizedResolutionModule.setExternalResolver
FNDA:0,DecentralizedResolutionModule.setExternalResolver
DA:710,0
DA:711,0
BRDA:711,35,0,-
DA:712,0
DA:713,0
DA:715,0
DA:718,0
FN:718,DecentralizedResolutionModule.selectResolverRoundRobin
FNDA:0,DecentralizedResolutionModule.selectResolverRoundRobin
DA:723,0
BRDA:723,36,0,-
DA:724,0
DA:727,0
DA:728,0
DA:729,0
BRDA:729,37,0,-
DA:730,0
DA:735,0
DA:736,0
DA:737,0
DA:738,0
DA:739,0
DA:742,0
DA:746,0
BRDA:746,38,0,-
DA:749,0
DA:750,0
BRDA:750,39,0,-
DA:753,0
DA:757,0
BRDA:757,40,0,-
DA:759,0
DA:762,0
FN:762,DecentralizedResolutionModule.selectResolverWithQuality.0
FNDA:0,DecentralizedResolutionModule.selectResolverWithQuality.0
DA:767,0
BRDA:767,41,0,-
DA:768,0
DA:771,0
DA:772,0
DA:773,0
BRDA:773,42,0,-
DA:776,0
DA:777,0
DA:778,0
DA:779,0
DA:781,0
DA:782,0
DA:783,0
BRDA:783,43,0,-
DA:784,0
BRDA:784,44,0,-
DA:786,0
DA:787,0
DA:789,0
BRDA:789,45,0,-
DA:790,0
DA:794,0
DA:795,0
DA:799,0
BRDA:799,46,0,-
DA:802,0
DA:803,0
BRDA:803,47,0,-
DA:806,0
DA:807,0
BRDA:807,48,0,-
DA:809,0
DA:810,0
DA:811,0
DA:812,0
DA:815,0
BRDA:815,49,0,-
DA:816,0
BRDA:816,50,0,-
DA:819,0
DA:820,0
DA:825,0
DA:826,0
DA:827,0
DA:828,0
BRDA:828,51,0,-
DA:829,0
DA:834,0
DA:837,0
FN:837,DecentralizedResolutionModule.advanceRoundRobinCounter
FNDA:0,DecentralizedResolutionModule.advanceRoundRobinCounter
DA:838,0
DA:839,0
BRDA:839,52,0,-
DA:840,0
BRDA:840,53,1,-
DA:841,0
BRDA:841,53,0,-
DA:844,0
DA:845,0
DA:848,0
FN:848,DecentralizedResolutionModule.initializeDispute
FNDA:0,DecentralizedResolutionModule.initializeDispute
DA:853,0
DA:854,0
BRDA:854,54,0,-
DA:857,0
BRDA:857,55,0,-
DA:858,0
DA:859,0
BRDA:859,56,0,-
DA:860,0
BRDA:860,57,0,-
DA:861,0
BRDA:861,58,0,-
DA:862,0
DA:867,0
DA:868,0
DA:871,0
DA:872,0
DA:873,0
DA:874,0
DA:875,0
DA:876,0
DA:879,0
DA:881,0
DA:882,0
DA:885,0
BRDA:885,59,0,-
DA:886,0
BRDA:886,60,0,-
BRDA:886,60,1,-
DA:887,0
DA:892,0
BRDA:892,61,0,-
DA:893,0
BRDA:893,62,0,-
DA:901,0
FN:901,DecentralizedResolutionModule.registerEscrowContract
FNDA:0,DecentralizedResolutionModule.registerEscrowContract
DA:902,0
DA:903,0
DA:905,0
FN:905,DecentralizedResolutionModule.unregisterEscrowContract
FNDA:0,DecentralizedResolutionModule.unregisterEscrowContract
DA:906,0
DA:907,0
DA:909,0
FN:909,DecentralizedResolutionModule.setIncentiveModule
FNDA:0,DecentralizedResolutionModule.setIncentiveModule
DA:910,0
DA:911,0
DA:913,0
FN:913,DecentralizedResolutionModule.setResolverActive
FNDA:0,DecentralizedResolutionModule.setResolverActive
DA:914,0
DA:915,0
DA:917,0
FN:917,DecentralizedResolutionModule.decrementResolverActiveDisputes
FNDA:0,DecentralizedResolutionModule.decrementResolverActiveDisputes
DA:918,0
BRDA:918,63,0,-
DA:919,0
BRDA:919,64,0,-
DA:921,0
FN:921,DecentralizedResolutionModule.setResolverCapacity
FNDA:0,DecentralizedResolutionModule.setResolverCapacity
DA:922,0
DA:923,0
DA:924,0
DA:935,0
FN:935,DecentralizedResolutionModule.setResolverAssignmentWeight
FNDA:0,DecentralizedResolutionModule.setResolverAssignmentWeight
DA:939,0
BRDA:939,65,0,-
DA:940,0
BRDA:940,66,0,-
DA:942,0
DA:943,0
DA:945,0
DA:956,0
FN:956,DecentralizedResolutionModule.calculateAssignmentWeight
FNDA:0,DecentralizedResolutionModule.calculateAssignmentWeight
DA:957,0
DA:962,0
DA:970,0
FN:970,DecentralizedResolutionModule.forceProgress
FNDA:0,DecentralizedResolutionModule.forceProgress
DA:971,0
DA:974,0
BRDA:974,67,0,-
DA:975,0
DA:978,0
BRDA:978,68,0,-
DA:979,0
DA:982,0
DA:983,0
DA:986,0
DA:996,0
BRDA:996,69,0,-
DA:997,0
BRDA:997,70,0,-
DA:998,0
DA:999,0
BRDA:999,70,1,-
DA:1000,0
DA:1005,0
BRDA:1005,71,0,-
DA:1006,0
BRDA:1006,72,0,-
DA:1014,0
DA:1015,0
DA:1017,0
BRDA:1017,73,0,-
BRDA:1017,73,1,-
DA:1018,0
DA:1019,0
BRDA:1019,74,0,-
DA:1020,0
BRDA:1020,75,0,-
DA:1021,0
DA:1022,0
BRDA:1022,76,0,-
DA:1025,0
BRDA:1025,77,0,-
BRDA:1025,77,1,-
DA:1027,0
BRDA:1027,78,0,-
DA:1028,0
BRDA:1028,79,0,-
DA:1036,0
DA:1037,0
DA:1038,0
DA:1040,0
DA:1042,0
DA:1044,0
BRDA:1044,80,0,-
DA:1045,0
BRDA:1045,81,0,-
DA:1046,0
DA:1047,0
BRDA:1047,81,1,-
DA:1048,0
DA:1053,0
BRDA:1053,82,0,-
DA:1054,0
BRDA:1054,83,0,-
DA:1063,0
BRDA:1063,84,0,-
DA:1064,0
BRDA:1064,85,0,-
DA:1070,0
DA:1073,0
FN:1073,DecentralizedResolutionModule.setDisputeTimeout
FNDA:0,DecentralizedResolutionModule.setDisputeTimeout
DA:1074,0
BRDA:1074,86,0,-
DA:1075,0
DA:1077,0
DA:1088,0
FN:1088,DecentralizedResolutionModule.recordResolution
FNDA:0,DecentralizedResolutionModule.recordResolution
DA:1094,0
DA:1095,0
DA:1098,0
DA:1099,0
DA:1100,0
DA:1101,0
DA:1104,0
DA:1111,0
DA:1114,0
BRDA:1114,87,0,-
DA:1115,0
BRDA:1115,88,0,-
DA:1116,0
DA:1123,0
BRDA:1123,88,1,-
DA:1124,0
DA:1129,0
BRDA:1129,89,0,-
DA:1130,0
BRDA:1130,90,0,-
DA:1138,0
FN:1138,DecentralizedResolutionModule.getAverageResolutionTime
FNDA:0,DecentralizedResolutionModule.getAverageResolutionTime
DA:1139,0
DA:1140,0
DA:1144,0
FN:1144,DecentralizedResolutionModule.getDisputeResolverStats
FNDA:0,DecentralizedResolutionModule.getDisputeResolverStats
DA:1145,0
DA:1147,0
FN:1147,DecentralizedResolutionModule.checkResolverNeedsAttention
FNDA:0,DecentralizedResolutionModule.checkResolverNeedsAttention
DA:1148,0
DA:1150,0
FN:1150,DecentralizedResolutionModule.selectResolverWithQuality.1
FNDA:0,DecentralizedResolutionModule.selectResolverWithQuality.1
DA:1155,0
BRDA:1155,91,0,-
DA:1156,0
DA:1158,0
DA:1169,0
FN:1169,DecentralizedResolutionModule.getV1PhaseGateMetrics
FNDA:0,DecentralizedResolutionModule.getV1PhaseGateMetrics
DA:1174,0
DA:1175,0
DA:1176,0
DA:1177,0
DA:1178,0
DA:1181,0
DA:1184,0
DA:1185,0
DA:1186,0
DA:1188,0
DA:1189,0
DA:1192,0
DA:1193,0
DA:1194,0
DA:1195,0
DA:1196,0
DA:1197,0
DA:1198,0
DA:1199,0
DA:1201,0
BRDA:1201,92,0,-
DA:1202,0
DA:1207,0
DA:1212,0
DA:1214,0
DA:1223,0
FN:1223,DecentralizedResolutionModule.setEMAParameters
FNDA:0,DecentralizedResolutionModule.setEMAParameters
DA:1228,0
BRDA:1228,93,0,-
DA:1229,0
BRDA:1229,94,0,-
DA:1230,0
DA:1232,0
BRDA:1232,95,0,-
DA:1233,0
DA:1236,0
DA:1237,0
DA:1238,0
DA:1246,0
FN:1246,DecentralizedResolutionModule.setRoundTimeouts
FNDA:0,DecentralizedResolutionModule.setRoundTimeouts
DA:1250,0
DA:1251,0
BRDA:1251,96,0,-
DA:1252,0
DA:1254,0
DA:1255,0
DA:1266,0
FN:1266,DecentralizedResolutionModule.recordReversal
FNDA:0,DecentralizedResolutionModule.recordReversal
DA:1267,0
DA:1269,0
BRDA:1269,97,0,-
DA:1270,0
BRDA:1270,98,0,-
DA:1271,0
BRDA:1271,99,0,-
DA:1272,0
DA:1276,0
BRDA:1276,100,0,-
DA:1277,0
DA:1279,0
DA:1291,0
BRDA:1291,101,0,-
DA:1292,0
BRDA:1292,102,0,-
DA:1300,0
BRDA:1300,103,0,-
DA:1301,0
BRDA:1301,104,0,-
DA:1316,0
FN:1316,DecentralizedResolutionModule.finalizeDispute
FNDA:0,DecentralizedResolutionModule.finalizeDispute
DA:1317,0
DA:1319,0
BRDA:1319,105,0,-
DA:1320,0
BRDA:1320,106,0,-
DA:1321,0
DA:1325,0
DA:1326,0
BRDA:1326,107,0,-
BRDA:1326,107,1,-
DA:1328,0
DA:1329,0
BRDA:1329,108,0,-
DA:1331,0
DA:1334,0
BRDA:1334,109,0,-
DA:1336,0
DA:1337,0
DA:1338,0
DA:1341,0
BRDA:1341,110,0,-
DA:1342,0
BRDA:1342,111,0,-
DA:1352,0
DA:1354,0
DA:1355,0
BRDA:1355,112,0,-
DA:1370,0
FN:1370,DecentralizedResolutionModule.queueEscalationCostConfig
FNDA:0,DecentralizedResolutionModule.queueEscalationCostConfig
DA:1373,0
BRDA:1373,113,0,-
DA:1377,0
DA:1383,0
DA:1389,0
DA:1395,0
FN:1395,DecentralizedResolutionModule.activateEscalationCostConfig
FNDA:0,DecentralizedResolutionModule.activateEscalationCostConfig
DA:1396,0
DA:1397,0
BRDA:1397,115,0,-
DA:1399,0
DA:1400,0
DA:1402,0
DA:1412,0
FN:1412,DecentralizedResolutionModule.getPendingEscalationCostConfig
FNDA:0,DecentralizedResolutionModule.getPendingEscalationCostConfig
DA:1417,0
DA:1418,0
DA:1425,0
FN:1425,DecentralizedResolutionModule.setMinEscrowValueForEscalation
FNDA:0,DecentralizedResolutionModule.setMinEscrowValueForEscalation
DA:1426,0
DA:1427,0
DA:1428,0
DA:1438,0
FN:1438,DecentralizedResolutionModule.queueAddAcceptedBondToken
FNDA:0,DecentralizedResolutionModule.queueAddAcceptedBondToken
DA:1439,0
BRDA:1439,116,0,-
DA:1440,0
BRDA:1440,117,0,-
DA:1442,0
DA:1449,0
DA:1457,0
FN:1457,DecentralizedResolutionModule.queueRemoveAcceptedBondToken
FNDA:0,DecentralizedResolutionModule.queueRemoveAcceptedBondToken
DA:1458,0
BRDA:1458,118,0,-
DA:1459,0
BRDA:1459,119,0,-
DA:1461,0
DA:1468,0
DA:1475,0
FN:1475,DecentralizedResolutionModule.activateBondTokenWhitelistChange
FNDA:0,DecentralizedResolutionModule.activateBondTokenWhitelistChange
DA:1476,0
BRDA:1476,120,0,-
DA:1477,0
BRDA:1477,121,0,-
DA:1478,0
DA:1481,0
DA:1482,0
DA:1484,0
BRDA:1484,122,0,-
BRDA:1484,122,1,-
DA:1485,0
DA:1486,0
DA:1488,0
DA:1493,0
DA:1501,0
FN:1501,DecentralizedResolutionModule.queueSetDefaultBondToken
FNDA:0,DecentralizedResolutionModule.queueSetDefaultBondToken
DA:1502,0
BRDA:1502,123,0,-
DA:1504,0
DA:1510,0
DA:1517,0
FN:1517,DecentralizedResolutionModule.activateDefaultBondToken
FNDA:0,DecentralizedResolutionModule.activateDefaultBondToken
DA:1518,0
BRDA:1518,124,0,-
DA:1519,0
BRDA:1519,125,0,-
DA:1520,0
DA:1523,0
DA:1524,0
DA:1526,0
DA:1529,0
DA:1537,0
FN:1537,DecentralizedResolutionModule.isAcceptedBondToken
FNDA:0,DecentralizedResolutionModule.isAcceptedBondToken
DA:1538,0
DA:1545,0
FN:1545,DecentralizedResolutionModule.getAcceptedBondTokens
FNDA:0,DecentralizedResolutionModule.getAcceptedBondTokens
DA:1546,0
DA:1556,0
FN:1556,DecentralizedResolutionModule.getPendingBondTokenChange
FNDA:0,DecentralizedResolutionModule.getPendingBondTokenChange
DA:1561,0
DA:1575,0
FN:1575,DecentralizedResolutionModule.getPendingDefaultBondToken
FNDA:0,DecentralizedResolutionModule.getPendingDefaultBondToken
DA:1580,0
DA:1593,0
FN:1593,DecentralizedResolutionModule.queueStakingModule
FNDA:0,DecentralizedResolutionModule.queueStakingModule
DA:1594,0
DA:1600,0
DA:1606,0
FN:1606,DecentralizedResolutionModule.activateStakingModule
FNDA:0,DecentralizedResolutionModule.activateStakingModule
DA:1607,0
DA:1608,0
BRDA:1608,126,0,-
DA:1610,0
DA:1611,0
DA:1613,0
DA:1621,0
FN:1621,DecentralizedResolutionModule.queueSlashingModule
FNDA:0,DecentralizedResolutionModule.queueSlashingModule
DA:1622,0
DA:1628,0
DA:1634,0
FN:1634,DecentralizedResolutionModule.activateSlashingModule
FNDA:0,DecentralizedResolutionModule.activateSlashingModule
DA:1635,0
DA:1636,0
BRDA:1636,127,0,-
DA:1638,0
DA:1639,0
DA:1641,0
DA:1651,0
FN:1651,DecentralizedResolutionModule.getPendingStakingModule
FNDA:0,DecentralizedResolutionModule.getPendingStakingModule
DA:1656,0
DA:1657,0
DA:1666,0
FN:1666,DecentralizedResolutionModule.getPendingSlashingModule
FNDA:0,DecentralizedResolutionModule.getPendingSlashingModule
DA:1671,0
DA:1672,0
DA:1680,0
FN:1680,DecentralizedResolutionModule.isV3Active
FNDA:0,DecentralizedResolutionModule.isV3Active
DA:1681,0
DA:1693,0
FN:1693,DecentralizedResolutionModule.pauseNewAssignments
FNDA:0,DecentralizedResolutionModule.pauseNewAssignments
DA:1694,0
BRDA:1694,128,0,-
DA:1695,0
DA:1697,0
BRDA:1697,129,0,-
DA:1699,0
DA:1700,0
DA:1707,0
FN:1707,DecentralizedResolutionModule.resumeNewAssignments
FNDA:0,DecentralizedResolutionModule.resumeNewAssignments
DA:1708,0
BRDA:1708,130,0,-
DA:1709,0
DA:1711,0
BRDA:1711,131,0,-
DA:1713,0
DA:1714,0
DA:1721,0
FN:1721,DecentralizedResolutionModule.areNewAssignmentsPaused
FNDA:0,DecentralizedResolutionModule.areNewAssignmentsPaused
DA:1722,0
FNF:82
FNH:0
LF:575
LH:0
BRF:145
BRH:0
end_of_record
TN:
SF:contracts/decentralized-resolution-module/EscalationCostLibrary.sol
DA:23,0
FN:23,EscalationCostLibrary.calculateEscalationCost
FNDA:0,EscalationCostLibrary.calculateEscalationCost
DA:27,0
BRDA:27,0,0,-
DA:28,0
DA:31,0
BRDA:31,1,0,-
BRDA:31,1,1,-
DA:33,0
DA:34,0
BRDA:34,2,0,-
BRDA:34,2,1,-
DA:36,0
DA:37,0
DA:38,0
BRDA:38,3,0,-
DA:42,0
BRDA:42,4,0,-
DA:43,0
DA:45,0
BRDA:45,5,0,-
DA:46,0
DA:50,0
DA:51,0
DA:52,0
DA:54,0
DA:58,0
DA:68,0
FN:68,EscalationCostLibrary.calculateCostForLevel
FNDA:0,EscalationCostLibrary.calculateCostForLevel
DA:73,0
BRDA:73,6,0,-
DA:74,0
DA:78,0
DA:79,0
FNF:2
FNH:0
LF:23
LH:0
BRF:9
BRH:0
end_of_record
TN:
SF:contracts/decentralized-resolution-module/InsurancePoolVault.sol
DA:90,0
FN:90,InsurancePoolVault.onlySlashingModule
FNDA:0,InsurancePoolVault.onlySlashingModule
DA:91,0
BRDA:91,0,0,-
BRDA:91,0,1,-
DA:95,0
FN:95,InsurancePoolVault.onlyTimelock
FNDA:0,InsurancePoolVault.onlyTimelock
DA:96,0
BRDA:96,1,0,-
BRDA:96,1,1,-
DA:107,0
FN:107,InsurancePoolVault.constructor
FNDA:0,InsurancePoolVault.constructor
DA:108,0
BRDA:108,2,0,-
BRDA:108,2,1,-
DA:112,0
DA:114,0
DA:116,0
DA:127,0
FN:127,InsurancePoolVault.deposit
FNDA:0,InsurancePoolVault.deposit
DA:132,0
BRDA:132,3,0,-
BRDA:132,3,1,-
DA:135,0
DA:137,0
DA:146,0
FN:146,InsurancePoolVault.recordDeposit
FNDA:0,InsurancePoolVault.recordDeposit
DA:151,0
BRDA:151,4,0,-
BRDA:151,4,1,-
DA:152,0
DA:158,0
FN:158,InsurancePoolVault._recordDeposit
FNDA:0,InsurancePoolVault._recordDeposit
DA:164,0
BRDA:164,5,1,-
DA:165,0
DA:166,0
DA:167,0
BRDA:167,5,0,-
DA:168,0
DA:169,0
BRDA:169,6,0,-
BRDA:169,6,1,-
DA:170,0
DA:172,0
DA:173,0
DA:174,0
DA:175,0
BRDA:175,7,0,-
DA:176,0
DA:179,0
DA:181,0
DA:192,0
FN:192,InsurancePoolVault.proposePayout
FNDA:0,InsurancePoolVault.proposePayout
DA:198,0
BRDA:198,8,0,-
BRDA:198,8,1,-
DA:199,0
BRDA:199,9,0,-
BRDA:199,9,1,-
DA:200,0
BRDA:200,10,0,-
BRDA:200,10,1,-
DA:202,0
DA:204,0
DA:213,0
DA:222,0
DA:229,0
FN:229,InsurancePoolVault.executePayout
FNDA:0,InsurancePoolVault.executePayout
DA:230,0
DA:231,0
BRDA:231,11,0,-
BRDA:231,11,1,-
DA:232,0
BRDA:232,12,0,-
BRDA:232,12,1,-
DA:233,0
BRDA:233,13,0,-
BRDA:233,13,1,-
DA:236,0
DA:237,0
DA:238,0
DA:243,0
DA:246,0
DA:248,0
DA:255,0
FN:255,InsurancePoolVault.cancelPayout
FNDA:0,InsurancePoolVault.cancelPayout
DA:256,0
DA:257,0
BRDA:257,14,0,-
BRDA:257,14,1,-
DA:261,0
DA:268,0
FN:268,InsurancePoolVault.setWithdrawalsEnabled
FNDA:0,InsurancePoolVault.setWithdrawalsEnabled
DA:269,0
DA:270,0
DA:279,0
FN:279,InsurancePoolVault.withdraw
FNDA:0,InsurancePoolVault.withdraw
DA:284,0
BRDA:284,15,0,-
BRDA:284,15,1,-
DA:285,0
BRDA:285,16,0,-
BRDA:285,16,1,-
DA:286,0
BRDA:286,17,0,-
BRDA:286,17,1,-
DA:287,0
BRDA:287,18,0,-
BRDA:287,18,1,-
DA:290,0
DA:293,0
DA:295,0
DA:304,0
FN:304,InsurancePoolVault._reduceBalances
FNDA:0,InsurancePoolVault._reduceBalances
DA:305,0
BRDA:305,19,0,-
BRDA:305,19,1,-
DA:307,0
BRDA:307,20,0,-
DA:309,0
DA:310,0
DA:311,0
DA:314,0
BRDA:314,21,0,-
DA:315,0
DA:317,0
BRDA:317,22,0,-
DA:318,0
DA:320,0
BRDA:320,23,0,-
DA:321,0
DA:325,0
DA:326,0
BRDA:326,24,0,-
DA:327,0
DA:328,0
BRDA:328,25,0,-
BRDA:328,25,1,-
DA:329,0
DA:330,0
BRDA:330,26,0,-
BRDA:330,26,1,-
DA:331,0
DA:333,0
DA:337,0
DA:338,0
DA:339,0
DA:342,0
DA:351,0
FN:351,InsurancePoolVault.getTotalBalance
FNDA:0,InsurancePoolVault.getTotalBalance
DA:352,0
DA:362,0
FN:362,InsurancePoolVault.getSourceBalances
FNDA:0,InsurancePoolVault.getSourceBalances
DA:367,0
DA:385,0
FN:385,InsurancePoolVault.getPendingPayout
FNDA:0,InsurancePoolVault.getPendingPayout
DA:399,0
DA:400,0
DA:414,0
FN:414,InsurancePoolVault.isWithdrawalsEnabled
FNDA:0,InsurancePoolVault.isWithdrawalsEnabled
DA:415,0
FNF:16
FNH:0
LF:98
LH:0
BRF:48
BRH:0
end_of_record
TN:
SF:contracts/decentralized-resolution-module/PaymentCalculationLibraryV1.sol
DA:26,0
FN:26,PaymentCalculationLibraryV1.calculatePayments
FNDA:0,PaymentCalculationLibraryV1.calculatePayments
DA:30,0
BRDA:30,0,0,-
BRDA:30,0,1,-
DA:31,0
BRDA:31,1,0,-
BRDA:31,1,1,-
DA:34,0
DA:35,0
BRDA:35,2,0,-
BRDA:35,2,1,-
DA:39,0
DA:42,0
DA:43,0
BRDA:43,3,0,-
BRDA:43,3,1,-
DA:46,0
DA:47,0
DA:52,0
DA:53,0
DA:55,0
DA:58,0
DA:62,0
DA:66,0
DA:67,0
DA:68,0
DA:72,0
BRDA:72,4,0,-
DA:73,0
DA:74,0
DA:77,0
DA:78,0
BRDA:78,5,0,-
DA:80,0
DA:81,0
DA:82,0
DA:86,0
DA:87,0
DA:92,0
BRDA:92,6,0,-
DA:93,0
DA:94,0
BRDA:94,7,0,-
DA:95,0
DA:96,0
DA:102,0
DA:114,0
FN:114,PaymentCalculationLibraryV1.version
FNDA:0,PaymentCalculationLibraryV1.version
DA:115,0
DA:124,0
FN:124,PaymentCalculationLibraryV1.validate
FNDA:0,PaymentCalculationLibraryV1.validate
DA:126,0
DA:137,0
FN:137,PaymentCalculationLibraryV1.calculateTotalWeight
FNDA:0,PaymentCalculationLibraryV1.calculateTotalWeight
DA:141,0
DA:142,0
DA:152,0
FN:152,PaymentCalculationLibraryV1.getWeightForLevel
FNDA:0,PaymentCalculationLibraryV1.getWeightForLevel
DA:153,0
BRDA:153,8,0,-
DA:154,0
BRDA:154,9,0,-
DA:155,0
BRDA:155,10,0,-
DA:156,0
DA:164,0
FN:164,PaymentCalculationLibraryV1.createTestInput
FNDA:0,PaymentCalculationLibraryV1.createTestInput
DA:165,0
DA:166,0
DA:171,0
DA:177,0
FNF:6
FNH:0
LF:51
LH:0
BRF:15
BRH:0
end_of_record
TN:
SF:contracts/decentralized-resolution-module/ResolutionAnalytics.sol
DA:64,0
FN:64,ResolutionAnalytics.initializeResolver
FNDA:0,ResolutionAnalytics.initializeResolver
DA:65,0
BRDA:65,0,0,-
DA:67,0
DA:68,0
DA:69,0
DA:81,0
FN:81,ResolutionAnalytics.updateEMAScore
FNDA:0,ResolutionAnalytics.updateEMAScore
DA:87,0
BRDA:87,1,0,-
BRDA:87,1,1,-
DA:88,0
BRDA:88,2,0,-
BRDA:88,2,1,-
DA:90,0
DA:94,0
DA:97,0
DA:98,0
DA:100,0
DA:110,0
FN:110,ResolutionAnalytics.recordSuccessfulResolution
FNDA:0,ResolutionAnalytics.recordSuccessfulResolution
DA:116,0
DA:117,0
DA:118,0
DA:121,0
DA:124,0
DA:126,0
DA:146,0
FN:146,ResolutionAnalytics.recordReversal
FNDA:0,ResolutionAnalytics.recordReversal
DA:156,0
DA:159,0
DA:161,0
DA:170,0
DA:188,0
FN:188,ResolutionAnalytics.recordTimeout
FNDA:0,ResolutionAnalytics.recordTimeout
DA:196,0
BRDA:196,3,0,-
BRDA:196,3,1,-
DA:197,0
DA:199,0
DA:203,0
DA:205,0
DA:207,0
DA:223,0
FN:223,ResolutionAnalytics.calculateWorkloadWeight
FNDA:0,ResolutionAnalytics.calculateWorkloadWeight
DA:228,0
BRDA:228,4,0,-
DA:231,0
BRDA:231,5,0,-
DA:235,0
DA:244,0
FN:244,ResolutionAnalytics.getTimeoutRate
FNDA:0,ResolutionAnalytics.getTimeoutRate
DA:247,0
BRDA:247,6,0,-
DA:249,0
DA:250,0
DA:258,0
FN:258,ResolutionAnalytics.getReversalRate
FNDA:0,ResolutionAnalytics.getReversalRate
DA:261,0
BRDA:261,7,0,-
DA:263,0
DA:271,0
FN:271,ResolutionAnalytics.getAverageResolutionTime
FNDA:0,ResolutionAnalytics.getAverageResolutionTime
DA:274,0
BRDA:274,8,0,-
DA:276,0
DA:286,0
FN:286,ResolutionAnalytics.checkResolverNeedsAttention
FNDA:0,ResolutionAnalytics.checkResolverNeedsAttention
DA:290,0
BRDA:290,9,0,-
DA:291,0
BRDA:291,10,0,-
DA:294,0
BRDA:294,11,0,-
DA:297,0
BRDA:297,12,0,-
DA:300,0
BRDA:300,13,0,-
DA:302,0
FNF:10
FNH:0
LF:53
LH:0
BRF:17
BRH:0
end_of_record
TN:
SF:contracts/decentralized-resolution-module/ResolverIncentiveModuleV1.sol
DA:222,0
FN:222,ResolverIncentiveModuleV1.onlyEscrowContract
FNDA:0,ResolverIncentiveModuleV1.onlyEscrowContract
DA:223,0
DA:224,0
BRDA:224,0,0,-
DA:226,0
BRDA:226,1,0,-
DA:227,0
DA:239,0
FN:239,ResolverIncentiveModuleV1.constructor
FNDA:0,ResolverIncentiveModuleV1.constructor
DA:240,0
BRDA:240,2,0,-
DA:241,0
BRDA:241,3,0,-
DA:245,0
DA:248,0
DA:249,0
DA:252,0
BRDA:252,4,0,-
DA:253,0
DA:273,0
FN:273,ResolverIncentiveModuleV1.recordResolver
FNDA:0,ResolverIncentiveModuleV1.recordResolver
DA:278,0
DA:281,0
FN:281,ResolverIncentiveModuleV1._recordResolver
FNDA:0,ResolverIncentiveModuleV1._recordResolver
DA:282,0
BRDA:282,5,0,-
DA:283,0
BRDA:283,6,0,-
DA:286,0
BRDA:286,7,0,-
DA:287,0
DA:291,0
DA:292,0
BRDA:292,8,0,-
DA:293,0
DA:297,0
DA:302,0
DA:304,0
DA:319,0
FN:319,ResolverIncentiveModuleV1.recordEscrowFee
FNDA:0,ResolverIncentiveModuleV1.recordEscrowFee
DA:324,0
DA:327,0
FN:327,ResolverIncentiveModuleV1._recordEscrowFee
FNDA:0,ResolverIncentiveModuleV1._recordEscrowFee
DA:328,0
DA:329,0
BRDA:329,9,0,-
DA:330,0
BRDA:330,10,0,-
DA:333,0
DA:336,0
BRDA:336,11,0,-
DA:337,0
DA:341,0
BRDA:341,12,0,-
DA:342,0
DA:346,0
DA:347,0
DA:349,0
DA:351,0
DA:361,0
FN:361,ResolverIncentiveModuleV1.recordEscalationFee
FNDA:0,ResolverIncentiveModuleV1.recordEscalationFee
DA:366,0
DA:369,0
FN:369,ResolverIncentiveModuleV1._recordEscalationFee
FNDA:0,ResolverIncentiveModuleV1._recordEscalationFee
DA:370,0
DA:371,0
BRDA:371,13,0,-
DA:372,0
BRDA:372,14,0,-
DA:373,0
BRDA:373,15,0,-
DA:376,0
BRDA:376,16,0,-
DA:379,0
DA:382,0
DA:383,0
BRDA:383,17,0,-
DA:384,0
DA:386,0
BRDA:386,18,0,-
DA:387,0
DA:391,0
DA:392,0
DA:394,0
BRDA:394,19,0,-
DA:395,0
DA:398,0
DA:407,0
FN:407,ResolverIncentiveModuleV1.onDisputeOpened
FNDA:0,ResolverIncentiveModuleV1.onDisputeOpened
DA:415,0
BRDA:415,20,0,-
DA:416,0
DA:424,0
FN:424,ResolverIncentiveModuleV1.onResolverAssigned
FNDA:0,ResolverIncentiveModuleV1.onResolverAssigned
DA:429,0
DA:436,0
FN:436,ResolverIncentiveModuleV1.onDecisionSubmitted
FNDA:0,ResolverIncentiveModuleV1.onDecisionSubmitted
DA:451,0
FN:451,ResolverIncentiveModuleV1.onEscalated
FNDA:0,ResolverIncentiveModuleV1.onEscalated
DA:465,0
FN:465,ResolverIncentiveModuleV1.onDisputeFinalized
FNDA:0,ResolverIncentiveModuleV1.onDisputeFinalized
DA:478,0
FN:478,ResolverIncentiveModuleV1.onResolverTimeout
FNDA:0,ResolverIncentiveModuleV1.onResolverTimeout
DA:494,0
FN:494,ResolverIncentiveModuleV1.getRequiredAppealBond
FNDA:0,ResolverIncentiveModuleV1.getRequiredAppealBond
DA:499,0
DA:506,0
FN:506,ResolverIncentiveModuleV1.supportsFeature
FNDA:0,ResolverIncentiveModuleV1.supportsFeature
DA:507,0
DA:514,0
FN:514,ResolverIncentiveModuleV1.recordAppealBond
FNDA:0,ResolverIncentiveModuleV1.recordAppealBond
DA:522,0
DA:529,0
FN:529,ResolverIncentiveModuleV1.distributeAppealBond
FNDA:0,ResolverIncentiveModuleV1.distributeAppealBond
DA:534,0
DA:544,0
FN:544,ResolverIncentiveModuleV1.distributePayments
FNDA:0,ResolverIncentiveModuleV1.distributePayments
DA:551,0
DA:565,0
FN:565,ResolverIncentiveModuleV1.onDisputeResolved
FNDA:0,ResolverIncentiveModuleV1.onDisputeResolved
DA:569,0
BRDA:569,21,0,-
DA:570,0
BRDA:570,22,0,-
DA:573,0
DA:574,0
BRDA:574,23,0,-
DA:576,0
DA:577,0
DA:578,0
DA:581,0
DA:582,0
BRDA:582,24,0,-
DA:583,0
DA:589,0
DA:590,0
DA:591,0
DA:594,0
BRDA:594,25,0,-
DA:596,0
DA:601,0
DA:602,0
BRDA:602,26,0,-
DA:605,0
DA:613,0
DA:622,0
DA:628,0
BRDA:628,27,0,-
DA:629,0
DA:631,0
BRDA:631,28,0,-
DA:634,0
BRDA:634,29,0,-
DA:635,0
DA:639,0
DA:640,0
DA:642,0
BRDA:642,30,0,-
DA:643,0
DA:647,0
DA:648,0
DA:649,0
BRDA:649,31,0,-
DA:653,0
BRDA:653,32,0,-
DA:654,0
DA:658,0
DA:659,0
BRDA:659,33,0,-
DA:666,0
BRDA:666,34,0,-
DA:667,0
DA:669,0
DA:670,0
BRDA:670,35,0,-
DA:671,0
DA:682,0
BRDA:682,36,0,-
DA:683,0
DA:687,0
DA:688,0
BRDA:688,37,0,-
DA:689,0
DA:694,0
DA:695,0
DA:701,0
DA:711,0
FN:711,ResolverIncentiveModuleV1.claimPayment
FNDA:0,ResolverIncentiveModuleV1.claimPayment
DA:712,0
BRDA:712,38,0,-
DA:713,0
BRDA:713,39,0,-
DA:715,0
DA:716,0
BRDA:716,40,0,-
DA:723,0
DA:724,0
DA:726,0
DA:735,0
FN:735,ResolverIncentiveModuleV1.calculatePaymentsWithVersion
FNDA:0,ResolverIncentiveModuleV1.calculatePaymentsWithVersion
DA:739,0
DA:743,0
BRDA:743,41,0,-
BRDA:743,41,1,-
DA:745,0
DA:748,0
DA:759,0
FN:759,ResolverIncentiveModuleV1.queuePaymentCalculationLibrary
FNDA:0,ResolverIncentiveModuleV1.queuePaymentCalculationLibrary
DA:760,0
BRDA:760,42,0,-
DA:761,0
BRDA:761,43,0,-
DA:763,0
DA:764,0
DA:771,0
FN:771,ResolverIncentiveModuleV1.activatePaymentCalculationLibrary
FNDA:0,ResolverIncentiveModuleV1.activatePaymentCalculationLibrary
DA:772,0
DA:773,0
DA:775,0
DA:783,0
FN:783,ResolverIncentiveModuleV1.rollbackToPreviousLibrary
FNDA:0,ResolverIncentiveModuleV1.rollbackToPreviousLibrary
DA:784,0
BRDA:784,44,0,-
DA:785,0
BRDA:785,45,0,-
DA:787,0
DA:788,0
DA:796,0
FN:796,ResolverIncentiveModuleV1.queueResolverSharePercentage
FNDA:0,ResolverIncentiveModuleV1.queueResolverSharePercentage
DA:797,0
BRDA:797,46,0,-
DA:799,0
DA:800,0
DA:811,0
FN:811,ResolverIncentiveModuleV1.activateResolverSharePercentage
FNDA:0,ResolverIncentiveModuleV1.activateResolverSharePercentage
DA:812,0
DA:813,0
DA:815,0
DA:823,0
FN:823,ResolverIncentiveModuleV1.queueWeights
FNDA:0,ResolverIncentiveModuleV1.queueWeights
DA:824,0
BRDA:824,47,0,-
DA:825,0
BRDA:825,48,0,-
DA:826,0
BRDA:826,49,0,-
DA:828,0
DA:834,0
DA:841,0
FN:841,ResolverIncentiveModuleV1.activateWeights
FNDA:0,ResolverIncentiveModuleV1.activateWeights
DA:842,0
BRDA:842,50,0,-
DA:843,0
DA:845,0
BRDA:845,51,0,-
DA:846,0
DA:849,0
DA:850,0
DA:852,0
DA:863,0
FN:863,ResolverIncentiveModuleV1.registerEscrowContract
FNDA:0,ResolverIncentiveModuleV1.registerEscrowContract
DA:864,0
BRDA:864,52,0,-
DA:865,0
DA:866,0
DA:873,0
FN:873,ResolverIncentiveModuleV1.unregisterEscrowContract
FNDA:0,ResolverIncentiveModuleV1.unregisterEscrowContract
DA:874,0
DA:875,0
DA:887,0
FN:887,ResolverIncentiveModuleV1._checkAndUpdateRateLimits
FNDA:0,ResolverIncentiveModuleV1._checkAndUpdateRateLimits
DA:892,0
DA:895,0
BRDA:895,53,0,-
DA:896,0
DA:897,0
DA:898,0
DA:899,0
DA:903,0
BRDA:903,54,0,-
DA:904,0
DA:905,0
BRDA:905,55,0,-
DA:906,0
DA:912,0
DA:914,0
DA:918,0
BRDA:918,56,0,-
DA:919,0
DA:920,0
BRDA:920,57,0,-
DA:921,0
DA:927,0
DA:929,0
DA:938,0
FN:938,ResolverIncentiveModuleV1.pauseEscrowContract
FNDA:0,ResolverIncentiveModuleV1.pauseEscrowContract
DA:939,0
BRDA:939,58,0,-
DA:940,0
DA:941,0
DA:949,0
FN:949,ResolverIncentiveModuleV1.unpauseEscrowContract
FNDA:0,ResolverIncentiveModuleV1.unpauseEscrowContract
DA:950,0
DA:951,0
DA:959,0
FN:959,ResolverIncentiveModuleV1.resetEscrowRateLimit
FNDA:0,ResolverIncentiveModuleV1.resetEscrowRateLimit
DA:960,0
DA:961,0
DA:962,0
DA:963,0
DA:964,0
DA:976,0
FN:976,ResolverIncentiveModuleV1.getEscrowRateLimit
FNDA:0,ResolverIncentiveModuleV1.getEscrowRateLimit
DA:989,0
DA:990,0
DA:1008,0
FN:1008,ResolverIncentiveModuleV1.clearFeeRecording
FNDA:0,ResolverIncentiveModuleV1.clearFeeRecording
DA:1012,0
DA:1022,0
FN:1022,ResolverIncentiveModuleV1.validateLibrary
FNDA:0,ResolverIncentiveModuleV1.validateLibrary
DA:1023,0
BRDA:1023,59,0,-
DA:1026,0
BRDA:1026,60,0,-
DA:1027,0
BRDA:1027,61,0,-
DA:1028,0
BRDA:1028,60,1,-
DA:1029,0
DA:1033,0
DA:1034,0
BRDA:1034,62,0,-
DA:1037,0
DA:1038,0
BRDA:1038,62,1,-
DA:1039,0
DA:1047,0
FN:1047,ResolverIncentiveModuleV1.createTestInput
FNDA:0,ResolverIncentiveModuleV1.createTestInput
DA:1048,0
DA:1049,0
DA:1054,0
DA:1060,0
DA:1078,0
FN:1078,ResolverIncentiveModuleV1.getPendingPaymentLibrary
FNDA:0,ResolverIncentiveModuleV1.getPendingPaymentLibrary
DA:1083,0
DA:1092,0
FN:1092,ResolverIncentiveModuleV1.getPendingResolverSharePercentage
FNDA:0,ResolverIncentiveModuleV1.getPendingResolverSharePercentage
DA:1097,0
DA:1106,0
FN:1106,ResolverIncentiveModuleV1.getPendingWeights
FNDA:0,ResolverIncentiveModuleV1.getPendingWeights
DA:1111,0
DA:1119,0
FN:1119,ResolverIncentiveModuleV1.getDisputeResolvers
FNDA:0,ResolverIncentiveModuleV1.getDisputeResolvers
DA:1122,0
DA:1131,0
FN:1131,ResolverIncentiveModuleV1.getDisputeFees
FNDA:0,ResolverIncentiveModuleV1.getDisputeFees
DA:1134,0
DA:1142,0
FN:1142,ResolverIncentiveModuleV1.arePaymentsDistributed
FNDA:0,ResolverIncentiveModuleV1.arePaymentsDistributed
DA:1143,0
DA:1151,0
FN:1151,ResolverIncentiveModuleV1.arePaymentsCalculated
FNDA:0,ResolverIncentiveModuleV1.arePaymentsCalculated
DA:1152,0
DA:1161,0
FN:1161,ResolverIncentiveModuleV1.getClaimablePayment
FNDA:0,ResolverIncentiveModuleV1.getClaimablePayment
DA:1165,0
DA:1174,0
FN:1174,ResolverIncentiveModuleV1.supportsInterface
FNDA:0,ResolverIncentiveModuleV1.supportsInterface
DA:1177,0
FNF:48
FNH:0
LF:256
LH:0
BRF:66
BRH:0
end_of_record
TN:
SF:contracts/decentralized-resolution-module/ResolverIncentiveModuleV2.sol
DA:120,0
FN:120,ResolverIncentiveModuleV2.getRequiredAppealBond
FNDA:0,ResolverIncentiveModuleV2.getRequiredAppealBond
DA:130,0
DA:138,0
FN:138,ResolverIncentiveModuleV2.supportsFeature
FNDA:0,ResolverIncentiveModuleV2.supportsFeature
DA:139,0
DA:156,0
FN:156,ResolverIncentiveModuleV2.recordAppealBond
FNDA:0,ResolverIncentiveModuleV2.recordAppealBond
DA:164,0
BRDA:164,0,0,-
BRDA:164,0,1,-
DA:165,0
BRDA:165,1,0,-
BRDA:165,1,1,-
DA:166,0
BRDA:166,2,0,-
BRDA:166,2,1,-
DA:167,0
BRDA:167,3,0,-
BRDA:167,3,1,-
DA:168,0
BRDA:168,4,0,-
BRDA:168,4,1,-
DA:169,0
BRDA:169,5,0,-
BRDA:169,5,1,-
DA:172,0
BRDA:172,6,0,-
BRDA:172,6,1,-
DA:174,0
BRDA:174,7,0,-
BRDA:174,7,1,-
DA:176,0
BRDA:176,8,0,-
BRDA:176,8,1,-
DA:182,0
DA:186,0
DA:189,0
DA:200,0
DA:201,0
DA:203,0
DA:215,0
FN:215,ResolverIncentiveModuleV2.distributeAppealBond
FNDA:0,ResolverIncentiveModuleV2.distributeAppealBond
DA:221,0
BRDA:221,9,0,-
BRDA:221,9,1,-
DA:225,0
DA:226,0
DA:228,0
BRDA:228,10,0,-
BRDA:228,10,1,-
DA:229,0
BRDA:229,11,0,-
BRDA:229,11,1,-
DA:231,0
DA:233,0
DA:234,0
DA:236,0
BRDA:236,12,0,-
BRDA:236,12,1,-
DA:238,0
DA:241,0
DA:254,0
FN:254,ResolverIncentiveModuleV2._requirePayoutToken
FNDA:0,ResolverIncentiveModuleV2._requirePayoutToken
DA:255,0
DA:256,0
BRDA:256,13,0,-
BRDA:256,13,1,-
DA:258,0
DA:261,0
BRDA:261,14,0,-
BRDA:261,14,1,-
DA:268,0
FN:268,ResolverIncentiveModuleV2._refundBond
FNDA:0,ResolverIncentiveModuleV2._refundBond
DA:274,0
DA:275,0
DA:281,0
DA:283,0
BRDA:283,15,0,-
BRDA:283,15,1,-
DA:285,0
DA:286,0
BRDA:286,16,0,-
BRDA:286,16,1,-
DA:289,0
DA:292,0
DA:304,0
FN:304,ResolverIncentiveModuleV2._payBondToResolvers
FNDA:0,ResolverIncentiveModuleV2._payBondToResolvers
DA:310,0
DA:313,0
DA:316,0
BRDA:316,17,0,-
DA:319,0
DA:326,0
DA:330,0
DA:331,0
DA:333,0
DA:334,0
BRDA:334,18,0,-
DA:335,0
DA:336,0
DA:341,0
BRDA:341,19,0,-
DA:343,0
DA:350,0
DA:354,0
DA:357,0
DA:358,0
DA:375,0
DA:376,0
DA:378,0
BRDA:378,20,0,-
DA:379,0
DA:381,0
DA:385,0
DA:386,0
DA:387,0
DA:390,0
DA:406,0
FN:406,ResolverIncentiveModuleV2.forfeitAppealBond
FNDA:0,ResolverIncentiveModuleV2.forfeitAppealBond
DA:411,0
DA:413,0
BRDA:413,21,0,-
BRDA:413,21,1,-
DA:414,0
BRDA:414,22,0,-
BRDA:414,22,1,-
DA:416,0
DA:417,0
DA:418,0
DA:419,0
DA:420,0
DA:425,0
DA:433,0
FN:433,ResolverIncentiveModuleV2.getAppealBond
FNDA:0,ResolverIncentiveModuleV2.getAppealBond
DA:437,0
DA:447,0
FN:447,ResolverIncentiveModuleV2.getV2Metrics
FNDA:0,ResolverIncentiveModuleV2.getV2Metrics
DA:457,0
DA:471,0
FN:471,ResolverIncentiveModuleV2.getEscalationDepthHistogram
FNDA:0,ResolverIncentiveModuleV2.getEscalationDepthHistogram
DA:476,0
DA:486,0
FN:486,ResolverIncentiveModuleV2.hasAppealBond
FNDA:0,ResolverIncentiveModuleV2.hasAppealBond
DA:487,0
DA:498,0
FN:498,ResolverIncentiveModuleV2.distributePayments
FNDA:0,ResolverIncentiveModuleV2.distributePayments
DA:507,0
DA:510,0
DA:523,0
FN:523,ResolverIncentiveModuleV2.sweep
FNDA:0,ResolverIncentiveModuleV2.sweep
DA:528,0
BRDA:528,23,0,-
BRDA:528,23,1,-
DA:530,0
BRDA:530,24,0,-
BRDA:530,24,1,-
DA:532,0
DA:533,0
DA:534,0
BRDA:534,25,0,-
BRDA:534,25,1,-
DA:535,0
BRDA:535,26,0,-
DA:536,0
DA:537,0
BRDA:537,27,0,-
BRDA:537,27,1,-
DA:541,0
DA:542,0
DA:543,0
DA:544,0
BRDA:544,28,0,-
BRDA:544,28,1,-
DA:545,0
BRDA:545,29,0,-
DA:546,0
FNF:14
FNH:0
LF:109
LH:0
BRF:54
BRH:0
end_of_record
TN:
SF:contracts/decentralized-resolution-module/ResolverSlashingModuleV1.sol
DA:160,0
FN:160,ResolverSlashingModuleV1.constructor
FNDA:0,ResolverSlashingModuleV1.constructor
DA:166,0
BRDA:166,0,0,-
DA:167,0
BRDA:167,1,0,-
DA:168,0
BRDA:168,2,0,-
DA:172,0
DA:174,0
DA:175,0
DA:176,0
DA:181,0
DA:182,0
DA:185,0
DA:201,0
FN:201,ResolverSlashingModuleV1.proposeSlash
FNDA:0,ResolverSlashingModuleV1.proposeSlash
DA:207,0
BRDA:207,3,0,-
DA:209,0
DA:211,0
DA:213,0
DA:227,0
DA:233,0
FN:233,ResolverSlashingModuleV1.executeSlash
FNDA:0,ResolverSlashingModuleV1.executeSlash
DA:234,0
DA:236,0
BRDA:236,4,0,-
DA:237,0
BRDA:237,5,0,-
DA:238,0
DA:241,0
DA:242,0
DA:245,0
DA:246,0
DA:249,0
DA:254,0
DA:257,0
DA:258,0
DA:261,0
DA:264,0
DA:267,0
DA:274,0
DA:275,0
DA:277,0
DA:278,0
DA:291,0
FN:291,ResolverSlashingModuleV1.appealSlash
FNDA:0,ResolverSlashingModuleV1.appealSlash
DA:296,0
DA:298,0
BRDA:298,6,0,-
DA:299,0
BRDA:299,7,0,-
DA:300,0
DA:302,0
BRDA:302,8,0,-
DA:303,0
BRDA:303,9,0,-
DA:306,0
DA:317,0
DA:323,0
FN:323,ResolverSlashingModuleV1.resolveAppeal
FNDA:0,ResolverSlashingModuleV1.resolveAppeal
DA:324,0
DA:325,0
DA:327,0
BRDA:327,10,0,-
DA:328,0
BRDA:328,11,0,-
DA:330,0
DA:331,0
DA:333,0
BRDA:333,12,0,-
BRDA:333,12,1,-
DA:335,0
DA:338,0
DA:339,0
DA:340,0
DA:352,0
FN:352,ResolverSlashingModuleV1.slashForTimeout
FNDA:0,ResolverSlashingModuleV1.slashForTimeout
DA:358,0
BRDA:358,13,0,-
DA:359,0
DA:363,0
BRDA:363,14,0,-
DA:364,0
DA:365,0
DA:369,0
DA:373,0
DA:376,0
DA:378,0
BRDA:378,15,0,-
DA:379,0
DA:383,0
DA:385,0
DA:400,0
DA:405,0
DA:408,0
DA:411,0
DA:414,0
DA:421,0
DA:422,0
DA:425,0
DA:427,0
DA:428,0
DA:429,0
DA:442,0
FN:442,ResolverSlashingModuleV1.slashForReversal
FNDA:0,ResolverSlashingModuleV1.slashForReversal
DA:448,0
DA:460,0
FN:460,ResolverSlashingModuleV1.slashForFraud
FNDA:0,ResolverSlashingModuleV1.slashForFraud
DA:466,0
BRDA:466,16,0,-
DA:467,0
DA:471,0
BRDA:471,17,0,-
DA:472,0
DA:473,0
DA:477,0
BRDA:477,18,0,-
DA:480,0
DA:481,0
DA:484,0
DA:486,0
BRDA:486,19,0,-
DA:487,0
DA:491,0
DA:493,0
DA:508,0
DA:513,0
DA:516,0
DA:519,0
DA:522,0
DA:529,0
DA:530,0
DA:533,0
DA:535,0
DA:536,0
DA:537,0
DA:546,0
DA:557,0
FN:557,ResolverSlashingModuleV1._executeWaterfallSlash
FNDA:0,ResolverSlashingModuleV1._executeWaterfallSlash
DA:562,0
DA:565,0
DA:566,0
DA:568,0
BRDA:568,20,0,-
DA:572,0
DA:576,0
DA:578,0
BRDA:578,21,0,-
BRDA:578,21,1,-
DA:580,0
DA:581,0
DA:582,0
DA:585,0
DA:588,0
DA:589,0
DA:591,0
BRDA:591,22,0,-
BRDA:591,22,1,-
DA:593,0
DA:594,0
DA:597,0
BRDA:597,23,0,-
DA:598,0
DA:602,0
DA:605,0
BRDA:605,24,0,-
DA:606,0
DA:608,0
DA:609,0
DA:617,0
FN:617,ResolverSlashingModuleV1._calculateSlashAmount
FNDA:0,ResolverSlashingModuleV1._calculateSlashAmount
DA:621,0
DA:622,0
DA:624,0
DA:626,0
BRDA:626,25,0,-
BRDA:626,25,1,-
DA:627,0
DA:628,0
BRDA:628,26,0,-
BRDA:628,26,1,-
DA:630,0
DA:631,0
DA:634,0
BRDA:634,27,0,-
BRDA:634,27,1,-
DA:635,0
DA:637,0
DA:639,0
BRDA:639,28,0,-
BRDA:639,28,1,-
DA:640,0
DA:641,0
BRDA:641,29,0,-
BRDA:641,29,1,-
DA:642,0
DA:645,0
DA:648,0
DA:651,0
DA:652,0
BRDA:652,30,0,-
DA:653,0
DA:656,0
DA:662,0
FN:662,ResolverSlashingModuleV1._enforceSlashCaps
FNDA:0,ResolverSlashingModuleV1._enforceSlashCaps
DA:666,0
DA:667,0
DA:670,0
BRDA:670,31,0,-
DA:672,0
DA:673,0
DA:677,0
DA:678,0
BRDA:678,32,0,-
DA:680,0
DA:681,0
DA:682,0
DA:686,0
DA:687,0
DA:688,0
DA:691,0
DA:692,0
DA:697,0
DA:698,0
DA:699,0
DA:704,0
DA:706,0
BRDA:706,33,0,-
BRDA:706,33,1,-
DA:707,0
DA:708,0
DA:709,0
DA:711,0
DA:715,0
DA:716,0
DA:717,0
DA:718,0
DA:728,0
FN:728,ResolverSlashingModuleV1._slashResolverStake
FNDA:0,ResolverSlashingModuleV1._slashResolverStake
DA:729,0
BRDA:729,34,0,-
DA:732,0
DA:735,0
DA:736,0
DA:742,0
FN:742,ResolverSlashingModuleV1._slashSeniorCoverage
FNDA:0,ResolverSlashingModuleV1._slashSeniorCoverage
DA:743,0
BRDA:743,35,0,-
DA:746,0
DA:753,0
DA:754,0
DA:762,0
FN:762,ResolverSlashingModuleV1._findDelegation
FNDA:0,ResolverSlashingModuleV1._findDelegation
DA:767,0
DA:771,0
BRDA:771,36,0,-
DA:773,0
DA:778,0
BRDA:778,37,0,-
DA:779,0
DA:780,0
DA:790,0
DA:791,0
DA:803,0
FN:803,ResolverSlashingModuleV1._distributeSlashedFunds
FNDA:0,ResolverSlashingModuleV1._distributeSlashedFunds
DA:813,0
DA:814,0
DA:815,0
DA:816,0
DA:819,0
BRDA:819,38,0,-
DA:821,0
DA:824,0
DA:831,0
DA:833,0
DA:841,0
FN:841,ResolverSlashingModuleV1._handleSlashedSEW
FNDA:0,ResolverSlashingModuleV1._handleSlashedSEW
DA:842,0
DA:843,0
BRDA:843,39,0,-
DA:845,0
DA:848,0
DA:849,0
BRDA:849,40,0,-
DA:850,0
DA:851,0
DA:855,0
DA:856,0
DA:866,0
FN:866,ResolverSlashingModuleV1._freezeResolver
FNDA:0,ResolverSlashingModuleV1._freezeResolver
DA:867,0
DA:868,0
DA:871,0
DA:874,0
BRDA:874,41,0,-
BRDA:874,41,1,-
DA:876,0
DA:879,0
DA:882,0
DA:883,0
DA:890,0
FN:890,ResolverSlashingModuleV1._freezeResolverInsufficientBond
FNDA:0,ResolverSlashingModuleV1._freezeResolverInsufficientBond
DA:891,0
DA:892,0
BRDA:892,42,0,-
DA:893,0
DA:901,0
FN:901,ResolverSlashingModuleV1._updateUnavailabilityStats
FNDA:0,ResolverSlashingModuleV1._updateUnavailabilityStats
DA:902,0
DA:905,0
DA:908,0
BRDA:908,43,0,-
DA:909,0
DA:913,0
BRDA:913,44,0,-
DA:914,0
DA:917,0
BRDA:917,45,0,-
DA:918,0
DA:919,0
DA:931,0
FN:931,ResolverSlashingModuleV1._triggerCircuitBreaker
FNDA:0,ResolverSlashingModuleV1._triggerCircuitBreaker
DA:932,0
BRDA:932,46,0,-
DA:933,0
DA:934,0
DA:935,0
DA:941,0
FN:941,ResolverSlashingModuleV1.getSlashEvent
FNDA:0,ResolverSlashingModuleV1.getSlashEvent
DA:942,0
DA:945,0
FN:945,ResolverSlashingModuleV1.getSlashAppeal
FNDA:0,ResolverSlashingModuleV1.getSlashAppeal
DA:946,0
DA:949,0
FN:949,ResolverSlashingModuleV1.calculateSlashAmount
FNDA:0,ResolverSlashingModuleV1.calculateSlashAmount
DA:953,0
DA:956,0
FN:956,ResolverSlashingModuleV1.getSlashableStake
FNDA:0,ResolverSlashingModuleV1.getSlashableStake
DA:957,0
DA:958,0
DA:961,0
FN:961,ResolverSlashingModuleV1.getSlashedInPeriod
FNDA:0,ResolverSlashingModuleV1.getSlashedInPeriod
DA:962,0
DA:965,0
FN:965,ResolverSlashingModuleV1.getSlashConfig
FNDA:0,ResolverSlashingModuleV1.getSlashConfig
DA:966,0
DA:969,0
FN:969,ResolverSlashingModuleV1.canAppeal
FNDA:0,ResolverSlashingModuleV1.canAppeal
DA:970,0
DA:971,0
DA:972,0
DA:973,0
DA:974,0
DA:977,0
FN:977,ResolverSlashingModuleV1.canExecute
FNDA:0,ResolverSlashingModuleV1.canExecute
DA:978,0
DA:979,0
DA:980,0
DA:983,0
FN:983,ResolverSlashingModuleV1.getInsurancePoolBalance
FNDA:0,ResolverSlashingModuleV1.getInsurancePoolBalance
DA:984,0
BRDA:984,47,0,-
DA:985,0
DA:987,0
DA:990,0
FN:990,ResolverSlashingModuleV1.isResolverFrozen
FNDA:0,ResolverSlashingModuleV1.isResolverFrozen
DA:991,0
DA:992,0
DA:997,0
FN:997,ResolverSlashingModuleV1.calculateDistribution
FNDA:0,ResolverSlashingModuleV1.calculateDistribution
DA:1001,0
DA:1002,0
DA:1003,0
DA:1004,0
DA:1007,0
FN:1007,ResolverSlashingModuleV1.claimInsurancePayout
FNDA:0,ResolverSlashingModuleV1.claimInsurancePayout
DA:1014,0
DA:1019,0
FN:1019,ResolverSlashingModuleV1.setSlashPercentage
FNDA:0,ResolverSlashingModuleV1.setSlashPercentage
DA:1020,0
BRDA:1020,48,0,-
DA:1022,0
DA:1024,0
BRDA:1024,49,0,-
BRDA:1024,49,1,-
DA:1025,0
DA:1026,0
DA:1027,0
BRDA:1027,50,0,-
BRDA:1027,50,1,-
DA:1028,0
DA:1029,0
DA:1031,0
DA:1032,0
DA:1035,0
DA:1038,0
FN:1038,ResolverSlashingModuleV1.setMaxSlashPerPeriod
FNDA:0,ResolverSlashingModuleV1.setMaxSlashPerPeriod
DA:1039,0
DA:1040,0
DA:1043,0
FN:1043,ResolverSlashingModuleV1.setAppealWindow
FNDA:0,ResolverSlashingModuleV1.setAppealWindow
DA:1044,0
DA:1047,0
FN:1047,ResolverSlashingModuleV1.setAppealBond
FNDA:0,ResolverSlashingModuleV1.setAppealBond
DA:1048,0
DA:1051,0
FN:1051,ResolverSlashingModuleV1.fundInsurancePool
FNDA:0,ResolverSlashingModuleV1.fundInsurancePool
DA:1054,0
BRDA:1054,51,0,-
DA:1055,0
DA:1056,0
DA:1057,0
DA:1065,0
FN:1065,ResolverSlashingModuleV1.setInsurancePoolVault
FNDA:0,ResolverSlashingModuleV1.setInsurancePoolVault
DA:1066,0
DA:1067,0
DA:1069,0
BRDA:1069,52,0,-
DA:1071,0
DA:1077,0
BRDA:1077,53,0,-
DA:1079,0
DA:1086,0
FN:1086,ResolverSlashingModuleV1.triggerCircuitBreaker
FNDA:0,ResolverSlashingModuleV1.triggerCircuitBreaker
DA:1087,0
DA:1090,0
FN:1090,ResolverSlashingModuleV1.resetCircuitBreaker
[...]
BRDA:493,26,0,-
DA:494,0
DA:496,0
DA:509,0
FN:509,SafeCast.toUint32
FNDA:0,SafeCast.toUint32
DA:510,0
BRDA:510,27,0,-
DA:511,0
DA:513,0
DA:526,0
FN:526,SafeCast.toUint24
FNDA:0,SafeCast.toUint24
DA:527,0
BRDA:527,28,0,-
DA:528,0
DA:530,0
DA:543,0
FN:543,SafeCast.toUint16
FNDA:0,SafeCast.toUint16
DA:544,0
BRDA:544,29,0,-
DA:545,0
DA:547,0
DA:560,0
FN:560,SafeCast.toUint8
FNDA:0,SafeCast.toUint8
DA:561,0
BRDA:561,30,0,-
DA:562,0
DA:564,0
DA:574,0
FN:574,SafeCast.toUint256
FNDA:0,SafeCast.toUint256
DA:575,0
BRDA:575,31,0,-
DA:576,0
DA:578,0
DA:592,0
FN:592,SafeCast.toInt248
FNDA:0,SafeCast.toInt248
DA:593,0
DA:594,0
BRDA:594,32,0,-
DA:595,0
DA:610,0
FN:610,SafeCast.toInt240
FNDA:0,SafeCast.toInt240
DA:611,0
DA:612,0
BRDA:612,33,0,-
DA:613,0
DA:628,0
FN:628,SafeCast.toInt232
FNDA:0,SafeCast.toInt232
DA:629,0
DA:630,0
BRDA:630,34,0,-
DA:631,0
DA:646,0
FN:646,SafeCast.toInt224
FNDA:0,SafeCast.toInt224
DA:647,0
DA:648,0
BRDA:648,35,0,-
DA:649,0
DA:664,0
FN:664,SafeCast.toInt216
FNDA:0,SafeCast.toInt216
DA:665,0
DA:666,0
BRDA:666,36,0,-
DA:667,0
DA:682,0
FN:682,SafeCast.toInt208
FNDA:0,SafeCast.toInt208
DA:683,0
DA:684,0
BRDA:684,37,0,-
DA:685,0
DA:700,0
FN:700,SafeCast.toInt200
FNDA:0,SafeCast.toInt200
DA:701,0
DA:702,0
BRDA:702,38,0,-
DA:703,0
DA:718,0
FN:718,SafeCast.toInt192
FNDA:0,SafeCast.toInt192
DA:719,0
DA:720,0
BRDA:720,39,0,-
DA:721,0
DA:736,0
FN:736,SafeCast.toInt184
FNDA:0,SafeCast.toInt184
DA:737,0
DA:738,0
BRDA:738,40,0,-
DA:739,0
DA:754,0
FN:754,SafeCast.toInt176
FNDA:0,SafeCast.toInt176
DA:755,0
DA:756,0
BRDA:756,41,0,-
DA:757,0
DA:772,0
FN:772,SafeCast.toInt168
FNDA:0,SafeCast.toInt168
DA:773,0
DA:774,0
BRDA:774,42,0,-
DA:775,0
DA:790,0
FN:790,SafeCast.toInt160
FNDA:0,SafeCast.toInt160
DA:791,0
DA:792,0
BRDA:792,43,0,-
DA:793,0
DA:808,0
FN:808,SafeCast.toInt152
FNDA:0,SafeCast.toInt152
DA:809,0
DA:810,0
BRDA:810,44,0,-
DA:811,0
DA:826,0
FN:826,SafeCast.toInt144
FNDA:0,SafeCast.toInt144
DA:827,0
DA:828,0
BRDA:828,45,0,-
DA:829,0
DA:844,0
FN:844,SafeCast.toInt136
FNDA:0,SafeCast.toInt136
DA:845,0
DA:846,0
BRDA:846,46,0,-
DA:847,0
DA:862,0
FN:862,SafeCast.toInt128
FNDA:0,SafeCast.toInt128
DA:863,0
DA:864,0
BRDA:864,47,0,-
DA:865,0
DA:880,0
FN:880,SafeCast.toInt120
FNDA:0,SafeCast.toInt120
DA:881,0
DA:882,0
BRDA:882,48,0,-
DA:883,0
DA:898,0
FN:898,SafeCast.toInt112
FNDA:0,SafeCast.toInt112
DA:899,0
DA:900,0
BRDA:900,49,0,-
DA:901,0
DA:916,0
FN:916,SafeCast.toInt104
FNDA:0,SafeCast.toInt104
DA:917,0
DA:918,0
BRDA:918,50,0,-
DA:919,0
DA:934,0
FN:934,SafeCast.toInt96
FNDA:0,SafeCast.toInt96
DA:935,0
DA:936,0
BRDA:936,51,0,-
DA:937,0
DA:952,0
FN:952,SafeCast.toInt88
FNDA:0,SafeCast.toInt88
DA:953,0
DA:954,0
BRDA:954,52,0,-
DA:955,0
DA:970,0
FN:970,SafeCast.toInt80
FNDA:0,SafeCast.toInt80
DA:971,0
DA:972,0
BRDA:972,53,0,-
DA:973,0
DA:988,0
FN:988,SafeCast.toInt72
FNDA:0,SafeCast.toInt72
DA:989,0
DA:990,0
BRDA:990,54,0,-
DA:991,0
DA:1006,0
FN:1006,SafeCast.toInt64
FNDA:0,SafeCast.toInt64
DA:1007,0
DA:1008,0
BRDA:1008,55,0,-
DA:1009,0
DA:1024,0
FN:1024,SafeCast.toInt56
FNDA:0,SafeCast.toInt56
DA:1025,0
DA:1026,0
BRDA:1026,56,0,-
DA:1027,0
DA:1042,0
FN:1042,SafeCast.toInt48
FNDA:0,SafeCast.toInt48
DA:1043,0
DA:1044,0
BRDA:1044,57,0,-
DA:1045,0
DA:1060,0
FN:1060,SafeCast.toInt40
FNDA:0,SafeCast.toInt40
DA:1061,0
DA:1062,0
BRDA:1062,58,0,-
DA:1063,0
DA:1078,0
FN:1078,SafeCast.toInt32
FNDA:0,SafeCast.toInt32
DA:1079,0
DA:1080,0
BRDA:1080,59,0,-
DA:1081,0
DA:1096,0
FN:1096,SafeCast.toInt24
FNDA:0,SafeCast.toInt24
DA:1097,0
DA:1098,0
BRDA:1098,60,0,-
DA:1099,0
DA:1114,0
FN:1114,SafeCast.toInt16
FNDA:0,SafeCast.toInt16
DA:1115,0
DA:1116,0
BRDA:1116,61,0,-
DA:1117,0
DA:1132,0
FN:1132,SafeCast.toInt8
FNDA:0,SafeCast.toInt8
DA:1133,0
DA:1134,0
BRDA:1134,62,0,-
DA:1135,0
DA:1146,0
FN:1146,SafeCast.toInt256
FNDA:0,SafeCast.toInt256
DA:1148,0
BRDA:1148,63,0,-
DA:1149,0
DA:1151,0
DA:1157,0
FN:1157,SafeCast.toUint
FNDA:0,SafeCast.toUint
DA:1159,0
FNF:65
FNH:0
LF:258
LH:0
BRF:64
BRH:0
end_of_record
TN:
SF:node_modules/@openzeppelin/contracts/utils/math/SignedMath.sol
DA:19,0
FN:19,SignedMath.ternary
FNDA:0,SignedMath.ternary
DA:24,0
DA:31,0
FN:31,SignedMath.max
FNDA:0,SignedMath.max
DA:32,0
DA:38,0
FN:38,SignedMath.min
FNDA:0,SignedMath.min
DA:39,0
DA:46,0
FN:46,SignedMath.average
FNDA:0,SignedMath.average
DA:48,0
DA:49,0
DA:55,0
FN:55,SignedMath.abs
FNDA:0,SignedMath.abs
DA:62,0
DA:65,0
FNF:5
FNH:0
LF:12
LH:0
BRF:0
BRH:0
end_of_record
TN:
SF:node_modules/@openzeppelin/contracts/utils/structs/Checkpoints.sol
DA:39,0
FN:39,Checkpoints.push.0
FNDA:0,Checkpoints.push.0
DA:44,0
DA:51,0
FN:51,Checkpoints.lowerLookup.0
FNDA:0,Checkpoints.lowerLookup.0
DA:52,0
DA:53,0
DA:54,0
DA:61,0
FN:61,Checkpoints.upperLookup.0
FNDA:0,Checkpoints.upperLookup.0
DA:62,0
DA:63,0
DA:64,0
DA:74,0
FN:74,Checkpoints.upperLookupRecent.0
FNDA:0,Checkpoints.upperLookupRecent.0
DA:75,0
DA:77,0
DA:78,0
DA:80,0
BRDA:80,0,0,-
DA:81,0
DA:82,0
BRDA:82,1,0,-
BRDA:82,1,1,-
DA:83,0
DA:85,0
DA:89,0
DA:91,0
DA:97,0
FN:97,Checkpoints.latest.0
FNDA:0,Checkpoints.latest.0
DA:98,0
DA:99,0
DA:106,0
FN:106,Checkpoints.latestCheckpoint.0
FNDA:0,Checkpoints.latestCheckpoint.0
DA:107,0
DA:108,0
BRDA:108,2,0,-
BRDA:108,2,1,-
DA:109,0
DA:111,0
DA:112,0
DA:119,0
FN:119,Checkpoints.length.0
FNDA:0,Checkpoints.length.0
DA:120,0
DA:126,0
FN:126,Checkpoints.at.0
FNDA:0,Checkpoints.at.0
DA:127,0
DA:134,0
FN:134,Checkpoints._insert.0
FNDA:0,Checkpoints._insert.0
DA:139,0
DA:141,0
BRDA:141,3,0,-
BRDA:141,3,1,-
DA:142,0
DA:143,0
DA:144,0
DA:147,0
BRDA:147,4,0,-
DA:148,0
DA:152,0
BRDA:152,5,0,-
BRDA:152,5,1,-
DA:153,0
DA:155,0
DA:157,0
DA:159,0
DA:160,0
DA:171,0
FN:171,Checkpoints._upperBinaryLookup.0
FNDA:0,Checkpoints._upperBinaryLookup.0
DA:177,0
DA:178,0
DA:179,0
BRDA:179,6,0,-
BRDA:179,6,1,-
DA:180,0
DA:182,0
DA:185,0
DA:195,0
FN:195,Checkpoints._lowerBinaryLookup.0
FNDA:0,Checkpoints._lowerBinaryLookup.0
DA:201,0
DA:202,0
DA:203,0
BRDA:203,7,0,-
BRDA:203,7,1,-
DA:204,0
DA:206,0
DA:209,0
DA:215,0
FN:215,Checkpoints._unsafeAccess.0
FNDA:0,Checkpoints._unsafeAccess.0
DA:220,0
DA:221,0
DA:242,0
FN:242,Checkpoints.push.1
FNDA:0,Checkpoints.push.1
DA:247,0
DA:254,0
FN:254,Checkpoints.lowerLookup.1
FNDA:0,Checkpoints.lowerLookup.1
DA:255,0
DA:256,0
DA:257,0
DA:264,0
FN:264,Checkpoints.upperLookup.1
FNDA:0,Checkpoints.upperLookup.1
DA:265,0
DA:266,0
DA:267,0
DA:277,0
FN:277,Checkpoints.upperLookupRecent.1
FNDA:0,Checkpoints.upperLookupRecent.1
DA:278,0
DA:280,0
DA:281,0
DA:283,0
BRDA:283,8,0,-
DA:284,0
DA:285,0
BRDA:285,9,0,-
BRDA:285,9,1,-
DA:286,0
DA:288,0
DA:292,0
DA:294,0
DA:300,0
FN:300,Checkpoints.latest.1
FNDA:0,Checkpoints.latest.1
DA:301,0
DA:302,0
DA:309,0
FN:309,Checkpoints.latestCheckpoint.1
FNDA:0,Checkpoints.latestCheckpoint.1
DA:310,0
DA:311,0
BRDA:311,10,0,-
BRDA:311,10,1,-
DA:312,0
DA:314,0
DA:315,0
DA:322,0
FN:322,Checkpoints.length.1
FNDA:0,Checkpoints.length.1
DA:323,0
DA:329,0
FN:329,Checkpoints.at.1
FNDA:0,Checkpoints.at.1
DA:330,0
DA:337,0
FN:337,Checkpoints._insert.1
FNDA:0,Checkpoints._insert.1
DA:342,0
DA:344,0
BRDA:344,11,0,-
BRDA:344,11,1,-
DA:345,0
DA:346,0
DA:347,0
DA:350,0
BRDA:350,12,0,-
DA:351,0
DA:355,0
BRDA:355,13,0,-
BRDA:355,13,1,-
DA:356,0
DA:358,0
DA:360,0
DA:362,0
DA:363,0
DA:374,0
FN:374,Checkpoints._upperBinaryLookup.1
FNDA:0,Checkpoints._upperBinaryLookup.1
DA:380,0
DA:381,0
DA:382,0
BRDA:382,14,0,-
BRDA:382,14,1,-
DA:383,0
DA:385,0
DA:388,0
DA:398,0
FN:398,Checkpoints._lowerBinaryLookup.1
FNDA:0,Checkpoints._lowerBinaryLookup.1
DA:404,0
DA:405,0
DA:406,0
BRDA:406,15,0,-
BRDA:406,15,1,-
DA:407,0
DA:409,0
DA:412,0
DA:418,0
FN:418,Checkpoints._unsafeAccess.1
FNDA:0,Checkpoints._unsafeAccess.1
DA:423,0
DA:424,0
DA:445,0
FN:445,Checkpoints.push.2
FNDA:0,Checkpoints.push.2
DA:450,0
DA:457,0
FN:457,Checkpoints.lowerLookup.2
FNDA:0,Checkpoints.lowerLookup.2
DA:458,0
DA:459,0
DA:460,0
DA:467,0
FN:467,Checkpoints.upperLookup.2
FNDA:0,Checkpoints.upperLookup.2
DA:468,0
DA:469,0
DA:470,0
DA:480,0
FN:480,Checkpoints.upperLookupRecent.2
FNDA:0,Checkpoints.upperLookupRecent.2
DA:481,0
DA:483,0
DA:484,0
DA:486,0
BRDA:486,16,0,-
DA:487,0
DA:488,0
BRDA:488,17,0,-
BRDA:488,17,1,-
DA:489,0
DA:491,0
DA:495,0
DA:497,0
DA:503,0
FN:503,Checkpoints.latest.2
FNDA:0,Checkpoints.latest.2
DA:504,0
DA:505,0
DA:512,0
FN:512,Checkpoints.latestCheckpoint.2
FNDA:0,Checkpoints.latestCheckpoint.2
DA:513,0
DA:514,0
BRDA:514,18,0,-
BRDA:514,18,1,-
DA:515,0
DA:517,0
DA:518,0
DA:525,0
FN:525,Checkpoints.length.2
FNDA:0,Checkpoints.length.2
DA:526,0
DA:532,0
FN:532,Checkpoints.at.2
FNDA:0,Checkpoints.at.2
DA:533,0
DA:540,0
FN:540,Checkpoints._insert.2
FNDA:0,Checkpoints._insert.2
DA:545,0
DA:547,0
BRDA:547,19,0,-
BRDA:547,19,1,-
DA:548,0
DA:549,0
DA:550,0
DA:553,0
BRDA:553,20,0,-
DA:554,0
DA:558,0
BRDA:558,21,0,-
BRDA:558,21,1,-
DA:559,0
DA:561,0
DA:563,0
DA:565,0
DA:566,0
DA:577,0
FN:577,Checkpoints._upperBinaryLookup.2
FNDA:0,Checkpoints._upperBinaryLookup.2
DA:583,0
DA:584,0
DA:585,0
BRDA:585,22,0,-
BRDA:585,22,1,-
DA:586,0
DA:588,0
DA:591,0
DA:601,0
FN:601,Checkpoints._lowerBinaryLookup.2
FNDA:0,Checkpoints._lowerBinaryLookup.2
DA:607,0
DA:608,0
DA:609,0
BRDA:609,23,0,-
BRDA:609,23,1,-
DA:610,0
DA:612,0
DA:615,0
DA:621,0
FN:621,Checkpoints._unsafeAccess.2
FNDA:0,Checkpoints._unsafeAccess.2
DA:626,0
DA:627,0
FNF:36
FNH:0
LF:195
LH:0
BRF:42
BRH:0
end_of_record
TN:
SF:node_modules/@openzeppelin/contracts/utils/structs/DoubleEndedQueue.sol
DA:40,0
FN:40,DoubleEndedQueue.pushBack
FNDA:0,DoubleEndedQueue.pushBack
DA:42,0
DA:43,0
BRDA:43,0,0,-
DA:44,0
DA:45,0
DA:54,0
FN:54,DoubleEndedQueue.popBack
FNDA:0,DoubleEndedQueue.popBack
DA:56,0
DA:57,0
BRDA:57,1,0,-
DA:58,0
DA:59,0
DA:61,0
DA:70,0
FN:70,DoubleEndedQueue.pushFront
FNDA:0,DoubleEndedQueue.pushFront
DA:72,0
DA:73,0
BRDA:73,2,0,-
DA:74,0
DA:75,0
DA:84,0
FN:84,DoubleEndedQueue.popFront
FNDA:0,DoubleEndedQueue.popFront
DA:86,0
DA:87,0
BRDA:87,3,0,-
DA:88,0
DA:90,0
DA:99,0
FN:99,DoubleEndedQueue.front
FNDA:0,DoubleEndedQueue.front
DA:100,0
BRDA:100,4,0,-
DA:101,0
DA:109,0
FN:109,DoubleEndedQueue.back
FNDA:0,DoubleEndedQueue.back
DA:110,0
BRDA:110,5,0,-
DA:112,0
DA:122,0
FN:122,DoubleEndedQueue.at
FNDA:0,DoubleEndedQueue.at
DA:123,0
BRDA:123,6,0,-
DA:126,0
DA:136,0
FN:136,DoubleEndedQueue.clear
FNDA:0,DoubleEndedQueue.clear
DA:137,0
DA:138,0
DA:144,0
FN:144,DoubleEndedQueue.length
FNDA:0,DoubleEndedQueue.length
DA:146,0
DA:153,0
FN:153,DoubleEndedQueue.empty
FNDA:0,DoubleEndedQueue.empty
DA:154,0
FNF:10
FNH:0
LF:37
LH:0
BRF:7
BRH:0
end_of_record
TN:
SF:node_modules/@openzeppelin/contracts/utils/types/Time.sol
DA:26,0
FN:26,Time.timestamp
FNDA:0,Time.timestamp
DA:27,0
DA:33,0
FN:33,Time.blockNumber
FNDA:0,Time.blockNumber
DA:34,0
DA:66,0
FN:66,Time.toDelay
FNDA:0,Time.toDelay
DA:67,0
DA:74,0
FN:74,Time._getFullAt
FNDA:0,Time._getFullAt
DA:78,0
DA:79,0
DA:86,0
FN:86,Time.getFull
FNDA:0,Time.getFull
DA:87,0
DA:93,0
FN:93,Time.get
FNDA:0,Time.get
DA:94,0
DA:95,0
DA:103,0
FN:103,Time.withUpdate
FNDA:0,Time.withUpdate
DA:108,0
DA:109,0
DA:110,0
DA:111,0
DA:117,0
FN:117,Time.unpack
FNDA:0,Time.unpack
DA:118,0
DA:120,0
DA:121,0
DA:122,0
DA:124,0
DA:130,0
FN:130,Time.pack
FNDA:0,Time.pack
DA:131,0
FNF:9
FNH:0
LF:27
LH:0
BRF:0
BRH:0
end_of_record
TN:
SF:node_modules/@openzeppelin/contracts-upgradeable/access/AccessControlUpgradeable.sol
DA:68,0
FN:68,AccessControlUpgradeable._getAccessControlStorage
FNDA:0,AccessControlUpgradeable._getAccessControlStorage
DA:70,0
DA:78,0
FN:78,AccessControlUpgradeable.onlyRole
FNDA:0,AccessControlUpgradeable.onlyRole
DA:79,0
DA:83,0
FN:83,AccessControlUpgradeable.__AccessControl_init
FNDA:0,AccessControlUpgradeable.__AccessControl_init
DA:86,0
FN:86,AccessControlUpgradeable.__AccessControl_init_unchained
FNDA:0,AccessControlUpgradeable.__AccessControl_init_unchained
DA:89,0
FN:89,AccessControlUpgradeable.supportsInterface
FNDA:0,AccessControlUpgradeable.supportsInterface
DA:90,0
DA:96,0
FN:96,AccessControlUpgradeable.hasRole
FNDA:0,AccessControlUpgradeable.hasRole
DA:97,0
DA:98,0
DA:105,0
FN:105,AccessControlUpgradeable._checkRole.0
FNDA:0,AccessControlUpgradeable._checkRole.0
DA:106,0
DA:113,0
FN:113,AccessControlUpgradeable._checkRole.1
FNDA:0,AccessControlUpgradeable._checkRole.1
DA:114,0
BRDA:114,0,0,-
DA:115,0
DA:125,0
FN:125,AccessControlUpgradeable.getRoleAdmin
FNDA:0,AccessControlUpgradeable.getRoleAdmin
DA:126,0
DA:127,0
DA:142,0
FN:142,AccessControlUpgradeable.grantRole
FNDA:0,AccessControlUpgradeable.grantRole
DA:143,0
DA:157,0
FN:157,AccessControlUpgradeable.revokeRole
FNDA:0,AccessControlUpgradeable.revokeRole
DA:158,0
DA:177,0
FN:177,AccessControlUpgradeable.renounceRole
FNDA:0,AccessControlUpgradeable.renounceRole
DA:178,0
BRDA:178,1,0,-
DA:179,0
DA:182,0
DA:190,0
FN:190,AccessControlUpgradeable._setRoleAdmin
FNDA:0,AccessControlUpgradeable._setRoleAdmin
DA:191,0
DA:192,0
DA:193,0
DA:194,0
DA:204,0
FN:204,AccessControlUpgradeable._grantRole
FNDA:0,AccessControlUpgradeable._grantRole
DA:205,0
DA:206,0
BRDA:206,2,0,-
BRDA:206,2,1,-
DA:207,0
DA:208,0
DA:209,0
DA:211,0
DA:222,0
FN:222,AccessControlUpgradeable._revokeRole
FNDA:0,AccessControlUpgradeable._revokeRole
DA:223,0
DA:224,0
BRDA:224,3,0,-
BRDA:224,3,1,-
DA:225,0
DA:226,0
DA:227,0
DA:229,0
FNF:15
FNH:0
LF:46
LH:0
BRF:6
BRH:0
end_of_record
TN:
SF:node_modules/@openzeppelin/contracts-upgradeable/proxy/utils/Initializable.sol
DA:104,0
FN:104,Initializable.initializer
FNDA:0,Initializable.initializer
DA:106,0
DA:109,0
DA:110,0
DA:117,0
DA:118,0
DA:120,0
BRDA:120,0,0,-
DA:121,0
DA:123,0
DA:124,0
BRDA:124,1,0,-
DA:125,0
DA:128,0
BRDA:128,2,0,-
DA:129,0
DA:130,0
DA:152,0
FN:152,Initializable.reinitializer
FNDA:0,Initializable.reinitializer
DA:154,0
DA:156,0
BRDA:156,3,0,-
DA:157,0
DA:159,0
DA:160,0
DA:162,0
DA:163,0
DA:170,0
FN:170,Initializable.onlyInitializing
FNDA:0,Initializable.onlyInitializing
DA:171,0
DA:178,0
FN:178,Initializable._checkInitializing
FNDA:0,Initializable._checkInitializing
DA:179,0
BRDA:179,4,0,-
DA:180,0
DA:192,0
FN:192,Initializable._disableInitializers
FNDA:0,Initializable._disableInitializers
DA:194,0
DA:196,0
BRDA:196,5,0,-
DA:197,0
DA:199,0
BRDA:199,6,0,-
DA:200,0
DA:201,0
DA:208,0
FN:208,Initializable._getInitializedVersion
FNDA:0,Initializable._getInitializedVersion
DA:209,0
DA:215,0
FN:215,Initializable._isInitializing
FNDA:0,Initializable._isInitializing
DA:216,0
DA:224,0
FN:224,Initializable._initializableStorageSlot
FNDA:0,Initializable._initializableStorageSlot
DA:225,0
DA:232,0
FN:232,Initializable._getInitializableStorage
FNDA:0,Initializable._getInitializableStorage
DA:233,0
DA:235,0
FNF:9
FNH:0
LF:43
LH:0
BRF:7
BRH:0
end_of_record
TN:
SF:node_modules/@openzeppelin/contracts-upgradeable/utils/ContextUpgradeable.sol
DA:18,0
FN:18,ContextUpgradeable.__Context_init
FNDA:0,ContextUpgradeable.__Context_init
DA:21,0
FN:21,ContextUpgradeable.__Context_init_unchained
FNDA:0,ContextUpgradeable.__Context_init_unchained
DA:23,0
FN:23,ContextUpgradeable._msgSender
FNDA:0,ContextUpgradeable._msgSender
DA:24,0
DA:27,0
FN:27,ContextUpgradeable._msgData
FNDA:0,ContextUpgradeable._msgData
DA:28,0
DA:31,0
FN:31,ContextUpgradeable._contextSuffixLength
FNDA:0,ContextUpgradeable._contextSuffixLength
DA:32,0
FNF:5
FNH:0
LF:8
LH:0
BRF:0
BRH:0
end_of_record
TN:
SF:node_modules/@openzeppelin/contracts-upgradeable/utils/ReentrancyGuardUpgradeable.sol
DA:49,0
FN:49,ReentrancyGuardUpgradeable._getReentrancyGuardStorage
FNDA:0,ReentrancyGuardUpgradeable._getReentrancyGuardStorage
DA:51,0
DA:60,0
FN:60,ReentrancyGuardUpgradeable.__ReentrancyGuard_init
FNDA:0,ReentrancyGuardUpgradeable.__ReentrancyGuard_init
DA:61,0
DA:64,0
FN:64,ReentrancyGuardUpgradeable.__ReentrancyGuard_init_unchained
FNDA:0,ReentrancyGuardUpgradeable.__ReentrancyGuard_init_unchained
DA:65,0
DA:66,0
DA:76,0
FN:76,ReentrancyGuardUpgradeable.nonReentrant
FNDA:0,ReentrancyGuardUpgradeable.nonReentrant
DA:77,0
DA:79,0
DA:82,0
FN:82,ReentrancyGuardUpgradeable._nonReentrantBefore
FNDA:0,ReentrancyGuardUpgradeable._nonReentrantBefore
DA:83,0
DA:85,0
BRDA:85,0,0,-
DA:86,0
DA:90,0
DA:93,0
FN:93,ReentrancyGuardUpgradeable._nonReentrantAfter
FNDA:0,ReentrancyGuardUpgradeable._nonReentrantAfter
DA:94,0
DA:97,0
DA:104,0
FN:104,ReentrancyGuardUpgradeable._reentrancyGuardEntered
FNDA:0,ReentrancyGuardUpgradeable._reentrancyGuardEntered
DA:105,0
DA:106,0
FNF:7
FNH:0
LF:21
LH:0
BRF:1
BRH:0
end_of_record
TN:
SF:node_modules/@openzeppelin/contracts-upgradeable/utils/introspection/ERC165Upgradeable.sol
DA:22,0
FN:22,ERC165Upgradeable.__ERC165_init
FNDA:0,ERC165Upgradeable.__ERC165_init
DA:25,0
FN:25,ERC165Upgradeable.__ERC165_init_unchained
FNDA:0,ERC165Upgradeable.__ERC165_init_unchained
DA:28,0
FN:28,ERC165Upgradeable.supportsInterface
FNDA:0,ERC165Upgradeable.supportsInterface
DA:29,0
FNF:3
FNH:0
LF:4
LH:0
BRF:0
BRH:0
end_of_record
TN:
SF:test/foundry/governance/ModuleSwapPath.test.t.sol
DA:62,0
FN:62,ModuleSwapPathTest.setUp
FNDA:0,ModuleSwapPathTest.setUp
DA:63,0
DA:64,0
DA:65,0
DA:66,0
DA:67,0
DA:68,0
DA:69,0
DA:72,0
DA:73,0
DA:74,0
DA:75,0
DA:76,0
DA:79,0
DA:80,0
DA:83,0
DA:86,0
DA:87,0
DA:88,0
DA:91,0
DA:94,0
DA:95,0
DA:96,0
DA:97,0
DA:98,0
DA:101,0
DA:102,0
DA:103,0
DA:111,0
FN:111,ModuleSwapPathTest._swapResolutionModule
FNDA:0,ModuleSwapPathTest._swapResolutionModule
DA:112,0
DA:113,0
DA:114,0
DA:115,0
DA:116,0
DA:122,0
FN:122,ModuleSwapPathTest._setupDRv1
FNDA:0,ModuleSwapPathTest._setupDRv1
DA:124,0
DA:125,0
DA:126,0
DA:127,0
DA:128,0
DA:129,0
DA:132,0
DA:135,0
DA:140,0
DA:141,0
DA:142,0
DA:145,0
DA:146,0
DA:147,0
DA:148,0
DA:149,0
DA:150,0
DA:156,0
FN:156,ModuleSwapPathTest._createEscrow
FNDA:0,ModuleSwapPathTest._createEscrow
DA:157,0
DA:158,0
DA:159,0
DA:170,0
DA:171,0
FNF:4
FNH:0
LF:58
LH:0
BRF:0
BRH:0
end_of_record
TN:
SF:test/foundry/governance/SlowLaneQueueActivate.t.sol
DA:17,0
FN:17,SlowLaneHarness.queueAddress
FNDA:0,SlowLaneHarness.queueAddress
DA:18,0
DA:19,0
DA:22,0
FN:22,SlowLaneHarness.activateAddress
FNDA:0,SlowLaneHarness.activateAddress
DA:23,0
DA:24,0
DA:25,0
DA:28,0
FN:28,SlowLaneHarness.queueUint
FNDA:0,SlowLaneHarness.queueUint
DA:29,0
DA:30,0
DA:33,0
FN:33,SlowLaneHarness.activateUint
FNDA:0,SlowLaneHarness.activateUint
DA:34,0
DA:35,0
DA:36,0
DA:39,0
FN:39,SlowLaneHarness.getPendingAddr
FNDA:0,SlowLaneHarness.getPendingAddr
DA:40,0
DA:43,0
FN:43,SlowLaneHarness.getPendingU
FNDA:0,SlowLaneHarness.getPendingU
DA:44,0
FNF:6
FNH:0
LF:18
LH:0
BRF:0
BRH:0
end_of_record
TN:
SF:test/foundry/governance/SlowLaneQueueActivateUpgradeable.t.sol
DA:11,0
FN:11,SlowLaneUpgradeableHarness.queueAddress
FNDA:0,SlowLaneUpgradeableHarness.queueAddress
DA:12,0
DA:15,0
FN:15,SlowLaneUpgradeableHarness.activateAddress
FNDA:0,SlowLaneUpgradeableHarness.activateAddress
DA:16,0
DA:19,0
FN:19,SlowLaneUpgradeableHarness.queueUint
FNDA:0,SlowLaneUpgradeableHarness.queueUint
DA:20,0
DA:23,0
FN:23,SlowLaneUpgradeableHarness.activateUint
FNDA:0,SlowLaneUpgradeableHarness.activateUint
DA:24,0
DA:27,0
FN:27,SlowLaneUpgradeableHarness.getPendingAddr
FNDA:0,SlowLaneUpgradeableHarness.getPendingAddr
DA:28,0
DA:31,0
FN:31,SlowLaneUpgradeableHarness.getPendingU
FNDA:0,SlowLaneUpgradeableHarness.getPendingU
DA:32,0
FNF:6
FNH:0
LF:12
LH:0
BRF:0
BRH:0
end_of_record
TN:
SF:test/foundry/modules/EvidenceModuleV1.t.sol
DA:503,0
FN:503,MockEscrowContract.setEscrowData
FNDA:0,MockEscrowContract.setEscrowData
DA:504,0
DA:507,0
FN:507,MockEscrowContract.setEscrowState
FNDA:0,MockEscrowContract.setEscrowState
DA:508,0
DA:513,0
FN:513,MockRevertingResolutionModule.getDisputeResolver
FNDA:0,MockRevertingResolutionModule.getDisputeResolver
DA:514,0
FNF:3
FNH:0
LF:6
LH:0
BRF:0
BRH:0
end_of_record
TN:
SF:test/foundry/registry/ModuleRegistry.t.sol
DA:220,0
FN:220,MockGenRegModule.supportsInterface.0
FNDA:0,MockGenRegModule.supportsInterface.0
DA:221,0
DA:226,0
FN:226,MockDistRegModule.supportsInterface.1
FNDA:0,MockDistRegModule.supportsInterface.1
DA:227,0
DA:232,0
FN:232,MockResRegModule.supportsInterface.2
FNDA:0,MockResRegModule.supportsInterface.2
DA:233,0
DA:238,0
FN:238,MockInvalidModule.supportsInterface.3
FNDA:0,MockInvalidModule.supportsInterface.3
DA:239,0
FNF:4
FNH:0
LF:8
LH:0
BRF:0
BRH:0
end_of_record
